<!DOCTYPE html PUBLIC "-//W3C//DTD XHTML 1.1//EN" "http://www.w3.org/TR/xhtml11/DTD/xhtml11.dtd">
<html xmlns="http://www.w3.org/1999/xhtml"><head><title>TestNG Report</title><style type="text/css">table {margin-bottom:10px;border-collapse:collapse;empty-cells:show}th,td {border:1px solid #009;padding:.25em .5em}th {vertical-align:bottom}td {vertical-align:top}table a {font-weight:bold}.stripe td {background-color: #E6EBF9}.num {text-align:right}.passedodd td {background-color: #3F3}.passedeven td {background-color: #0A0}.skippedodd td {background-color: #DDD}.skippedeven td {background-color: #CCC}.failedodd td,.attn {background-color: #F33}.failedeven td,.stripe .attn {background-color: #D00}.stacktrace {white-space:pre;font-family:monospace}.totop {font-size:85%;text-align:center;border-bottom:2px solid #000}</style></head><body><table><tr><th>Test</th><th># Passed</th><th># Skipped</th><th># Failed</th><th>Time (ms)</th><th>Included Groups</th><th>Excluded Groups</th></tr><tr><th colspan="7">Default suite</th></tr><tr><td><a href="#t0">Default test</a></td><td class="num">34</td><td class="num">0</td><td class="num attn">6</td><td class="num">1,236,533</td><td></td><td></td></tr></table><table id='summary'><thead><tr><th>Class</th><th>Method</th><th>Start</th><th>Time (ms)</th></tr></thead><tbody><tr><th colspan="4">Default suite</th></tr></tbody><tbody id="t0"><tr><th colspan="4">Default test &#8212; failed</th></tr><tr class="failedeven"><td rowspan="6">com.capability.qa.testcases.AddQuestionsPageTest</td><td><a href="#m0">addQuestions</a></td><td rowspan="6">1574250471783</td><td rowspan="6">30696</td></tr><tr class="failedeven"><td><a href="#m1">addQuestions</a></td></tr><tr class="failedeven"><td><a href="#m2">addQuestions</a></td></tr><tr class="failedeven"><td><a href="#m3">addQuestions</a></td></tr><tr class="failedeven"><td><a href="#m4">addQuestions</a></td></tr><tr class="failedeven"><td><a href="#m5">addQuestions</a></td></tr><tr><th colspan="4">Default test &#8212; passed</th></tr><tr class="passedeven"><td rowspan="34">com.capability.qa.testcases.AddQuestionsPageTest</td><td><a href="#m6">addQuestions</a></td><td rowspan="34">1574250664852</td><td rowspan="34">1843</td></tr><tr class="passedeven"><td><a href="#m7">addQuestions</a></td></tr><tr class="passedeven"><td><a href="#m8">addQuestions</a></td></tr><tr class="passedeven"><td><a href="#m9">addQuestions</a></td></tr><tr class="passedeven"><td><a href="#m10">addQuestions</a></td></tr><tr class="passedeven"><td><a href="#m11">addQuestions</a></td></tr><tr class="passedeven"><td><a href="#m12">addQuestions</a></td></tr><tr class="passedeven"><td><a href="#m13">addQuestions</a></td></tr><tr class="passedeven"><td><a href="#m14">addQuestions</a></td></tr><tr class="passedeven"><td><a href="#m15">addQuestions</a></td></tr><tr class="passedeven"><td><a href="#m16">addQuestions</a></td></tr><tr class="passedeven"><td><a href="#m17">addQuestions</a></td></tr><tr class="passedeven"><td><a href="#m18">addQuestions</a></td></tr><tr class="passedeven"><td><a href="#m19">addQuestions</a></td></tr><tr class="passedeven"><td><a href="#m20">addQuestions</a></td></tr><tr class="passedeven"><td><a href="#m21">addQuestions</a></td></tr><tr class="passedeven"><td><a href="#m22">addQuestions</a></td></tr><tr class="passedeven"><td><a href="#m23">addQuestions</a></td></tr><tr class="passedeven"><td><a href="#m24">addQuestions</a></td></tr><tr class="passedeven"><td><a href="#m25">addQuestions</a></td></tr><tr class="passedeven"><td><a href="#m26">addQuestions</a></td></tr><tr class="passedeven"><td><a href="#m27">addQuestions</a></td></tr><tr class="passedeven"><td><a href="#m28">addQuestions</a></td></tr><tr class="passedeven"><td><a href="#m29">addQuestions</a></td></tr><tr class="passedeven"><td><a href="#m30">addQuestions</a></td></tr><tr class="passedeven"><td><a href="#m31">addQuestions</a></td></tr><tr class="passedeven"><td><a href="#m32">addQuestions</a></td></tr><tr class="passedeven"><td><a href="#m33">addQuestions</a></td></tr><tr class="passedeven"><td><a href="#m34">addQuestions</a></td></tr><tr class="passedeven"><td><a href="#m35">addQuestions</a></td></tr><tr class="passedeven"><td><a href="#m36">addQuestions</a></td></tr><tr class="passedeven"><td><a href="#m37">addQuestions</a></td></tr><tr class="passedeven"><td><a href="#m38">addQuestions</a></td></tr><tr class="passedeven"><td><a href="#m39">addQuestions</a></td></tr></tbody></table><h2>Default test</h2><h3 id="m0">com.capability.qa.testcases.AddQuestionsPageTest#addQuestions</h3><table class="result"><tr class="param"><th>Parameter #1</th><th>Parameter #2</th><th>Parameter #3</th><th>Parameter #4</th><th>Parameter #5</th><th>Parameter #6</th><th>Parameter #7</th><th>Parameter #8</th><th>Parameter #9</th><th>Parameter #10</th><th>Parameter #11</th><th>Parameter #12</th><th>Parameter #13</th></tr><tr class="param stripe"><td>Unix/Linux</td><td>Simple</td><td>Single Choice Question</td><td>No Chapters Added yet</td><td>Which command is used to display the operating system name</td><td>OS</td><td>UNIX</td><td>kernel</td><td>uname</td><td>no</td><td>no</td><td>no</td><td>yes</td></tr><tr><th colspan="13">Exception</th></tr><tr><td colspan="13"><div class="stacktrace">org.openqa.selenium.NoSuchElementException: Cannot locate element with text: No Chapters Added yet
For documentation on this error, please visit: http://seleniumhq.org/exceptions/no_such_element.html
Build info: version: &apos;3.14.0&apos;, revision: &apos;aacccce0&apos;, time: &apos;2018-08-02T20:19:58.91Z&apos;
System info: host: &apos;DESKTOP-KU23G2B&apos;, ip: &apos;192.168.1.106&apos;, os.name: &apos;Windows 10&apos;, os.arch: &apos;amd64&apos;, os.version: &apos;10.0&apos;, java.version: &apos;1.8.0_202&apos;
Driver info: driver.version: unknown
	at org.openqa.selenium.support.ui.Select.selectByVisibleText(Select.java:151)
	at com.capability.qa.Pages.AddQuestionsPage.selectChapterDropDown(AddQuestionsPage.java:100)
	at com.capability.qa.testcases.AddQuestionsPageTest.addQuestions(AddQuestionsPageTest.java:73)
	at sun.reflect.GeneratedMethodAccessor21.invoke(Unknown Source)
	at sun.reflect.DelegatingMethodAccessorImpl.invoke(Unknown Source)
	at java.lang.reflect.Method.invoke(Unknown Source)
	at org.testng.internal.MethodInvocationHelper.invokeMethod(MethodInvocationHelper.java:108)
	at org.testng.internal.Invoker.invokeMethod(Invoker.java:661)
	at org.testng.internal.Invoker.invokeTestMethod(Invoker.java:869)
	at org.testng.internal.Invoker.invokeTestMethods(Invoker.java:1193)
	at org.testng.internal.TestMethodWorker.invokeTestMethods(TestMethodWorker.java:126)
	at org.testng.internal.TestMethodWorker.run(TestMethodWorker.java:109)
	at org.testng.TestRunner.privateRun(TestRunner.java:744)
	at org.testng.TestRunner.run(TestRunner.java:602)
	at org.testng.SuiteRunner.runTest(SuiteRunner.java:380)
	at org.testng.SuiteRunner.runSequentially(SuiteRunner.java:375)
	at org.testng.SuiteRunner.privateRun(SuiteRunner.java:340)
	at org.testng.SuiteRunner.run(SuiteRunner.java:289)
	at org.testng.SuiteRunnerWorker.runSuite(SuiteRunnerWorker.java:52)
	at org.testng.SuiteRunnerWorker.run(SuiteRunnerWorker.java:86)
	at org.testng.TestNG.runSuitesSequentially(TestNG.java:1301)
	at org.testng.TestNG.runSuitesLocally(TestNG.java:1226)
	at org.testng.TestNG.runSuites(TestNG.java:1144)
	at org.testng.TestNG.run(TestNG.java:1115)
	at org.testng.remote.AbstractRemoteTestNG.run(AbstractRemoteTestNG.java:114)
	at org.testng.remote.RemoteTestNG.initAndRun(RemoteTestNG.java:251)
	at org.testng.remote.RemoteTestNG.main(RemoteTestNG.java:77)
</div></td></tr></table><p class="totop"><a href="#summary">back to summary</a></p><h3 id="m1">com.capability.qa.testcases.AddQuestionsPageTest#addQuestions</h3><table class="result"><tr class="param"><th>Parameter #1</th><th>Parameter #2</th><th>Parameter #3</th><th>Parameter #4</th><th>Parameter #5</th><th>Parameter #6</th><th>Parameter #7</th><th>Parameter #8</th><th>Parameter #9</th><th>Parameter #10</th><th>Parameter #11</th><th>Parameter #12</th><th>Parameter #13</th></tr><tr class="param stripe"><td>JavaScript</td><td>Complex</td><td>Multiple Choice Question</td><td>No Chapters Added yet</td><td>JavaScript is can be written</td><td>directly on the Server Script</td><td>None of these</td><td>directly into JS file and included into HTML</td><td>directly into HTML pages</td><td>no</td><td>no</td><td>yes</td><td>yes</td></tr><tr><th colspan="13">Exception</th></tr><tr><td colspan="13"><div class="stacktrace">org.openqa.selenium.NoSuchElementException: Cannot locate element with text: No Chapters Added yet
For documentation on this error, please visit: http://seleniumhq.org/exceptions/no_such_element.html
Build info: version: &apos;3.14.0&apos;, revision: &apos;aacccce0&apos;, time: &apos;2018-08-02T20:19:58.91Z&apos;
System info: host: &apos;DESKTOP-KU23G2B&apos;, ip: &apos;192.168.1.106&apos;, os.name: &apos;Windows 10&apos;, os.arch: &apos;amd64&apos;, os.version: &apos;10.0&apos;, java.version: &apos;1.8.0_202&apos;
Driver info: driver.version: unknown
	at org.openqa.selenium.support.ui.Select.selectByVisibleText(Select.java:151)
	at com.capability.qa.Pages.AddQuestionsPage.selectChapterDropDown(AddQuestionsPage.java:100)
	at com.capability.qa.testcases.AddQuestionsPageTest.addQuestions(AddQuestionsPageTest.java:73)
	at sun.reflect.NativeMethodAccessorImpl.invoke0(Native Method)
	at sun.reflect.NativeMethodAccessorImpl.invoke(Unknown Source)
	at sun.reflect.DelegatingMethodAccessorImpl.invoke(Unknown Source)
	at java.lang.reflect.Method.invoke(Unknown Source)
	at org.testng.internal.MethodInvocationHelper.invokeMethod(MethodInvocationHelper.java:108)
	at org.testng.internal.Invoker.invokeMethod(Invoker.java:661)
	at org.testng.internal.Invoker.invokeTestMethod(Invoker.java:869)
	at org.testng.internal.Invoker.invokeTestMethods(Invoker.java:1193)
	at org.testng.internal.TestMethodWorker.invokeTestMethods(TestMethodWorker.java:126)
	at org.testng.internal.TestMethodWorker.run(TestMethodWorker.java:109)
	at org.testng.TestRunner.privateRun(TestRunner.java:744)
	at org.testng.TestRunner.run(TestRunner.java:602)
	at org.testng.SuiteRunner.runTest(SuiteRunner.java:380)
	at org.testng.SuiteRunner.runSequentially(SuiteRunner.java:375)
	at org.testng.SuiteRunner.privateRun(SuiteRunner.java:340)
	at org.testng.SuiteRunner.run(SuiteRunner.java:289)
	at org.testng.SuiteRunnerWorker.runSuite(SuiteRunnerWorker.java:52)
	at org.testng.SuiteRunnerWorker.run(SuiteRunnerWorker.java:86)
	at org.testng.TestNG.runSuitesSequentially(TestNG.java:1301)
	at org.testng.TestNG.runSuitesLocally(TestNG.java:1226)
	at org.testng.TestNG.runSuites(TestNG.java:1144)
	at org.testng.TestNG.run(TestNG.java:1115)
	at org.testng.remote.AbstractRemoteTestNG.run(AbstractRemoteTestNG.java:114)
	at org.testng.remote.RemoteTestNG.initAndRun(RemoteTestNG.java:251)
	at org.testng.remote.RemoteTestNG.main(RemoteTestNG.java:77)
</div></td></tr></table><p class="totop"><a href="#summary">back to summary</a></p><h3 id="m2">com.capability.qa.testcases.AddQuestionsPageTest#addQuestions</h3><table class="result"><tr class="param"><th>Parameter #1</th><th>Parameter #2</th><th>Parameter #3</th><th>Parameter #4</th><th>Parameter #5</th><th>Parameter #6</th><th>Parameter #7</th><th>Parameter #8</th><th>Parameter #9</th><th>Parameter #10</th><th>Parameter #11</th><th>Parameter #12</th><th>Parameter #13</th></tr><tr class="param stripe"><td>Unix/Linux</td><td>Intermediate</td><td>Single Choice Question</td><td>No Chapters Added yet</td><td>Which command is used to display the unix version</td><td>uname -r</td><td>uname -n</td><td>uname -t</td><td>kernel</td><td>yes</td><td>no</td><td>no</td><td>no</td></tr><tr><th colspan="13">Exception</th></tr><tr><td colspan="13"><div class="stacktrace">org.openqa.selenium.NoSuchElementException: Cannot locate element with text: No Chapters Added yet
For documentation on this error, please visit: http://seleniumhq.org/exceptions/no_such_element.html
Build info: version: &apos;3.14.0&apos;, revision: &apos;aacccce0&apos;, time: &apos;2018-08-02T20:19:58.91Z&apos;
System info: host: &apos;DESKTOP-KU23G2B&apos;, ip: &apos;192.168.1.106&apos;, os.name: &apos;Windows 10&apos;, os.arch: &apos;amd64&apos;, os.version: &apos;10.0&apos;, java.version: &apos;1.8.0_202&apos;
Driver info: driver.version: unknown
	at org.openqa.selenium.support.ui.Select.selectByVisibleText(Select.java:151)
	at com.capability.qa.Pages.AddQuestionsPage.selectChapterDropDown(AddQuestionsPage.java:100)
	at com.capability.qa.testcases.AddQuestionsPageTest.addQuestions(AddQuestionsPageTest.java:73)
	at sun.reflect.GeneratedMethodAccessor21.invoke(Unknown Source)
	at sun.reflect.DelegatingMethodAccessorImpl.invoke(Unknown Source)
	at java.lang.reflect.Method.invoke(Unknown Source)
	at org.testng.internal.MethodInvocationHelper.invokeMethod(MethodInvocationHelper.java:108)
	at org.testng.internal.Invoker.invokeMethod(Invoker.java:661)
	at org.testng.internal.Invoker.invokeTestMethod(Invoker.java:869)
	at org.testng.internal.Invoker.invokeTestMethods(Invoker.java:1193)
	at org.testng.internal.TestMethodWorker.invokeTestMethods(TestMethodWorker.java:126)
	at org.testng.internal.TestMethodWorker.run(TestMethodWorker.java:109)
	at org.testng.TestRunner.privateRun(TestRunner.java:744)
	at org.testng.TestRunner.run(TestRunner.java:602)
	at org.testng.SuiteRunner.runTest(SuiteRunner.java:380)
	at org.testng.SuiteRunner.runSequentially(SuiteRunner.java:375)
	at org.testng.SuiteRunner.privateRun(SuiteRunner.java:340)
	at org.testng.SuiteRunner.run(SuiteRunner.java:289)
	at org.testng.SuiteRunnerWorker.runSuite(SuiteRunnerWorker.java:52)
	at org.testng.SuiteRunnerWorker.run(SuiteRunnerWorker.java:86)
	at org.testng.TestNG.runSuitesSequentially(TestNG.java:1301)
	at org.testng.TestNG.runSuitesLocally(TestNG.java:1226)
	at org.testng.TestNG.runSuites(TestNG.java:1144)
	at org.testng.TestNG.run(TestNG.java:1115)
	at org.testng.remote.AbstractRemoteTestNG.run(AbstractRemoteTestNG.java:114)
	at org.testng.remote.RemoteTestNG.initAndRun(RemoteTestNG.java:251)
	at org.testng.remote.RemoteTestNG.main(RemoteTestNG.java:77)
</div></td></tr></table><p class="totop"><a href="#summary">back to summary</a></p><h3 id="m3">com.capability.qa.testcases.AddQuestionsPageTest#addQuestions</h3><table class="result"><tr class="param"><th>Parameter #1</th><th>Parameter #2</th><th>Parameter #3</th><th>Parameter #4</th><th>Parameter #5</th><th>Parameter #6</th><th>Parameter #7</th><th>Parameter #8</th><th>Parameter #9</th><th>Parameter #10</th><th>Parameter #11</th><th>Parameter #12</th><th>Parameter #13</th></tr><tr class="param stripe"><td>JavaScript</td><td>Intermediate</td><td>Single Choice Question</td><td>No Chapters Added yet</td><td>JavaScript is designed for following purpose</td><td>To Perform Server Side Scripting Opertion</td><td>To add interactivity to HTML Pages</td><td>To Execute Query Related to DB on Server</td><td>To Style HTML Pages</td><td>no</td><td>yes</td><td>no</td><td>no</td></tr><tr><th colspan="13">Exception</th></tr><tr><td colspan="13"><div class="stacktrace">org.openqa.selenium.NoSuchElementException: Cannot locate element with text: No Chapters Added yet
For documentation on this error, please visit: http://seleniumhq.org/exceptions/no_such_element.html
Build info: version: &apos;3.14.0&apos;, revision: &apos;aacccce0&apos;, time: &apos;2018-08-02T20:19:58.91Z&apos;
System info: host: &apos;DESKTOP-KU23G2B&apos;, ip: &apos;192.168.1.106&apos;, os.name: &apos;Windows 10&apos;, os.arch: &apos;amd64&apos;, os.version: &apos;10.0&apos;, java.version: &apos;1.8.0_202&apos;
Driver info: driver.version: unknown
	at org.openqa.selenium.support.ui.Select.selectByVisibleText(Select.java:151)
	at com.capability.qa.Pages.AddQuestionsPage.selectChapterDropDown(AddQuestionsPage.java:100)
	at com.capability.qa.testcases.AddQuestionsPageTest.addQuestions(AddQuestionsPageTest.java:73)
	at sun.reflect.NativeMethodAccessorImpl.invoke0(Native Method)
	at sun.reflect.NativeMethodAccessorImpl.invoke(Unknown Source)
	at sun.reflect.DelegatingMethodAccessorImpl.invoke(Unknown Source)
	at java.lang.reflect.Method.invoke(Unknown Source)
	at org.testng.internal.MethodInvocationHelper.invokeMethod(MethodInvocationHelper.java:108)
	at org.testng.internal.Invoker.invokeMethod(Invoker.java:661)
	at org.testng.internal.Invoker.invokeTestMethod(Invoker.java:869)
	at org.testng.internal.Invoker.invokeTestMethods(Invoker.java:1193)
	at org.testng.internal.TestMethodWorker.invokeTestMethods(TestMethodWorker.java:126)
	at org.testng.internal.TestMethodWorker.run(TestMethodWorker.java:109)
	at org.testng.TestRunner.privateRun(TestRunner.java:744)
	at org.testng.TestRunner.run(TestRunner.java:602)
	at org.testng.SuiteRunner.runTest(SuiteRunner.java:380)
	at org.testng.SuiteRunner.runSequentially(SuiteRunner.java:375)
	at org.testng.SuiteRunner.privateRun(SuiteRunner.java:340)
	at org.testng.SuiteRunner.run(SuiteRunner.java:289)
	at org.testng.SuiteRunnerWorker.runSuite(SuiteRunnerWorker.java:52)
	at org.testng.SuiteRunnerWorker.run(SuiteRunnerWorker.java:86)
	at org.testng.TestNG.runSuitesSequentially(TestNG.java:1301)
	at org.testng.TestNG.runSuitesLocally(TestNG.java:1226)
	at org.testng.TestNG.runSuites(TestNG.java:1144)
	at org.testng.TestNG.run(TestNG.java:1115)
	at org.testng.remote.AbstractRemoteTestNG.run(AbstractRemoteTestNG.java:114)
	at org.testng.remote.RemoteTestNG.initAndRun(RemoteTestNG.java:251)
	at org.testng.remote.RemoteTestNG.main(RemoteTestNG.java:77)
</div></td></tr></table><p class="totop"><a href="#summary">back to summary</a></p><h3 id="m4">com.capability.qa.testcases.AddQuestionsPageTest#addQuestions</h3><table class="result"><tr class="param"><th>Parameter #1</th><th>Parameter #2</th><th>Parameter #3</th><th>Parameter #4</th><th>Parameter #5</th><th>Parameter #6</th><th>Parameter #7</th><th>Parameter #8</th><th>Parameter #9</th><th>Parameter #10</th><th>Parameter #11</th><th>Parameter #12</th><th>Parameter #13</th></tr><tr class="param stripe"><td>JavaScript</td><td>Simple</td><td>Single Choice Question</td><td>No Chapters Added yet</td><td>Javascript is _________ language.</td><td>Application</td><td>Programming</td><td>None of These</td><td>Scripting</td><td>no</td><td>no</td><td>no</td><td>yes</td></tr><tr><th colspan="13">Exception</th></tr><tr><td colspan="13"><div class="stacktrace">org.openqa.selenium.NoSuchElementException: Cannot locate element with text: No Chapters Added yet
For documentation on this error, please visit: http://seleniumhq.org/exceptions/no_such_element.html
Build info: version: &apos;3.14.0&apos;, revision: &apos;aacccce0&apos;, time: &apos;2018-08-02T20:19:58.91Z&apos;
System info: host: &apos;DESKTOP-KU23G2B&apos;, ip: &apos;192.168.1.106&apos;, os.name: &apos;Windows 10&apos;, os.arch: &apos;amd64&apos;, os.version: &apos;10.0&apos;, java.version: &apos;1.8.0_202&apos;
Driver info: driver.version: unknown
	at org.openqa.selenium.support.ui.Select.selectByVisibleText(Select.java:151)
	at com.capability.qa.Pages.AddQuestionsPage.selectChapterDropDown(AddQuestionsPage.java:100)
	at com.capability.qa.testcases.AddQuestionsPageTest.addQuestions(AddQuestionsPageTest.java:73)
	at sun.reflect.NativeMethodAccessorImpl.invoke0(Native Method)
	at sun.reflect.NativeMethodAccessorImpl.invoke(Unknown Source)
	at sun.reflect.DelegatingMethodAccessorImpl.invoke(Unknown Source)
	at java.lang.reflect.Method.invoke(Unknown Source)
	at org.testng.internal.MethodInvocationHelper.invokeMethod(MethodInvocationHelper.java:108)
	at org.testng.internal.Invoker.invokeMethod(Invoker.java:661)
	at org.testng.internal.Invoker.invokeTestMethod(Invoker.java:869)
	at org.testng.internal.Invoker.invokeTestMethods(Invoker.java:1193)
	at org.testng.internal.TestMethodWorker.invokeTestMethods(TestMethodWorker.java:126)
	at org.testng.internal.TestMethodWorker.run(TestMethodWorker.java:109)
	at org.testng.TestRunner.privateRun(TestRunner.java:744)
	at org.testng.TestRunner.run(TestRunner.java:602)
	at org.testng.SuiteRunner.runTest(SuiteRunner.java:380)
	at org.testng.SuiteRunner.runSequentially(SuiteRunner.java:375)
	at org.testng.SuiteRunner.privateRun(SuiteRunner.java:340)
	at org.testng.SuiteRunner.run(SuiteRunner.java:289)
	at org.testng.SuiteRunnerWorker.runSuite(SuiteRunnerWorker.java:52)
	at org.testng.SuiteRunnerWorker.run(SuiteRunnerWorker.java:86)
	at org.testng.TestNG.runSuitesSequentially(TestNG.java:1301)
	at org.testng.TestNG.runSuitesLocally(TestNG.java:1226)
	at org.testng.TestNG.runSuites(TestNG.java:1144)
	at org.testng.TestNG.run(TestNG.java:1115)
	at org.testng.remote.AbstractRemoteTestNG.run(AbstractRemoteTestNG.java:114)
	at org.testng.remote.RemoteTestNG.initAndRun(RemoteTestNG.java:251)
	at org.testng.remote.RemoteTestNG.main(RemoteTestNG.java:77)
</div></td></tr></table><p class="totop"><a href="#summary">back to summary</a></p><h3 id="m5">com.capability.qa.testcases.AddQuestionsPageTest#addQuestions</h3><table class="result"><tr class="param"><th>Parameter #1</th><th>Parameter #2</th><th>Parameter #3</th><th>Parameter #4</th><th>Parameter #5</th><th>Parameter #6</th><th>Parameter #7</th><th>Parameter #8</th><th>Parameter #9</th><th>Parameter #10</th><th>Parameter #11</th><th>Parameter #12</th><th>Parameter #13</th></tr><tr class="param stripe"><td>Unix/Linux</td><td>Complex</td><td>Multiple Choice Question</td><td>No Chapters Added yet</td><td>Which option of ls not command used to view file inode number</td><td>command –l</td><td>command -o</td><td>command –a</td><td>command –i</td><td>yes</td><td>yes</td><td>yes</td><td>no</td></tr><tr><th colspan="13">Exception</th></tr><tr><td colspan="13"><div class="stacktrace">org.openqa.selenium.NoSuchElementException: Cannot locate element with text: No Chapters Added yet
For documentation on this error, please visit: http://seleniumhq.org/exceptions/no_such_element.html
Build info: version: &apos;3.14.0&apos;, revision: &apos;aacccce0&apos;, time: &apos;2018-08-02T20:19:58.91Z&apos;
System info: host: &apos;DESKTOP-KU23G2B&apos;, ip: &apos;192.168.1.106&apos;, os.name: &apos;Windows 10&apos;, os.arch: &apos;amd64&apos;, os.version: &apos;10.0&apos;, java.version: &apos;1.8.0_202&apos;
Driver info: driver.version: unknown
	at org.openqa.selenium.support.ui.Select.selectByVisibleText(Select.java:151)
	at com.capability.qa.Pages.AddQuestionsPage.selectChapterDropDown(AddQuestionsPage.java:100)
	at com.capability.qa.testcases.AddQuestionsPageTest.addQuestions(AddQuestionsPageTest.java:73)
	at sun.reflect.GeneratedMethodAccessor21.invoke(Unknown Source)
	at sun.reflect.DelegatingMethodAccessorImpl.invoke(Unknown Source)
	at java.lang.reflect.Method.invoke(Unknown Source)
	at org.testng.internal.MethodInvocationHelper.invokeMethod(MethodInvocationHelper.java:108)
	at org.testng.internal.Invoker.invokeMethod(Invoker.java:661)
	at org.testng.internal.Invoker.invokeTestMethod(Invoker.java:869)
	at org.testng.internal.Invoker.invokeTestMethods(Invoker.java:1193)
	at org.testng.internal.TestMethodWorker.invokeTestMethods(TestMethodWorker.java:126)
	at org.testng.internal.TestMethodWorker.run(TestMethodWorker.java:109)
	at org.testng.TestRunner.privateRun(TestRunner.java:744)
	at org.testng.TestRunner.run(TestRunner.java:602)
	at org.testng.SuiteRunner.runTest(SuiteRunner.java:380)
	at org.testng.SuiteRunner.runSequentially(SuiteRunner.java:375)
	at org.testng.SuiteRunner.privateRun(SuiteRunner.java:340)
	at org.testng.SuiteRunner.run(SuiteRunner.java:289)
	at org.testng.SuiteRunnerWorker.runSuite(SuiteRunnerWorker.java:52)
	at org.testng.SuiteRunnerWorker.run(SuiteRunnerWorker.java:86)
	at org.testng.TestNG.runSuitesSequentially(TestNG.java:1301)
	at org.testng.TestNG.runSuitesLocally(TestNG.java:1226)
	at org.testng.TestNG.runSuites(TestNG.java:1144)
	at org.testng.TestNG.run(TestNG.java:1115)
	at org.testng.remote.AbstractRemoteTestNG.run(AbstractRemoteTestNG.java:114)
	at org.testng.remote.RemoteTestNG.initAndRun(RemoteTestNG.java:251)
	at org.testng.remote.RemoteTestNG.main(RemoteTestNG.java:77)
</div></td></tr></table><p class="totop"><a href="#summary">back to summary</a></p><h3 id="m6">com.capability.qa.testcases.AddQuestionsPageTest#addQuestions</h3><table class="result"><tr class="param"><th>Parameter #1</th><th>Parameter #2</th><th>Parameter #3</th><th>Parameter #4</th><th>Parameter #5</th><th>Parameter #6</th><th>Parameter #7</th><th>Parameter #8</th><th>Parameter #9</th><th>Parameter #10</th><th>Parameter #11</th><th>Parameter #12</th><th>Parameter #13</th></tr><tr class="param stripe"><td>POWER BI</td><td>Intermediate</td><td>Single Choice Question</td><td>Data Sources</td><td>Power BI DAX context style is_______?</td><td>Row Context</td><td>Filter Context</td><td>Both Row and Filter Context</td><td>None Of these</td><td>yes</td><td>no</td><td>no</td><td>no</td></tr></table><p class="totop"><a href="#summary">back to summary</a></p><h3 id="m7">com.capability.qa.testcases.AddQuestionsPageTest#addQuestions</h3><table class="result"><tr class="param"><th>Parameter #1</th><th>Parameter #2</th><th>Parameter #3</th><th>Parameter #4</th><th>Parameter #5</th><th>Parameter #6</th><th>Parameter #7</th><th>Parameter #8</th><th>Parameter #9</th><th>Parameter #10</th><th>Parameter #11</th><th>Parameter #12</th><th>Parameter #13</th></tr><tr class="param stripe"><td>Oracle SQL</td><td>Intermediate</td><td>Single Choice Question</td><td>SQL Functions</td><td>In SQL, which command is used to SELECT only one copy of each set of duplicable rows</td><td>SELECT DISTINCT</td><td>SELECT UNIQUE</td><td>SELECT DIFFERENT</td><td>All of the Mentioned</td><td>yes</td><td>no</td><td>no</td><td>no</td></tr></table><p class="totop"><a href="#summary">back to summary</a></p><h3 id="m8">com.capability.qa.testcases.AddQuestionsPageTest#addQuestions</h3><table class="result"><tr class="param"><th>Parameter #1</th><th>Parameter #2</th><th>Parameter #3</th><th>Parameter #4</th><th>Parameter #5</th><th>Parameter #6</th><th>Parameter #7</th><th>Parameter #8</th><th>Parameter #9</th><th>Parameter #10</th><th>Parameter #11</th><th>Parameter #12</th><th>Parameter #13</th></tr><tr class="param stripe"><td>ReactJS</td><td>Intermediate</td><td>Single Choice Question</td><td>No Chapters Added yet</td><td>What are the limitations of ReactJS?</td><td>React is only for view layer of the app so we still need the help of other technologies to get a complete tooling set for development</td><td>React is using inline templating and JSX. This can seem awkward to some developers</td><td>The library of react is too large</td><td>All Of These</td><td>no</td><td>no</td><td>no</td><td>yes</td></tr></table><p class="totop"><a href="#summary">back to summary</a></p><h3 id="m9">com.capability.qa.testcases.AddQuestionsPageTest#addQuestions</h3><table class="result"><tr class="param"><th>Parameter #1</th><th>Parameter #2</th><th>Parameter #3</th><th>Parameter #4</th><th>Parameter #5</th><th>Parameter #6</th><th>Parameter #7</th><th>Parameter #8</th><th>Parameter #9</th><th>Parameter #10</th><th>Parameter #11</th><th>Parameter #12</th><th>Parameter #13</th></tr><tr class="param stripe"><td>DW Concepts</td><td>Intermediate</td><td>Single Choice Question</td><td>Introduction of Data Warehouse</td><td>A snowflake schema is which of the following types of tables?</td><td>Fact</td><td>Dimensions</td><td>Helper</td><td>All Of These</td><td>no</td><td>no</td><td>no</td><td>yes</td></tr></table><p class="totop"><a href="#summary">back to summary</a></p><h3 id="m10">com.capability.qa.testcases.AddQuestionsPageTest#addQuestions</h3><table class="result"><tr class="param"><th>Parameter #1</th><th>Parameter #2</th><th>Parameter #3</th><th>Parameter #4</th><th>Parameter #5</th><th>Parameter #6</th><th>Parameter #7</th><th>Parameter #8</th><th>Parameter #9</th><th>Parameter #10</th><th>Parameter #11</th><th>Parameter #12</th><th>Parameter #13</th></tr><tr class="param stripe"><td>JAVA</td><td>Complex</td><td>Single Choice Question</td><td>Inheritance</td><td>How many reserved keywords are currently defined in the Java language?</td><td>48.0</td><td>49.0</td><td>50.0</td><td>47.0</td><td>no</td><td>yes</td><td>no</td><td>yes</td></tr></table><p class="totop"><a href="#summary">back to summary</a></p><h3 id="m11">com.capability.qa.testcases.AddQuestionsPageTest#addQuestions</h3><table class="result"><tr class="param"><th>Parameter #1</th><th>Parameter #2</th><th>Parameter #3</th><th>Parameter #4</th><th>Parameter #5</th><th>Parameter #6</th><th>Parameter #7</th><th>Parameter #8</th><th>Parameter #9</th><th>Parameter #10</th><th>Parameter #11</th><th>Parameter #12</th><th>Parameter #13</th></tr><tr class="param stripe"><td>POWER BI</td><td>Complex</td><td>Multiple Choice Question</td><td>Data Sources</td><td>Which language(s) can&apos;t be utilized when planning a question in Power BI Desktop?</td><td>SQL</td><td>M</td><td>Python</td><td>DAX</td><td>no</td><td>yes</td><td>yes</td><td>yes</td></tr></table><p class="totop"><a href="#summary">back to summary</a></p><h3 id="m12">com.capability.qa.testcases.AddQuestionsPageTest#addQuestions</h3><table class="result"><tr class="param"><th>Parameter #1</th><th>Parameter #2</th><th>Parameter #3</th><th>Parameter #4</th><th>Parameter #5</th><th>Parameter #6</th><th>Parameter #7</th><th>Parameter #8</th><th>Parameter #9</th><th>Parameter #10</th><th>Parameter #11</th><th>Parameter #12</th><th>Parameter #13</th></tr><tr class="param stripe"><td>JAVA</td><td>Simple</td><td>Single Choice Question</td><td>Inheritance</td><td>What is Java ??</td><td>It&apos;s a programming language.</td><td>It&apos;s not a programming language.</td><td>It&apos;s a method.</td><td>It&apos;s a query.</td><td>yes</td><td>no</td><td>no</td><td>no</td></tr></table><p class="totop"><a href="#summary">back to summary</a></p><h3 id="m13">com.capability.qa.testcases.AddQuestionsPageTest#addQuestions</h3><table class="result"><tr class="param"><th>Parameter #1</th><th>Parameter #2</th><th>Parameter #3</th><th>Parameter #4</th><th>Parameter #5</th><th>Parameter #6</th><th>Parameter #7</th><th>Parameter #8</th><th>Parameter #9</th><th>Parameter #10</th><th>Parameter #11</th><th>Parameter #12</th><th>Parameter #13</th></tr><tr class="param stripe"><td>Tableau</td><td>Intermediate</td><td>Single Choice Question</td><td>Tableau Functions</td><td>How many maximum tables can you join in Tableau?</td><td>39.0</td><td>32.0</td><td>29.0</td><td>25.0</td><td>no</td><td>yes</td><td>no</td><td>no</td></tr></table><p class="totop"><a href="#summary">back to summary</a></p><h3 id="m14">com.capability.qa.testcases.AddQuestionsPageTest#addQuestions</h3><table class="result"><tr class="param"><th>Parameter #1</th><th>Parameter #2</th><th>Parameter #3</th><th>Parameter #4</th><th>Parameter #5</th><th>Parameter #6</th><th>Parameter #7</th><th>Parameter #8</th><th>Parameter #9</th><th>Parameter #10</th><th>Parameter #11</th><th>Parameter #12</th><th>Parameter #13</th></tr><tr class="param stripe"><td>Tableau</td><td>Simple</td><td>Single Choice Question</td><td>Tableau Functions</td><td>The symbol related with the field that has been assembled is a____</td><td>Paper Clasp</td><td>set</td><td>hash</td><td>Equivalent To</td><td>yes</td><td>no</td><td>no</td><td>no</td></tr></table><p class="totop"><a href="#summary">back to summary</a></p><h3 id="m15">com.capability.qa.testcases.AddQuestionsPageTest#addQuestions</h3><table class="result"><tr class="param"><th>Parameter #1</th><th>Parameter #2</th><th>Parameter #3</th><th>Parameter #4</th><th>Parameter #5</th><th>Parameter #6</th><th>Parameter #7</th><th>Parameter #8</th><th>Parameter #9</th><th>Parameter #10</th><th>Parameter #11</th><th>Parameter #12</th><th>Parameter #13</th></tr><tr class="param stripe"><td>Retail Domain</td><td>Simple</td><td>Single Choice Question</td><td>Point of Sale</td><td>The word Retail is derived from the------ word</td><td>Latin</td><td>French</td><td>English</td><td>German</td><td>yes</td><td>no</td><td>no</td><td>no</td></tr></table><p class="totop"><a href="#summary">back to summary</a></p><h3 id="m16">com.capability.qa.testcases.AddQuestionsPageTest#addQuestions</h3><table class="result"><tr class="param"><th>Parameter #1</th><th>Parameter #2</th><th>Parameter #3</th><th>Parameter #4</th><th>Parameter #5</th><th>Parameter #6</th><th>Parameter #7</th><th>Parameter #8</th><th>Parameter #9</th><th>Parameter #10</th><th>Parameter #11</th><th>Parameter #12</th><th>Parameter #13</th></tr><tr class="param stripe"><td>JAVA</td><td>Intermediate</td><td>Single Choice Question</td><td>Overridding</td><td>Which of these keywords can be used to prevent Method overriding?</td><td>static</td><td>constant</td><td>protected</td><td>final</td><td>no</td><td>no</td><td>no</td><td>yes</td></tr></table><p class="totop"><a href="#summary">back to summary</a></p><h3 id="m17">com.capability.qa.testcases.AddQuestionsPageTest#addQuestions</h3><table class="result"><tr class="param"><th>Parameter #1</th><th>Parameter #2</th><th>Parameter #3</th><th>Parameter #4</th><th>Parameter #5</th><th>Parameter #6</th><th>Parameter #7</th><th>Parameter #8</th><th>Parameter #9</th><th>Parameter #10</th><th>Parameter #11</th><th>Parameter #12</th><th>Parameter #13</th></tr><tr class="param stripe"><td>RDBMS</td><td>Intermediate</td><td>Single Choice Question</td><td>Warehousing</td><td>The lowest level operator to access data in query processing is _______</td><td>File scan</td><td>File manipulation</td><td>File handling</td><td>File organization</td><td>yes</td><td>no</td><td>no</td><td>no</td></tr></table><p class="totop"><a href="#summary">back to summary</a></p><h3 id="m18">com.capability.qa.testcases.AddQuestionsPageTest#addQuestions</h3><table class="result"><tr class="param"><th>Parameter #1</th><th>Parameter #2</th><th>Parameter #3</th><th>Parameter #4</th><th>Parameter #5</th><th>Parameter #6</th><th>Parameter #7</th><th>Parameter #8</th><th>Parameter #9</th><th>Parameter #10</th><th>Parameter #11</th><th>Parameter #12</th><th>Parameter #13</th></tr><tr class="param stripe"><td>T-SQL</td><td>Simple</td><td>Single Choice Question</td><td>Functions</td><td>Which of the following statement decrypts a symmetric key ?</td><td>OPEN SYMMETRIC KEY</td><td>DECRYPT SYMMETRIC KEY</td><td>CLOSE SYMMETRIC KEY</td><td>None of the mentioned</td><td>yes</td><td>no</td><td>no</td><td>no</td></tr></table><p class="totop"><a href="#summary">back to summary</a></p><h3 id="m19">com.capability.qa.testcases.AddQuestionsPageTest#addQuestions</h3><table class="result"><tr class="param"><th>Parameter #1</th><th>Parameter #2</th><th>Parameter #3</th><th>Parameter #4</th><th>Parameter #5</th><th>Parameter #6</th><th>Parameter #7</th><th>Parameter #8</th><th>Parameter #9</th><th>Parameter #10</th><th>Parameter #11</th><th>Parameter #12</th><th>Parameter #13</th></tr><tr class="param stripe"><td>Tableau</td><td>Complex</td><td>Multiple Choice Question</td><td>Tableau Functions</td><td>What are the different types of joins in Tableau?</td><td>lest join</td><td>right join</td><td>inner join</td><td>none of these</td><td>yes</td><td>yes</td><td>yes</td><td>no</td></tr></table><p class="totop"><a href="#summary">back to summary</a></p><h3 id="m20">com.capability.qa.testcases.AddQuestionsPageTest#addQuestions</h3><table class="result"><tr class="param"><th>Parameter #1</th><th>Parameter #2</th><th>Parameter #3</th><th>Parameter #4</th><th>Parameter #5</th><th>Parameter #6</th><th>Parameter #7</th><th>Parameter #8</th><th>Parameter #9</th><th>Parameter #10</th><th>Parameter #11</th><th>Parameter #12</th><th>Parameter #13</th></tr><tr class="param stripe"><td>POWER BI</td><td>Simple</td><td>Single Choice Question</td><td>Data Sources</td><td>How would you add a visual to a Dashboard in Power BI?</td><td>Embed</td><td>Snap</td><td>Stick</td><td>Reorder</td><td>yes</td><td>no</td><td>no</td><td>no</td></tr></table><p class="totop"><a href="#summary">back to summary</a></p><h3 id="m21">com.capability.qa.testcases.AddQuestionsPageTest#addQuestions</h3><table class="result"><tr class="param"><th>Parameter #1</th><th>Parameter #2</th><th>Parameter #3</th><th>Parameter #4</th><th>Parameter #5</th><th>Parameter #6</th><th>Parameter #7</th><th>Parameter #8</th><th>Parameter #9</th><th>Parameter #10</th><th>Parameter #11</th><th>Parameter #12</th><th>Parameter #13</th></tr><tr class="param stripe"><td>Retail Domain</td><td>Intermediate</td><td>Single Choice Question</td><td>Point of Sale</td><td>A multi channel retailer sells merchandise</td><td>over the telephone</td><td>through personal selling and retail store only</td><td>over the internet</td><td>through more than one channel</td><td>no</td><td>no</td><td>no</td><td>yes</td></tr></table><p class="totop"><a href="#summary">back to summary</a></p><h3 id="m22">com.capability.qa.testcases.AddQuestionsPageTest#addQuestions</h3><table class="result"><tr class="param"><th>Parameter #1</th><th>Parameter #2</th><th>Parameter #3</th><th>Parameter #4</th><th>Parameter #5</th><th>Parameter #6</th><th>Parameter #7</th><th>Parameter #8</th><th>Parameter #9</th><th>Parameter #10</th><th>Parameter #11</th><th>Parameter #12</th><th>Parameter #13</th></tr><tr class="param stripe"><td>Cognos</td><td>Complex</td><td>Multiple Choice Question</td><td>Basics</td><td>In Report Studio, which of the following is a valid prompt button?</td><td>Execute</td><td>Back</td><td>Cancel</td><td>Reprompt</td><td>no</td><td>yes</td><td>yes</td><td>yes</td></tr></table><p class="totop"><a href="#summary">back to summary</a></p><h3 id="m23">com.capability.qa.testcases.AddQuestionsPageTest#addQuestions</h3><table class="result"><tr class="param"><th>Parameter #1</th><th>Parameter #2</th><th>Parameter #3</th><th>Parameter #4</th><th>Parameter #5</th><th>Parameter #6</th><th>Parameter #7</th><th>Parameter #8</th><th>Parameter #9</th><th>Parameter #10</th><th>Parameter #11</th><th>Parameter #12</th><th>Parameter #13</th></tr><tr class="param stripe"><td>Oracle SQL</td><td>Complex</td><td>Multiple Choice Question</td><td>SQL Functions</td><td>________clause is not an additional filter that is applied to the result.</td><td>Select</td><td>Group-by</td><td>Having</td><td>Order by</td><td>yes</td><td>yes</td><td>no</td><td>yes</td></tr></table><p class="totop"><a href="#summary">back to summary</a></p><h3 id="m24">com.capability.qa.testcases.AddQuestionsPageTest#addQuestions</h3><table class="result"><tr class="param"><th>Parameter #1</th><th>Parameter #2</th><th>Parameter #3</th><th>Parameter #4</th><th>Parameter #5</th><th>Parameter #6</th><th>Parameter #7</th><th>Parameter #8</th><th>Parameter #9</th><th>Parameter #10</th><th>Parameter #11</th><th>Parameter #12</th><th>Parameter #13</th></tr><tr class="param stripe"><td>DW Concepts</td><td>Simple</td><td>Single Choice Question</td><td>Introduction of Data Warehouse</td><td>A goal of data mining includes which of the following?</td><td>To explain some observed event or condition</td><td>To confirm that data exists</td><td>To analyze data for expected relationships</td><td>To create a new data warehouse</td><td>yes</td><td>no</td><td>no</td><td>no</td></tr></table><p class="totop"><a href="#summary">back to summary</a></p><h3 id="m25">com.capability.qa.testcases.AddQuestionsPageTest#addQuestions</h3><table class="result"><tr class="param"><th>Parameter #1</th><th>Parameter #2</th><th>Parameter #3</th><th>Parameter #4</th><th>Parameter #5</th><th>Parameter #6</th><th>Parameter #7</th><th>Parameter #8</th><th>Parameter #9</th><th>Parameter #10</th><th>Parameter #11</th><th>Parameter #12</th><th>Parameter #13</th></tr><tr class="param stripe"><td>Cognos</td><td>Intermediate</td><td>Single Choice Question</td><td>Basics</td><td>In Transformer, alternate drill-down paths / alternate hierarchies must have the a convergence level that is:</td><td>Unique</td><td>Ordered</td><td>Open</td><td>Set</td><td>yes</td><td>no</td><td>no</td><td>no</td></tr></table><p class="totop"><a href="#summary">back to summary</a></p><h3 id="m26">com.capability.qa.testcases.AddQuestionsPageTest#addQuestions</h3><table class="result"><tr class="param"><th>Parameter #1</th><th>Parameter #2</th><th>Parameter #3</th><th>Parameter #4</th><th>Parameter #5</th><th>Parameter #6</th><th>Parameter #7</th><th>Parameter #8</th><th>Parameter #9</th><th>Parameter #10</th><th>Parameter #11</th><th>Parameter #12</th><th>Parameter #13</th></tr><tr class="param stripe"><td>PL-SQL</td><td>Complex</td><td>Multiple Choice Question</td><td>Basic Programming</td><td>What happens when rows are not found using a FETCH statement</td><td>It causes the cursor to close</td><td>It causes the cursor to open</td><td>It loads the current row values into variables</td><td>It creates the variables to hold the current row values</td><td>yes</td><td>no</td><td>yes</td><td>yes</td></tr></table><p class="totop"><a href="#summary">back to summary</a></p><h3 id="m27">com.capability.qa.testcases.AddQuestionsPageTest#addQuestions</h3><table class="result"><tr class="param"><th>Parameter #1</th><th>Parameter #2</th><th>Parameter #3</th><th>Parameter #4</th><th>Parameter #5</th><th>Parameter #6</th><th>Parameter #7</th><th>Parameter #8</th><th>Parameter #9</th><th>Parameter #10</th><th>Parameter #11</th><th>Parameter #12</th><th>Parameter #13</th></tr><tr class="param stripe"><td>RDBMS</td><td>Simple</td><td>Single Choice Question</td><td>Warehousing</td><td>Which of the following are steps in query processing?</td><td>Parsing and translation</td><td>Optimization</td><td>Evaluation</td><td>All of the mentioned</td><td>no</td><td>no</td><td>no</td><td>yes</td></tr></table><p class="totop"><a href="#summary">back to summary</a></p><h3 id="m28">com.capability.qa.testcases.AddQuestionsPageTest#addQuestions</h3><table class="result"><tr class="param"><th>Parameter #1</th><th>Parameter #2</th><th>Parameter #3</th><th>Parameter #4</th><th>Parameter #5</th><th>Parameter #6</th><th>Parameter #7</th><th>Parameter #8</th><th>Parameter #9</th><th>Parameter #10</th><th>Parameter #11</th><th>Parameter #12</th><th>Parameter #13</th></tr><tr class="param stripe"><td>T-SQL</td><td>Intermediate</td><td>Single Choice Question</td><td>Functions</td><td>RECEIVE service broker statement applies to which of the versions ?</td><td>2000.0</td><td>2005.0</td><td>2008.0</td><td>All of these</td><td>no</td><td>no</td><td>no</td><td>yes</td></tr></table><p class="totop"><a href="#summary">back to summary</a></p><h3 id="m29">com.capability.qa.testcases.AddQuestionsPageTest#addQuestions</h3><table class="result"><tr class="param"><th>Parameter #1</th><th>Parameter #2</th><th>Parameter #3</th><th>Parameter #4</th><th>Parameter #5</th><th>Parameter #6</th><th>Parameter #7</th><th>Parameter #8</th><th>Parameter #9</th><th>Parameter #10</th><th>Parameter #11</th><th>Parameter #12</th><th>Parameter #13</th></tr><tr class="param stripe"><td>Cognos</td><td>Simple</td><td>Single Choice Question</td><td>Basics</td><td>Which of the following is NOT a usage property in Framework Manager?</td><td>Fact</td><td>Dimensions</td><td>Attribute</td><td>Identifier</td><td>no</td><td>yes</td><td>no</td><td>no</td></tr></table><p class="totop"><a href="#summary">back to summary</a></p><h3 id="m30">com.capability.qa.testcases.AddQuestionsPageTest#addQuestions</h3><table class="result"><tr class="param"><th>Parameter #1</th><th>Parameter #2</th><th>Parameter #3</th><th>Parameter #4</th><th>Parameter #5</th><th>Parameter #6</th><th>Parameter #7</th><th>Parameter #8</th><th>Parameter #9</th><th>Parameter #10</th><th>Parameter #11</th><th>Parameter #12</th><th>Parameter #13</th></tr><tr class="param stripe"><td>ReactJS</td><td>Complex</td><td>Multiple Choice Question</td><td>No Chapters Added yet</td><td>At the highest level, React components have lifecycle events that fall into</td><td>Initialization</td><td>State/Property Updates</td><td>Destruction</td><td>Query</td><td>yes</td><td>yes</td><td>yes</td><td>no</td></tr></table><p class="totop"><a href="#summary">back to summary</a></p><h3 id="m31">com.capability.qa.testcases.AddQuestionsPageTest#addQuestions</h3><table class="result"><tr class="param"><th>Parameter #1</th><th>Parameter #2</th><th>Parameter #3</th><th>Parameter #4</th><th>Parameter #5</th><th>Parameter #6</th><th>Parameter #7</th><th>Parameter #8</th><th>Parameter #9</th><th>Parameter #10</th><th>Parameter #11</th><th>Parameter #12</th><th>Parameter #13</th></tr><tr class="param stripe"><td>ReactJS</td><td>Simple</td><td>Single Choice Question</td><td>No Chapters Added yet</td><td>What is ReactJS?</td><td>Server-side Framework</td><td>User-interface framework</td><td>Both</td><td>None</td><td>no</td><td>no</td><td>yes</td><td>no</td></tr></table><p class="totop"><a href="#summary">back to summary</a></p><h3 id="m32">com.capability.qa.testcases.AddQuestionsPageTest#addQuestions</h3><table class="result"><tr class="param"><th>Parameter #1</th><th>Parameter #2</th><th>Parameter #3</th><th>Parameter #4</th><th>Parameter #5</th><th>Parameter #6</th><th>Parameter #7</th><th>Parameter #8</th><th>Parameter #9</th><th>Parameter #10</th><th>Parameter #11</th><th>Parameter #12</th><th>Parameter #13</th></tr><tr class="param stripe"><td>Retail Domain</td><td>Complex</td><td>Multiple Choice Question</td><td>Point of Sale</td><td>Retailer is a person who sells the goods in a---------</td><td>large quantities</td><td>small quantities</td><td>medium</td><td>none of these</td><td>yes</td><td>yes</td><td>no</td><td>no</td></tr></table><p class="totop"><a href="#summary">back to summary</a></p><h3 id="m33">com.capability.qa.testcases.AddQuestionsPageTest#addQuestions</h3><table class="result"><tr class="param"><th>Parameter #1</th><th>Parameter #2</th><th>Parameter #3</th><th>Parameter #4</th><th>Parameter #5</th><th>Parameter #6</th><th>Parameter #7</th><th>Parameter #8</th><th>Parameter #9</th><th>Parameter #10</th><th>Parameter #11</th><th>Parameter #12</th><th>Parameter #13</th></tr><tr class="param stripe"><td>PL-SQL</td><td>Simple</td><td>Single Choice Question</td><td>Basic Programming</td><td>If left out, which of the following would cause an infinite loop to occur in a simple loop?</td><td>Loop</td><td>End_loop</td><td>If-Then</td><td>Exit</td><td>no</td><td>yes</td><td>no</td><td>no</td></tr></table><p class="totop"><a href="#summary">back to summary</a></p><h3 id="m34">com.capability.qa.testcases.AddQuestionsPageTest#addQuestions</h3><table class="result"><tr class="param"><th>Parameter #1</th><th>Parameter #2</th><th>Parameter #3</th><th>Parameter #4</th><th>Parameter #5</th><th>Parameter #6</th><th>Parameter #7</th><th>Parameter #8</th><th>Parameter #9</th><th>Parameter #10</th><th>Parameter #11</th><th>Parameter #12</th><th>Parameter #13</th></tr><tr class="param stripe"><td>DW Concepts</td><td>Complex</td><td>Multiple Choice Question</td><td>ETL and Staging</td><td>The important aspect of the data warehouse environment is that data found within the data warehouse</td><td>subject-oriented</td><td>time-variant.</td><td>integrated.</td><td>None of these</td><td>yes</td><td>yes</td><td>yes</td><td>no</td></tr></table><p class="totop"><a href="#summary">back to summary</a></p><h3 id="m35">com.capability.qa.testcases.AddQuestionsPageTest#addQuestions</h3><table class="result"><tr class="param"><th>Parameter #1</th><th>Parameter #2</th><th>Parameter #3</th><th>Parameter #4</th><th>Parameter #5</th><th>Parameter #6</th><th>Parameter #7</th><th>Parameter #8</th><th>Parameter #9</th><th>Parameter #10</th><th>Parameter #11</th><th>Parameter #12</th><th>Parameter #13</th></tr><tr class="param stripe"><td>RDBMS</td><td>Complex</td><td>Multiple Choice Question</td><td>Warehousing</td><td>Search algorithms that use an index are not referred to as _________</td><td>Index scans</td><td>Search scans</td><td>Primary scans</td><td>Equality scans</td><td>no</td><td>yes</td><td>yes</td><td>yes</td></tr></table><p class="totop"><a href="#summary">back to summary</a></p><h3 id="m36">com.capability.qa.testcases.AddQuestionsPageTest#addQuestions</h3><table class="result"><tr class="param"><th>Parameter #1</th><th>Parameter #2</th><th>Parameter #3</th><th>Parameter #4</th><th>Parameter #5</th><th>Parameter #6</th><th>Parameter #7</th><th>Parameter #8</th><th>Parameter #9</th><th>Parameter #10</th><th>Parameter #11</th><th>Parameter #12</th><th>Parameter #13</th></tr><tr class="param stripe"><td>Oracle SQL</td><td>Simple</td><td>Single Choice Question</td><td>SQL Functions</td><td>What is the full form of SQL?</td><td>Structured Query Language</td><td>Structured Query List</td><td>Simple Query Langua</td><td>None of the Mentioned</td><td>yes</td><td>no</td><td>no</td><td>no</td></tr></table><p class="totop"><a href="#summary">back to summary</a></p><h3 id="m37">com.capability.qa.testcases.AddQuestionsPageTest#addQuestions</h3><table class="result"><tr class="param"><th>Parameter #1</th><th>Parameter #2</th><th>Parameter #3</th><th>Parameter #4</th><th>Parameter #5</th><th>Parameter #6</th><th>Parameter #7</th><th>Parameter #8</th><th>Parameter #9</th><th>Parameter #10</th><th>Parameter #11</th><th>Parameter #12</th><th>Parameter #13</th></tr><tr class="param stripe"><td>JAVA</td><td>Complex</td><td>Multiple Choice Question</td><td>Inheritance</td><td>Different types of Inheritance?</td><td>Singal inheritance</td><td>Multi_inheritance</td><td>Array</td><td>Control statement</td><td>yes</td><td>yes</td><td>no</td><td>no</td></tr></table><p class="totop"><a href="#summary">back to summary</a></p><h3 id="m38">com.capability.qa.testcases.AddQuestionsPageTest#addQuestions</h3><table class="result"><tr class="param"><th>Parameter #1</th><th>Parameter #2</th><th>Parameter #3</th><th>Parameter #4</th><th>Parameter #5</th><th>Parameter #6</th><th>Parameter #7</th><th>Parameter #8</th><th>Parameter #9</th><th>Parameter #10</th><th>Parameter #11</th><th>Parameter #12</th><th>Parameter #13</th></tr><tr class="param stripe"><td>T-SQL</td><td>Complex</td><td>Multiple Choice Question</td><td>Functions</td><td>Point out which are not correct statement :</td><td>T-SQL is SQL language for SYBASE</td><td>GET_TRANSMISSION_STATUS does provide information for messages that do not have a conversation endpoint in the current instance</td><td>CREATE USER transfers a securable between schemas</td><td>CREATE LOGIN modifies the login details</td><td>no</td><td>yes</td><td>yes</td><td>yes</td></tr></table><p class="totop"><a href="#summary">back to summary</a></p><h3 id="m39">com.capability.qa.testcases.AddQuestionsPageTest#addQuestions</h3><table class="result"><tr class="param"><th>Parameter #1</th><th>Parameter #2</th><th>Parameter #3</th><th>Parameter #4</th><th>Parameter #5</th><th>Parameter #6</th><th>Parameter #7</th><th>Parameter #8</th><th>Parameter #9</th><th>Parameter #10</th><th>Parameter #11</th><th>Parameter #12</th><th>Parameter #13</th></tr><tr class="param stripe"><td>PL-SQL</td><td>Intermediate</td><td>Single Choice Question</td><td>Basic Programming</td><td>The command used to open a CURSOR FOR loop is</td><td>open</td><td>fetch</td><td>Parse</td><td>None, cursor for loops handle cursor opening implicitly.</td><td>no</td><td>no</td><td>no</td><td>yes</td></tr></table><p class="totop"><a href="#summary">back to summary</a></p></body></html>