<?xml version="1.0" encoding="UTF-8"?>
<testng-results skipped="0" failed="0" ignored="0" total="1" passed="1">
  <reporter-output>
  </reporter-output>
  <suite name="Default suite" duration-ms="26109" started-at="2019-11-19T09:17:45Z" finished-at="2019-11-19T09:18:12Z">
    <groups>
    </groups>
    <test name="Default test" duration-ms="26109" started-at="2019-11-19T09:17:45Z" finished-at="2019-11-19T09:18:12Z">
      <class name="com.capability.qa.testcases.AddQuestionsPageTest">
        <test-method status="PASS" signature="setUp()[pri:0, instance:com.capability.qa.testcases.AddQuestionsPageTest@56235b8e]" name="setUp" is-config="true" duration-ms="24161" started-at="2019-11-19T14:47:45Z" finished-at="2019-11-19T14:48:10Z">
          <reporter-output>
          </reporter-output>
        </test-method> <!-- setUp -->
        <test-method status="PASS" signature="selectdd()[pri:0, instance:com.capability.qa.testcases.AddQuestionsPageTest@56235b8e]" name="selectdd" duration-ms="1925" started-at="2019-11-19T14:48:10Z" finished-at="2019-11-19T14:48:12Z">
          <reporter-output>
          </reporter-output>
        </test-method> <!-- selectdd -->
      </class> <!-- com.capability.qa.testcases.AddQuestionsPageTest -->
    </test> <!-- Default test -->
  </suite> <!-- Default suite -->
</testng-results>
