<?xml version="1.0" encoding="UTF-8"?>
<testng-results skipped="0" failed="0" ignored="0" total="3" passed="3">
  <reporter-output>
  </reporter-output>
  <suite name="Default suite" duration-ms="52514" started-at="2019-11-15T06:46:01Z" finished-at="2019-11-15T06:46:54Z">
    <groups>
    </groups>
    <test name="Default test" duration-ms="52514" started-at="2019-11-15T06:46:01Z" finished-at="2019-11-15T06:46:54Z">
      <class name="com.capability.qa.testcases.LoginPageTest">
        <test-method status="PASS" signature="setUp()[pri:0, instance:com.capability.qa.testcases.LoginPageTest@38d8f54a]" name="setUp" is-config="true" duration-ms="17385" started-at="2019-11-15T12:16:01Z" finished-at="2019-11-15T12:16:19Z">
          <reporter-output>
          </reporter-output>
        </test-method> <!-- setUp -->
        <test-method status="PASS" signature="LoginPageLOGOTextTest()[pri:0, instance:com.capability.qa.testcases.LoginPageTest@38d8f54a]" name="LoginPageLOGOTextTest" duration-ms="77" started-at="2019-11-15T12:16:19Z" finished-at="2019-11-15T12:16:19Z">
          <reporter-output>
          </reporter-output>
        </test-method> <!-- LoginPageLOGOTextTest -->
        <test-method status="PASS" signature="tearDown()[pri:0, instance:com.capability.qa.testcases.LoginPageTest@38d8f54a]" name="tearDown" is-config="true" duration-ms="662" started-at="2019-11-15T12:16:19Z" finished-at="2019-11-15T12:16:20Z">
          <reporter-output>
          </reporter-output>
        </test-method> <!-- tearDown -->
        <test-method status="PASS" signature="setUp()[pri:0, instance:com.capability.qa.testcases.LoginPageTest@38d8f54a]" name="setUp" is-config="true" duration-ms="16078" started-at="2019-11-15T12:16:20Z" finished-at="2019-11-15T12:16:36Z">
          <reporter-output>
          </reporter-output>
        </test-method> <!-- setUp -->
        <test-method status="PASS" signature="loginPageTest()[pri:0, instance:com.capability.qa.testcases.LoginPageTest@38d8f54a]" name="loginPageTest" duration-ms="332" started-at="2019-11-15T12:16:36Z" finished-at="2019-11-15T12:16:36Z">
          <reporter-output>
          </reporter-output>
        </test-method> <!-- loginPageTest -->
        <test-method status="PASS" signature="tearDown()[pri:0, instance:com.capability.qa.testcases.LoginPageTest@38d8f54a]" name="tearDown" is-config="true" duration-ms="668" started-at="2019-11-15T12:16:36Z" finished-at="2019-11-15T12:16:37Z">
          <reporter-output>
          </reporter-output>
        </test-method> <!-- tearDown -->
        <test-method status="PASS" signature="setUp()[pri:0, instance:com.capability.qa.testcases.LoginPageTest@38d8f54a]" name="setUp" is-config="true" duration-ms="16114" started-at="2019-11-15T12:16:37Z" finished-at="2019-11-15T12:16:53Z">
          <reporter-output>
          </reporter-output>
        </test-method> <!-- setUp -->
        <test-method status="PASS" signature="loginPageTest(java.lang.String, java.lang.String)[pri:0, instance:com.capability.qa.testcases.LoginPageTest@38d8f54a]" name="loginPageTest" duration-ms="275" started-at="2019-11-15T12:16:53Z" data-provider="getCapabilityTestData" finished-at="2019-11-15T12:16:53Z">
          <params>
            <param index="0">
              <value>
                <![CDATA[admin]]>
              </value>
            </param>
            <param index="1">
              <value>
                <![CDATA[admin]]>
              </value>
            </param>
          </params>
          <reporter-output>
          </reporter-output>
        </test-method> <!-- loginPageTest -->
        <test-method status="PASS" signature="tearDown()[pri:0, instance:com.capability.qa.testcases.LoginPageTest@38d8f54a]" name="tearDown" is-config="true" duration-ms="686" started-at="2019-11-15T12:16:53Z" finished-at="2019-11-15T12:16:54Z">
          <reporter-output>
          </reporter-output>
        </test-method> <!-- tearDown -->
      </class> <!-- com.capability.qa.testcases.LoginPageTest -->
    </test> <!-- Default test -->
  </suite> <!-- Default suite -->
</testng-results>
