<?xml version="1.0" encoding="UTF-8"?>
<testng-results skipped="0" failed="0" ignored="0" total="2" passed="2">
  <reporter-output>
  </reporter-output>
  <suite name="Default suite" duration-ms="62839" started-at="2019-11-26T05:24:06Z" finished-at="2019-11-26T05:25:09Z">
    <groups>
    </groups>
    <test name="Default test" duration-ms="62839" started-at="2019-11-26T05:24:06Z" finished-at="2019-11-26T05:25:09Z">
      <class name="com.capability.qa.testcases.AddQuestionsPageTest">
        <test-method status="PASS" signature="setUp()[pri:0, instance:com.capability.qa.testcases.AddQuestionsPageTest@3632be31]" name="setUp" is-config="true" duration-ms="30283" started-at="2019-11-26T10:54:06Z" finished-at="2019-11-26T10:54:36Z">
          <reporter-output>
          </reporter-output>
        </test-method> <!-- setUp -->
        <test-method status="PASS" signature="addQuestions(java.lang.String, java.lang.String, java.lang.String, java.lang.String, java.lang.String, java.lang.String, java.lang.String, java.lang.String, java.lang.String, java.lang.String, java.lang.String, java.lang.String, java.lang.String)[pri:0, instance:com.capability.qa.testcases.AddQuestionsPageTest@3632be31]" name="addQuestions" duration-ms="2221" started-at="2019-11-26T10:54:36Z" data-provider="getCapabilityTestData" finished-at="2019-11-26T10:54:39Z">
          <params>
            <param index="0">
              <value>
                <![CDATA[JAVA]]>
              </value>
            </param>
            <param index="1">
              <value>
                <![CDATA[Simple]]>
              </value>
            </param>
            <param index="2">
              <value>
                <![CDATA[Single Choice Question]]>
              </value>
            </param>
            <param index="3">
              <value>
                <![CDATA[Inheritance]]>
              </value>
            </param>
            <param index="4">
              <value>
                <![CDATA[What is Java ??]]>
              </value>
            </param>
            <param index="5">
              <value>
                <![CDATA[It's a programming language.]]>
              </value>
            </param>
            <param index="6">
              <value>
                <![CDATA[It's not a programming language.]]>
              </value>
            </param>
            <param index="7">
              <value>
                <![CDATA[It's a method.]]>
              </value>
            </param>
            <param index="8">
              <value>
                <![CDATA[It's a query.]]>
              </value>
            </param>
            <param index="9">
              <value>
                <![CDATA[yes]]>
              </value>
            </param>
            <param index="10">
              <value>
                <![CDATA[no]]>
              </value>
            </param>
            <param index="11">
              <value>
                <![CDATA[no]]>
              </value>
            </param>
            <param index="12">
              <value>
                <![CDATA[no]]>
              </value>
            </param>
          </params>
          <reporter-output>
          </reporter-output>
        </test-method> <!-- addQuestions -->
        <test-method status="PASS" signature="tearDown()[pri:0, instance:com.capability.qa.testcases.AddQuestionsPageTest@3632be31]" name="tearDown" is-config="true" duration-ms="84" started-at="2019-11-26T10:54:39Z" finished-at="2019-11-26T10:54:39Z">
          <reporter-output>
          </reporter-output>
        </test-method> <!-- tearDown -->
        <test-method status="PASS" signature="setUp()[pri:0, instance:com.capability.qa.testcases.AddQuestionsPageTest@3632be31]" name="setUp" is-config="true" duration-ms="27674" started-at="2019-11-26T10:54:39Z" finished-at="2019-11-26T10:55:06Z">
          <reporter-output>
          </reporter-output>
        </test-method> <!-- setUp -->
        <test-method status="PASS" signature="addQuestions(java.lang.String, java.lang.String, java.lang.String, java.lang.String, java.lang.String, java.lang.String, java.lang.String, java.lang.String, java.lang.String, java.lang.String, java.lang.String, java.lang.String, java.lang.String)[pri:0, instance:com.capability.qa.testcases.AddQuestionsPageTest@3632be31]" name="addQuestions" duration-ms="2300" started-at="2019-11-26T10:55:06Z" data-provider="getCapabilityTestData" finished-at="2019-11-26T10:55:09Z">
          <params>
            <param index="0">
              <value>
                <![CDATA[JAVA]]>
              </value>
            </param>
            <param index="1">
              <value>
                <![CDATA[Complex]]>
              </value>
            </param>
            <param index="2">
              <value>
                <![CDATA[Multiple Choice Question]]>
              </value>
            </param>
            <param index="3">
              <value>
                <![CDATA[Inheritance]]>
              </value>
            </param>
            <param index="4">
              <value>
                <![CDATA[Different types of Inheritance?]]>
              </value>
            </param>
            <param index="5">
              <value>
                <![CDATA[Singal inheritance]]>
              </value>
            </param>
            <param index="6">
              <value>
                <![CDATA[Multi_inheritance]]>
              </value>
            </param>
            <param index="7">
              <value>
                <![CDATA[Array]]>
              </value>
            </param>
            <param index="8">
              <value>
                <![CDATA[Control statement]]>
              </value>
            </param>
            <param index="9">
              <value>
                <![CDATA[yes]]>
              </value>
            </param>
            <param index="10">
              <value>
                <![CDATA[yes]]>
              </value>
            </param>
            <param index="11">
              <value>
                <![CDATA[no]]>
              </value>
            </param>
            <param index="12">
              <value>
                <![CDATA[no]]>
              </value>
            </param>
          </params>
          <reporter-output>
          </reporter-output>
        </test-method> <!-- addQuestions -->
        <test-method status="PASS" signature="tearDown()[pri:0, instance:com.capability.qa.testcases.AddQuestionsPageTest@3632be31]" name="tearDown" is-config="true" duration-ms="90" started-at="2019-11-26T10:55:09Z" finished-at="2019-11-26T10:55:09Z">
          <reporter-output>
          </reporter-output>
        </test-method> <!-- tearDown -->
      </class> <!-- com.capability.qa.testcases.AddQuestionsPageTest -->
    </test> <!-- Default test -->
  </suite> <!-- Default suite -->
</testng-results>
