<?xml version="1.0" encoding="UTF-8"?>
<testng-results skipped="0" failed="6" ignored="0" total="40" passed="34">
  <reporter-output>
  </reporter-output>
  <suite name="Default suite" duration-ms="1236533" started-at="2019-11-20T11:36:13Z" finished-at="2019-11-20T11:56:49Z">
    <groups>
    </groups>
    <test name="Default test" duration-ms="1236533" started-at="2019-11-20T11:36:13Z" finished-at="2019-11-20T11:56:49Z">
      <class name="com.capability.qa.testcases.AddQuestionsPageTest">
        <test-method status="PASS" signature="setUp()[pri:0, instance:com.capability.qa.testcases.AddQuestionsPageTest@3632be31]" name="setUp" is-config="true" duration-ms="25784" started-at="2019-11-20T17:06:13Z" finished-at="2019-11-20T17:06:38Z">
          <reporter-output>
          </reporter-output>
        </test-method> <!-- setUp -->
        <test-method status="PASS" signature="addQuestions(java.lang.String, java.lang.String, java.lang.String, java.lang.String, java.lang.String, java.lang.String, java.lang.String, java.lang.String, java.lang.String, java.lang.String, java.lang.String, java.lang.String, java.lang.String)[pri:0, instance:com.capability.qa.testcases.AddQuestionsPageTest@3632be31]" name="addQuestions" duration-ms="1862" started-at="2019-11-20T17:06:38Z" data-provider="getCapabilityTestData" finished-at="2019-11-20T17:06:40Z">
          <params>
            <param index="0">
              <value>
                <![CDATA[JAVA]]>
              </value>
            </param>
            <param index="1">
              <value>
                <![CDATA[Simple]]>
              </value>
            </param>
            <param index="2">
              <value>
                <![CDATA[Single Choice Question]]>
              </value>
            </param>
            <param index="3">
              <value>
                <![CDATA[Inheritance]]>
              </value>
            </param>
            <param index="4">
              <value>
                <![CDATA[What is Java ??]]>
              </value>
            </param>
            <param index="5">
              <value>
                <![CDATA[It's a programming language.]]>
              </value>
            </param>
            <param index="6">
              <value>
                <![CDATA[It's not a programming language.]]>
              </value>
            </param>
            <param index="7">
              <value>
                <![CDATA[It's a method.]]>
              </value>
            </param>
            <param index="8">
              <value>
                <![CDATA[It's a query.]]>
              </value>
            </param>
            <param index="9">
              <value>
                <![CDATA[yes]]>
              </value>
            </param>
            <param index="10">
              <value>
                <![CDATA[no]]>
              </value>
            </param>
            <param index="11">
              <value>
                <![CDATA[no]]>
              </value>
            </param>
            <param index="12">
              <value>
                <![CDATA[no]]>
              </value>
            </param>
          </params>
          <reporter-output>
          </reporter-output>
        </test-method> <!-- addQuestions -->
        <test-method status="PASS" signature="tearDown()[pri:0, instance:com.capability.qa.testcases.AddQuestionsPageTest@3632be31]" name="tearDown" is-config="true" duration-ms="78" started-at="2019-11-20T17:06:40Z" finished-at="2019-11-20T17:06:40Z">
          <reporter-output>
          </reporter-output>
        </test-method> <!-- tearDown -->
        <test-method status="PASS" signature="setUp()[pri:0, instance:com.capability.qa.testcases.AddQuestionsPageTest@3632be31]" name="setUp" is-config="true" duration-ms="25082" started-at="2019-11-20T17:06:40Z" finished-at="2019-11-20T17:07:06Z">
          <reporter-output>
          </reporter-output>
        </test-method> <!-- setUp -->
        <test-method status="PASS" signature="addQuestions(java.lang.String, java.lang.String, java.lang.String, java.lang.String, java.lang.String, java.lang.String, java.lang.String, java.lang.String, java.lang.String, java.lang.String, java.lang.String, java.lang.String, java.lang.String)[pri:0, instance:com.capability.qa.testcases.AddQuestionsPageTest@3632be31]" name="addQuestions" duration-ms="1647" started-at="2019-11-20T17:07:06Z" data-provider="getCapabilityTestData" finished-at="2019-11-20T17:07:07Z">
          <params>
            <param index="0">
              <value>
                <![CDATA[JAVA]]>
              </value>
            </param>
            <param index="1">
              <value>
                <![CDATA[Intermediate]]>
              </value>
            </param>
            <param index="2">
              <value>
                <![CDATA[Single Choice Question]]>
              </value>
            </param>
            <param index="3">
              <value>
                <![CDATA[Overridding]]>
              </value>
            </param>
            <param index="4">
              <value>
                <![CDATA[Which of these keywords can be used to prevent Method overriding?]]>
              </value>
            </param>
            <param index="5">
              <value>
                <![CDATA[static]]>
              </value>
            </param>
            <param index="6">
              <value>
                <![CDATA[constant]]>
              </value>
            </param>
            <param index="7">
              <value>
                <![CDATA[protected]]>
              </value>
            </param>
            <param index="8">
              <value>
                <![CDATA[final]]>
              </value>
            </param>
            <param index="9">
              <value>
                <![CDATA[no]]>
              </value>
            </param>
            <param index="10">
              <value>
                <![CDATA[no]]>
              </value>
            </param>
            <param index="11">
              <value>
                <![CDATA[no]]>
              </value>
            </param>
            <param index="12">
              <value>
                <![CDATA[yes]]>
              </value>
            </param>
          </params>
          <reporter-output>
          </reporter-output>
        </test-method> <!-- addQuestions -->
        <test-method status="PASS" signature="tearDown()[pri:0, instance:com.capability.qa.testcases.AddQuestionsPageTest@3632be31]" name="tearDown" is-config="true" duration-ms="78" started-at="2019-11-20T17:07:07Z" finished-at="2019-11-20T17:07:07Z">
          <reporter-output>
          </reporter-output>
        </test-method> <!-- tearDown -->
        <test-method status="PASS" signature="setUp()[pri:0, instance:com.capability.qa.testcases.AddQuestionsPageTest@3632be31]" name="setUp" is-config="true" duration-ms="25221" started-at="2019-11-20T17:07:07Z" finished-at="2019-11-20T17:07:32Z">
          <reporter-output>
          </reporter-output>
        </test-method> <!-- setUp -->
        <test-method status="PASS" signature="addQuestions(java.lang.String, java.lang.String, java.lang.String, java.lang.String, java.lang.String, java.lang.String, java.lang.String, java.lang.String, java.lang.String, java.lang.String, java.lang.String, java.lang.String, java.lang.String)[pri:0, instance:com.capability.qa.testcases.AddQuestionsPageTest@3632be31]" name="addQuestions" duration-ms="1473" started-at="2019-11-20T17:07:32Z" data-provider="getCapabilityTestData" finished-at="2019-11-20T17:07:34Z">
          <params>
            <param index="0">
              <value>
                <![CDATA[JAVA]]>
              </value>
            </param>
            <param index="1">
              <value>
                <![CDATA[Complex]]>
              </value>
            </param>
            <param index="2">
              <value>
                <![CDATA[Single Choice Question]]>
              </value>
            </param>
            <param index="3">
              <value>
                <![CDATA[Inheritance]]>
              </value>
            </param>
            <param index="4">
              <value>
                <![CDATA[How many reserved keywords are currently defined in the Java language?]]>
              </value>
            </param>
            <param index="5">
              <value>
                <![CDATA[48.0]]>
              </value>
            </param>
            <param index="6">
              <value>
                <![CDATA[49.0]]>
              </value>
            </param>
            <param index="7">
              <value>
                <![CDATA[50.0]]>
              </value>
            </param>
            <param index="8">
              <value>
                <![CDATA[47.0]]>
              </value>
            </param>
            <param index="9">
              <value>
                <![CDATA[no]]>
              </value>
            </param>
            <param index="10">
              <value>
                <![CDATA[yes]]>
              </value>
            </param>
            <param index="11">
              <value>
                <![CDATA[no]]>
              </value>
            </param>
            <param index="12">
              <value>
                <![CDATA[yes]]>
              </value>
            </param>
          </params>
          <reporter-output>
          </reporter-output>
        </test-method> <!-- addQuestions -->
        <test-method status="PASS" signature="tearDown()[pri:0, instance:com.capability.qa.testcases.AddQuestionsPageTest@3632be31]" name="tearDown" is-config="true" duration-ms="102" started-at="2019-11-20T17:07:34Z" finished-at="2019-11-20T17:07:34Z">
          <reporter-output>
          </reporter-output>
        </test-method> <!-- tearDown -->
        <test-method status="PASS" signature="setUp()[pri:0, instance:com.capability.qa.testcases.AddQuestionsPageTest@3632be31]" name="setUp" is-config="true" duration-ms="24065" started-at="2019-11-20T17:07:34Z" finished-at="2019-11-20T17:07:58Z">
          <reporter-output>
          </reporter-output>
        </test-method> <!-- setUp -->
        <test-method status="PASS" signature="addQuestions(java.lang.String, java.lang.String, java.lang.String, java.lang.String, java.lang.String, java.lang.String, java.lang.String, java.lang.String, java.lang.String, java.lang.String, java.lang.String, java.lang.String, java.lang.String)[pri:0, instance:com.capability.qa.testcases.AddQuestionsPageTest@3632be31]" name="addQuestions" duration-ms="1686" started-at="2019-11-20T17:07:58Z" data-provider="getCapabilityTestData" finished-at="2019-11-20T17:08:00Z">
          <params>
            <param index="0">
              <value>
                <![CDATA[JAVA]]>
              </value>
            </param>
            <param index="1">
              <value>
                <![CDATA[Complex]]>
              </value>
            </param>
            <param index="2">
              <value>
                <![CDATA[Multiple Choice Question]]>
              </value>
            </param>
            <param index="3">
              <value>
                <![CDATA[Inheritance]]>
              </value>
            </param>
            <param index="4">
              <value>
                <![CDATA[Different types of Inheritance?]]>
              </value>
            </param>
            <param index="5">
              <value>
                <![CDATA[Singal inheritance]]>
              </value>
            </param>
            <param index="6">
              <value>
                <![CDATA[Multi_inheritance]]>
              </value>
            </param>
            <param index="7">
              <value>
                <![CDATA[Array]]>
              </value>
            </param>
            <param index="8">
              <value>
                <![CDATA[Control statement]]>
              </value>
            </param>
            <param index="9">
              <value>
                <![CDATA[yes]]>
              </value>
            </param>
            <param index="10">
              <value>
                <![CDATA[yes]]>
              </value>
            </param>
            <param index="11">
              <value>
                <![CDATA[no]]>
              </value>
            </param>
            <param index="12">
              <value>
                <![CDATA[no]]>
              </value>
            </param>
          </params>
          <reporter-output>
          </reporter-output>
        </test-method> <!-- addQuestions -->
        <test-method status="PASS" signature="tearDown()[pri:0, instance:com.capability.qa.testcases.AddQuestionsPageTest@3632be31]" name="tearDown" is-config="true" duration-ms="73" started-at="2019-11-20T17:08:00Z" finished-at="2019-11-20T17:08:00Z">
          <reporter-output>
          </reporter-output>
        </test-method> <!-- tearDown -->
        <test-method status="PASS" signature="setUp()[pri:0, instance:com.capability.qa.testcases.AddQuestionsPageTest@3632be31]" name="setUp" is-config="true" duration-ms="24502" started-at="2019-11-20T17:08:00Z" finished-at="2019-11-20T17:08:24Z">
          <reporter-output>
          </reporter-output>
        </test-method> <!-- setUp -->
        <test-method status="PASS" signature="addQuestions(java.lang.String, java.lang.String, java.lang.String, java.lang.String, java.lang.String, java.lang.String, java.lang.String, java.lang.String, java.lang.String, java.lang.String, java.lang.String, java.lang.String, java.lang.String)[pri:0, instance:com.capability.qa.testcases.AddQuestionsPageTest@3632be31]" name="addQuestions" duration-ms="1537" started-at="2019-11-20T17:08:24Z" data-provider="getCapabilityTestData" finished-at="2019-11-20T17:08:26Z">
          <params>
            <param index="0">
              <value>
                <![CDATA[ReactJS]]>
              </value>
            </param>
            <param index="1">
              <value>
                <![CDATA[Simple]]>
              </value>
            </param>
            <param index="2">
              <value>
                <![CDATA[Single Choice Question]]>
              </value>
            </param>
            <param index="3">
              <value>
                <![CDATA[No Chapters Added yet]]>
              </value>
            </param>
            <param index="4">
              <value>
                <![CDATA[What is ReactJS?]]>
              </value>
            </param>
            <param index="5">
              <value>
                <![CDATA[Server-side Framework]]>
              </value>
            </param>
            <param index="6">
              <value>
                <![CDATA[User-interface framework]]>
              </value>
            </param>
            <param index="7">
              <value>
                <![CDATA[Both]]>
              </value>
            </param>
            <param index="8">
              <value>
                <![CDATA[None]]>
              </value>
            </param>
            <param index="9">
              <value>
                <![CDATA[no]]>
              </value>
            </param>
            <param index="10">
              <value>
                <![CDATA[no]]>
              </value>
            </param>
            <param index="11">
              <value>
                <![CDATA[yes]]>
              </value>
            </param>
            <param index="12">
              <value>
                <![CDATA[no]]>
              </value>
            </param>
          </params>
          <reporter-output>
          </reporter-output>
        </test-method> <!-- addQuestions -->
        <test-method status="PASS" signature="tearDown()[pri:0, instance:com.capability.qa.testcases.AddQuestionsPageTest@3632be31]" name="tearDown" is-config="true" duration-ms="72" started-at="2019-11-20T17:08:26Z" finished-at="2019-11-20T17:08:26Z">
          <reporter-output>
          </reporter-output>
        </test-method> <!-- tearDown -->
        <test-method status="PASS" signature="setUp()[pri:0, instance:com.capability.qa.testcases.AddQuestionsPageTest@3632be31]" name="setUp" is-config="true" duration-ms="24633" started-at="2019-11-20T17:08:26Z" finished-at="2019-11-20T17:08:51Z">
          <reporter-output>
          </reporter-output>
        </test-method> <!-- setUp -->
        <test-method status="PASS" signature="addQuestions(java.lang.String, java.lang.String, java.lang.String, java.lang.String, java.lang.String, java.lang.String, java.lang.String, java.lang.String, java.lang.String, java.lang.String, java.lang.String, java.lang.String, java.lang.String)[pri:0, instance:com.capability.qa.testcases.AddQuestionsPageTest@3632be31]" name="addQuestions" duration-ms="2955" started-at="2019-11-20T17:08:51Z" data-provider="getCapabilityTestData" finished-at="2019-11-20T17:08:54Z">
          <params>
            <param index="0">
              <value>
                <![CDATA[ReactJS]]>
              </value>
            </param>
            <param index="1">
              <value>
                <![CDATA[Intermediate]]>
              </value>
            </param>
            <param index="2">
              <value>
                <![CDATA[Single Choice Question]]>
              </value>
            </param>
            <param index="3">
              <value>
                <![CDATA[No Chapters Added yet]]>
              </value>
            </param>
            <param index="4">
              <value>
                <![CDATA[What are the limitations of ReactJS?]]>
              </value>
            </param>
            <param index="5">
              <value>
                <![CDATA[React is only for view layer of the app so we still need the help of other technologies to get a complete tooling set for development]]>
              </value>
            </param>
            <param index="6">
              <value>
                <![CDATA[React is using inline templating and JSX. This can seem awkward to some developers]]>
              </value>
            </param>
            <param index="7">
              <value>
                <![CDATA[The library of react is too large]]>
              </value>
            </param>
            <param index="8">
              <value>
                <![CDATA[All Of These]]>
              </value>
            </param>
            <param index="9">
              <value>
                <![CDATA[no]]>
              </value>
            </param>
            <param index="10">
              <value>
                <![CDATA[no]]>
              </value>
            </param>
            <param index="11">
              <value>
                <![CDATA[no]]>
              </value>
            </param>
            <param index="12">
              <value>
                <![CDATA[yes]]>
              </value>
            </param>
          </params>
          <reporter-output>
          </reporter-output>
        </test-method> <!-- addQuestions -->
        <test-method status="PASS" signature="tearDown()[pri:0, instance:com.capability.qa.testcases.AddQuestionsPageTest@3632be31]" name="tearDown" is-config="true" duration-ms="77" started-at="2019-11-20T17:08:54Z" finished-at="2019-11-20T17:08:54Z">
          <reporter-output>
          </reporter-output>
        </test-method> <!-- tearDown -->
        <test-method status="PASS" signature="setUp()[pri:0, instance:com.capability.qa.testcases.AddQuestionsPageTest@3632be31]" name="setUp" is-config="true" duration-ms="24351" started-at="2019-11-20T17:08:54Z" finished-at="2019-11-20T17:09:18Z">
          <reporter-output>
          </reporter-output>
        </test-method> <!-- setUp -->
        <test-method status="PASS" signature="addQuestions(java.lang.String, java.lang.String, java.lang.String, java.lang.String, java.lang.String, java.lang.String, java.lang.String, java.lang.String, java.lang.String, java.lang.String, java.lang.String, java.lang.String, java.lang.String)[pri:0, instance:com.capability.qa.testcases.AddQuestionsPageTest@3632be31]" name="addQuestions" duration-ms="2026" started-at="2019-11-20T17:09:18Z" data-provider="getCapabilityTestData" finished-at="2019-11-20T17:09:20Z">
          <params>
            <param index="0">
              <value>
                <![CDATA[ReactJS]]>
              </value>
            </param>
            <param index="1">
              <value>
                <![CDATA[Complex]]>
              </value>
            </param>
            <param index="2">
              <value>
                <![CDATA[Multiple Choice Question]]>
              </value>
            </param>
            <param index="3">
              <value>
                <![CDATA[No Chapters Added yet]]>
              </value>
            </param>
            <param index="4">
              <value>
                <![CDATA[At the highest level, React components have lifecycle events that fall into]]>
              </value>
            </param>
            <param index="5">
              <value>
                <![CDATA[Initialization]]>
              </value>
            </param>
            <param index="6">
              <value>
                <![CDATA[State/Property Updates]]>
              </value>
            </param>
            <param index="7">
              <value>
                <![CDATA[Destruction]]>
              </value>
            </param>
            <param index="8">
              <value>
                <![CDATA[Query]]>
              </value>
            </param>
            <param index="9">
              <value>
                <![CDATA[yes]]>
              </value>
            </param>
            <param index="10">
              <value>
                <![CDATA[yes]]>
              </value>
            </param>
            <param index="11">
              <value>
                <![CDATA[yes]]>
              </value>
            </param>
            <param index="12">
              <value>
                <![CDATA[no]]>
              </value>
            </param>
          </params>
          <reporter-output>
          </reporter-output>
        </test-method> <!-- addQuestions -->
        <test-method status="PASS" signature="tearDown()[pri:0, instance:com.capability.qa.testcases.AddQuestionsPageTest@3632be31]" name="tearDown" is-config="true" duration-ms="82" started-at="2019-11-20T17:09:20Z" finished-at="2019-11-20T17:09:20Z">
          <reporter-output>
          </reporter-output>
        </test-method> <!-- tearDown -->
        <test-method status="PASS" signature="setUp()[pri:0, instance:com.capability.qa.testcases.AddQuestionsPageTest@3632be31]" name="setUp" is-config="true" duration-ms="24177" started-at="2019-11-20T17:09:20Z" finished-at="2019-11-20T17:09:44Z">
          <reporter-output>
          </reporter-output>
        </test-method> <!-- setUp -->
        <test-method status="PASS" signature="addQuestions(java.lang.String, java.lang.String, java.lang.String, java.lang.String, java.lang.String, java.lang.String, java.lang.String, java.lang.String, java.lang.String, java.lang.String, java.lang.String, java.lang.String, java.lang.String)[pri:0, instance:com.capability.qa.testcases.AddQuestionsPageTest@3632be31]" name="addQuestions" duration-ms="2267" started-at="2019-11-20T17:09:44Z" data-provider="getCapabilityTestData" finished-at="2019-11-20T17:09:47Z">
          <params>
            <param index="0">
              <value>
                <![CDATA[DW Concepts]]>
              </value>
            </param>
            <param index="1">
              <value>
                <![CDATA[Simple]]>
              </value>
            </param>
            <param index="2">
              <value>
                <![CDATA[Single Choice Question]]>
              </value>
            </param>
            <param index="3">
              <value>
                <![CDATA[Introduction of Data Warehouse]]>
              </value>
            </param>
            <param index="4">
              <value>
                <![CDATA[A goal of data mining includes which of the following?]]>
              </value>
            </param>
            <param index="5">
              <value>
                <![CDATA[To explain some observed event or condition]]>
              </value>
            </param>
            <param index="6">
              <value>
                <![CDATA[To confirm that data exists]]>
              </value>
            </param>
            <param index="7">
              <value>
                <![CDATA[To analyze data for expected relationships]]>
              </value>
            </param>
            <param index="8">
              <value>
                <![CDATA[To create a new data warehouse]]>
              </value>
            </param>
            <param index="9">
              <value>
                <![CDATA[yes]]>
              </value>
            </param>
            <param index="10">
              <value>
                <![CDATA[no]]>
              </value>
            </param>
            <param index="11">
              <value>
                <![CDATA[no]]>
              </value>
            </param>
            <param index="12">
              <value>
                <![CDATA[no]]>
              </value>
            </param>
          </params>
          <reporter-output>
          </reporter-output>
        </test-method> <!-- addQuestions -->
        <test-method status="PASS" signature="tearDown()[pri:0, instance:com.capability.qa.testcases.AddQuestionsPageTest@3632be31]" name="tearDown" is-config="true" duration-ms="71" started-at="2019-11-20T17:09:47Z" finished-at="2019-11-20T17:09:47Z">
          <reporter-output>
          </reporter-output>
        </test-method> <!-- tearDown -->
        <test-method status="PASS" signature="setUp()[pri:0, instance:com.capability.qa.testcases.AddQuestionsPageTest@3632be31]" name="setUp" is-config="true" duration-ms="24368" started-at="2019-11-20T17:09:47Z" finished-at="2019-11-20T17:10:11Z">
          <reporter-output>
          </reporter-output>
        </test-method> <!-- setUp -->
        <test-method status="PASS" signature="addQuestions(java.lang.String, java.lang.String, java.lang.String, java.lang.String, java.lang.String, java.lang.String, java.lang.String, java.lang.String, java.lang.String, java.lang.String, java.lang.String, java.lang.String, java.lang.String)[pri:0, instance:com.capability.qa.testcases.AddQuestionsPageTest@3632be31]" name="addQuestions" duration-ms="1537" started-at="2019-11-20T17:10:11Z" data-provider="getCapabilityTestData" finished-at="2019-11-20T17:10:13Z">
          <params>
            <param index="0">
              <value>
                <![CDATA[DW Concepts]]>
              </value>
            </param>
            <param index="1">
              <value>
                <![CDATA[Intermediate]]>
              </value>
            </param>
            <param index="2">
              <value>
                <![CDATA[Single Choice Question]]>
              </value>
            </param>
            <param index="3">
              <value>
                <![CDATA[Introduction of Data Warehouse]]>
              </value>
            </param>
            <param index="4">
              <value>
                <![CDATA[A snowflake schema is which of the following types of tables?]]>
              </value>
            </param>
            <param index="5">
              <value>
                <![CDATA[Fact]]>
              </value>
            </param>
            <param index="6">
              <value>
                <![CDATA[Dimensions]]>
              </value>
            </param>
            <param index="7">
              <value>
                <![CDATA[Helper]]>
              </value>
            </param>
            <param index="8">
              <value>
                <![CDATA[All Of These]]>
              </value>
            </param>
            <param index="9">
              <value>
                <![CDATA[no]]>
              </value>
            </param>
            <param index="10">
              <value>
                <![CDATA[no]]>
              </value>
            </param>
            <param index="11">
              <value>
                <![CDATA[no]]>
              </value>
            </param>
            <param index="12">
              <value>
                <![CDATA[yes]]>
              </value>
            </param>
          </params>
          <reporter-output>
          </reporter-output>
        </test-method> <!-- addQuestions -->
        <test-method status="PASS" signature="tearDown()[pri:0, instance:com.capability.qa.testcases.AddQuestionsPageTest@3632be31]" name="tearDown" is-config="true" duration-ms="73" started-at="2019-11-20T17:10:13Z" finished-at="2019-11-20T17:10:13Z">
          <reporter-output>
          </reporter-output>
        </test-method> <!-- tearDown -->
        <test-method status="PASS" signature="setUp()[pri:0, instance:com.capability.qa.testcases.AddQuestionsPageTest@3632be31]" name="setUp" is-config="true" duration-ms="24305" started-at="2019-11-20T17:10:13Z" finished-at="2019-11-20T17:10:37Z">
          <reporter-output>
          </reporter-output>
        </test-method> <!-- setUp -->
        <test-method status="PASS" signature="addQuestions(java.lang.String, java.lang.String, java.lang.String, java.lang.String, java.lang.String, java.lang.String, java.lang.String, java.lang.String, java.lang.String, java.lang.String, java.lang.String, java.lang.String, java.lang.String)[pri:0, instance:com.capability.qa.testcases.AddQuestionsPageTest@3632be31]" name="addQuestions" duration-ms="1981" started-at="2019-11-20T17:10:37Z" data-provider="getCapabilityTestData" finished-at="2019-11-20T17:10:39Z">
          <params>
            <param index="0">
              <value>
                <![CDATA[DW Concepts]]>
              </value>
            </param>
            <param index="1">
              <value>
                <![CDATA[Complex]]>
              </value>
            </param>
            <param index="2">
              <value>
                <![CDATA[Multiple Choice Question]]>
              </value>
            </param>
            <param index="3">
              <value>
                <![CDATA[ETL and Staging]]>
              </value>
            </param>
            <param index="4">
              <value>
                <![CDATA[The important aspect of the data warehouse environment is that data found within the data warehouse]]>
              </value>
            </param>
            <param index="5">
              <value>
                <![CDATA[subject-oriented]]>
              </value>
            </param>
            <param index="6">
              <value>
                <![CDATA[time-variant.]]>
              </value>
            </param>
            <param index="7">
              <value>
                <![CDATA[integrated.]]>
              </value>
            </param>
            <param index="8">
              <value>
                <![CDATA[None of these]]>
              </value>
            </param>
            <param index="9">
              <value>
                <![CDATA[yes]]>
              </value>
            </param>
            <param index="10">
              <value>
                <![CDATA[yes]]>
              </value>
            </param>
            <param index="11">
              <value>
                <![CDATA[yes]]>
              </value>
            </param>
            <param index="12">
              <value>
                <![CDATA[no]]>
              </value>
            </param>
          </params>
          <reporter-output>
          </reporter-output>
        </test-method> <!-- addQuestions -->
        <test-method status="PASS" signature="tearDown()[pri:0, instance:com.capability.qa.testcases.AddQuestionsPageTest@3632be31]" name="tearDown" is-config="true" duration-ms="81" started-at="2019-11-20T17:10:39Z" finished-at="2019-11-20T17:10:39Z">
          <reporter-output>
          </reporter-output>
        </test-method> <!-- tearDown -->
        <test-method status="PASS" signature="setUp()[pri:0, instance:com.capability.qa.testcases.AddQuestionsPageTest@3632be31]" name="setUp" is-config="true" duration-ms="24226" started-at="2019-11-20T17:10:39Z" finished-at="2019-11-20T17:11:03Z">
          <reporter-output>
          </reporter-output>
        </test-method> <!-- setUp -->
        <test-method status="FAIL" signature="addQuestions(java.lang.String, java.lang.String, java.lang.String, java.lang.String, java.lang.String, java.lang.String, java.lang.String, java.lang.String, java.lang.String, java.lang.String, java.lang.String, java.lang.String, java.lang.String)[pri:0, instance:com.capability.qa.testcases.AddQuestionsPageTest@3632be31]" name="addQuestions" duration-ms="30713" started-at="2019-11-20T17:11:03Z" data-provider="getCapabilityTestData" finished-at="2019-11-20T17:11:34Z">
          <params>
            <param index="0">
              <value>
                <![CDATA[JavaScript]]>
              </value>
            </param>
            <param index="1">
              <value>
                <![CDATA[Simple]]>
              </value>
            </param>
            <param index="2">
              <value>
                <![CDATA[Single Choice Question]]>
              </value>
            </param>
            <param index="3">
              <value>
                <![CDATA[No Chapters Added yet]]>
              </value>
            </param>
            <param index="4">
              <value>
                <![CDATA[Javascript is _________ language.]]>
              </value>
            </param>
            <param index="5">
              <value>
                <![CDATA[Application]]>
              </value>
            </param>
            <param index="6">
              <value>
                <![CDATA[Programming]]>
              </value>
            </param>
            <param index="7">
              <value>
                <![CDATA[None of These]]>
              </value>
            </param>
            <param index="8">
              <value>
                <![CDATA[Scripting]]>
              </value>
            </param>
            <param index="9">
              <value>
                <![CDATA[no]]>
              </value>
            </param>
            <param index="10">
              <value>
                <![CDATA[no]]>
              </value>
            </param>
            <param index="11">
              <value>
                <![CDATA[no]]>
              </value>
            </param>
            <param index="12">
              <value>
                <![CDATA[yes]]>
              </value>
            </param>
          </params>
          <exception class="org.openqa.selenium.NoSuchElementException">
            <message>
              <![CDATA[Cannot locate element with text: No Chapters Added yet
For documentation on this error, please visit: http://seleniumhq.org/exceptions/no_such_element.html
Build info: version: '3.14.0', revision: 'aacccce0', time: '2018-08-02T20:19:58.91Z'
System info: host: 'DESKTOP-KU23G2B', ip: '192.168.1.106', os.name: 'Windows 10', os.arch: 'amd64', os.version: '10.0', java.version: '1.8.0_202'
Driver info: driver.version: unknown]]>
            </message>
            <full-stacktrace>
              <![CDATA[org.openqa.selenium.NoSuchElementException: Cannot locate element with text: No Chapters Added yet
For documentation on this error, please visit: http://seleniumhq.org/exceptions/no_such_element.html
Build info: version: '3.14.0', revision: 'aacccce0', time: '2018-08-02T20:19:58.91Z'
System info: host: 'DESKTOP-KU23G2B', ip: '192.168.1.106', os.name: 'Windows 10', os.arch: 'amd64', os.version: '10.0', java.version: '1.8.0_202'
Driver info: driver.version: unknown
	at org.openqa.selenium.support.ui.Select.selectByVisibleText(Select.java:151)
	at com.capability.qa.Pages.AddQuestionsPage.selectChapterDropDown(AddQuestionsPage.java:100)
	at com.capability.qa.testcases.AddQuestionsPageTest.addQuestions(AddQuestionsPageTest.java:73)
	at sun.reflect.NativeMethodAccessorImpl.invoke0(Native Method)
	at sun.reflect.NativeMethodAccessorImpl.invoke(Unknown Source)
	at sun.reflect.DelegatingMethodAccessorImpl.invoke(Unknown Source)
	at java.lang.reflect.Method.invoke(Unknown Source)
	at org.testng.internal.MethodInvocationHelper.invokeMethod(MethodInvocationHelper.java:108)
	at org.testng.internal.Invoker.invokeMethod(Invoker.java:661)
	at org.testng.internal.Invoker.invokeTestMethod(Invoker.java:869)
	at org.testng.internal.Invoker.invokeTestMethods(Invoker.java:1193)
	at org.testng.internal.TestMethodWorker.invokeTestMethods(TestMethodWorker.java:126)
	at org.testng.internal.TestMethodWorker.run(TestMethodWorker.java:109)
	at org.testng.TestRunner.privateRun(TestRunner.java:744)
	at org.testng.TestRunner.run(TestRunner.java:602)
	at org.testng.SuiteRunner.runTest(SuiteRunner.java:380)
	at org.testng.SuiteRunner.runSequentially(SuiteRunner.java:375)
	at org.testng.SuiteRunner.privateRun(SuiteRunner.java:340)
	at org.testng.SuiteRunner.run(SuiteRunner.java:289)
	at org.testng.SuiteRunnerWorker.runSuite(SuiteRunnerWorker.java:52)
	at org.testng.SuiteRunnerWorker.run(SuiteRunnerWorker.java:86)
	at org.testng.TestNG.runSuitesSequentially(TestNG.java:1301)
	at org.testng.TestNG.runSuitesLocally(TestNG.java:1226)
	at org.testng.TestNG.runSuites(TestNG.java:1144)
	at org.testng.TestNG.run(TestNG.java:1115)
	at org.testng.remote.AbstractRemoteTestNG.run(AbstractRemoteTestNG.java:114)
	at org.testng.remote.RemoteTestNG.initAndRun(RemoteTestNG.java:251)
	at org.testng.remote.RemoteTestNG.main(RemoteTestNG.java:77)
]]>
            </full-stacktrace>
          </exception> <!-- org.openqa.selenium.NoSuchElementException -->
          <reporter-output>
          </reporter-output>
        </test-method> <!-- addQuestions -->
        <test-method status="PASS" signature="tearDown()[pri:0, instance:com.capability.qa.testcases.AddQuestionsPageTest@3632be31]" name="tearDown" is-config="true" duration-ms="101" started-at="2019-11-20T17:11:34Z" finished-at="2019-11-20T17:11:34Z">
          <reporter-output>
          </reporter-output>
        </test-method> <!-- tearDown -->
        <test-method status="PASS" signature="setUp()[pri:0, instance:com.capability.qa.testcases.AddQuestionsPageTest@3632be31]" name="setUp" is-config="true" duration-ms="24214" started-at="2019-11-20T17:11:34Z" finished-at="2019-11-20T17:11:58Z">
          <reporter-output>
          </reporter-output>
        </test-method> <!-- setUp -->
        <test-method status="FAIL" signature="addQuestions(java.lang.String, java.lang.String, java.lang.String, java.lang.String, java.lang.String, java.lang.String, java.lang.String, java.lang.String, java.lang.String, java.lang.String, java.lang.String, java.lang.String, java.lang.String)[pri:0, instance:com.capability.qa.testcases.AddQuestionsPageTest@3632be31]" name="addQuestions" duration-ms="30739" started-at="2019-11-20T17:11:58Z" data-provider="getCapabilityTestData" finished-at="2019-11-20T17:12:29Z">
          <params>
            <param index="0">
              <value>
                <![CDATA[JavaScript]]>
              </value>
            </param>
            <param index="1">
              <value>
                <![CDATA[Intermediate]]>
              </value>
            </param>
            <param index="2">
              <value>
                <![CDATA[Single Choice Question]]>
              </value>
            </param>
            <param index="3">
              <value>
                <![CDATA[No Chapters Added yet]]>
              </value>
            </param>
            <param index="4">
              <value>
                <![CDATA[JavaScript is designed for following purpose]]>
              </value>
            </param>
            <param index="5">
              <value>
                <![CDATA[To Perform Server Side Scripting Opertion]]>
              </value>
            </param>
            <param index="6">
              <value>
                <![CDATA[To add interactivity to HTML Pages]]>
              </value>
            </param>
            <param index="7">
              <value>
                <![CDATA[To Execute Query Related to DB on Server]]>
              </value>
            </param>
            <param index="8">
              <value>
                <![CDATA[To Style HTML Pages]]>
              </value>
            </param>
            <param index="9">
              <value>
                <![CDATA[no]]>
              </value>
            </param>
            <param index="10">
              <value>
                <![CDATA[yes]]>
              </value>
            </param>
            <param index="11">
              <value>
                <![CDATA[no]]>
              </value>
            </param>
            <param index="12">
              <value>
                <![CDATA[no]]>
              </value>
            </param>
          </params>
          <exception class="org.openqa.selenium.NoSuchElementException">
            <message>
              <![CDATA[Cannot locate element with text: No Chapters Added yet
For documentation on this error, please visit: http://seleniumhq.org/exceptions/no_such_element.html
Build info: version: '3.14.0', revision: 'aacccce0', time: '2018-08-02T20:19:58.91Z'
System info: host: 'DESKTOP-KU23G2B', ip: '192.168.1.106', os.name: 'Windows 10', os.arch: 'amd64', os.version: '10.0', java.version: '1.8.0_202'
Driver info: driver.version: unknown]]>
            </message>
            <full-stacktrace>
              <![CDATA[org.openqa.selenium.NoSuchElementException: Cannot locate element with text: No Chapters Added yet
For documentation on this error, please visit: http://seleniumhq.org/exceptions/no_such_element.html
Build info: version: '3.14.0', revision: 'aacccce0', time: '2018-08-02T20:19:58.91Z'
System info: host: 'DESKTOP-KU23G2B', ip: '192.168.1.106', os.name: 'Windows 10', os.arch: 'amd64', os.version: '10.0', java.version: '1.8.0_202'
Driver info: driver.version: unknown
	at org.openqa.selenium.support.ui.Select.selectByVisibleText(Select.java:151)
	at com.capability.qa.Pages.AddQuestionsPage.selectChapterDropDown(AddQuestionsPage.java:100)
	at com.capability.qa.testcases.AddQuestionsPageTest.addQuestions(AddQuestionsPageTest.java:73)
	at sun.reflect.NativeMethodAccessorImpl.invoke0(Native Method)
	at sun.reflect.NativeMethodAccessorImpl.invoke(Unknown Source)
	at sun.reflect.DelegatingMethodAccessorImpl.invoke(Unknown Source)
	at java.lang.reflect.Method.invoke(Unknown Source)
	at org.testng.internal.MethodInvocationHelper.invokeMethod(MethodInvocationHelper.java:108)
	at org.testng.internal.Invoker.invokeMethod(Invoker.java:661)
	at org.testng.internal.Invoker.invokeTestMethod(Invoker.java:869)
	at org.testng.internal.Invoker.invokeTestMethods(Invoker.java:1193)
	at org.testng.internal.TestMethodWorker.invokeTestMethods(TestMethodWorker.java:126)
	at org.testng.internal.TestMethodWorker.run(TestMethodWorker.java:109)
	at org.testng.TestRunner.privateRun(TestRunner.java:744)
	at org.testng.TestRunner.run(TestRunner.java:602)
	at org.testng.SuiteRunner.runTest(SuiteRunner.java:380)
	at org.testng.SuiteRunner.runSequentially(SuiteRunner.java:375)
	at org.testng.SuiteRunner.privateRun(SuiteRunner.java:340)
	at org.testng.SuiteRunner.run(SuiteRunner.java:289)
	at org.testng.SuiteRunnerWorker.runSuite(SuiteRunnerWorker.java:52)
	at org.testng.SuiteRunnerWorker.run(SuiteRunnerWorker.java:86)
	at org.testng.TestNG.runSuitesSequentially(TestNG.java:1301)
	at org.testng.TestNG.runSuitesLocally(TestNG.java:1226)
	at org.testng.TestNG.runSuites(TestNG.java:1144)
	at org.testng.TestNG.run(TestNG.java:1115)
	at org.testng.remote.AbstractRemoteTestNG.run(AbstractRemoteTestNG.java:114)
	at org.testng.remote.RemoteTestNG.initAndRun(RemoteTestNG.java:251)
	at org.testng.remote.RemoteTestNG.main(RemoteTestNG.java:77)
]]>
            </full-stacktrace>
          </exception> <!-- org.openqa.selenium.NoSuchElementException -->
          <reporter-output>
          </reporter-output>
        </test-method> <!-- addQuestions -->
        <test-method status="PASS" signature="tearDown()[pri:0, instance:com.capability.qa.testcases.AddQuestionsPageTest@3632be31]" name="tearDown" is-config="true" duration-ms="93" started-at="2019-11-20T17:12:29Z" finished-at="2019-11-20T17:12:29Z">
          <reporter-output>
          </reporter-output>
        </test-method> <!-- tearDown -->
        <test-method status="PASS" signature="setUp()[pri:0, instance:com.capability.qa.testcases.AddQuestionsPageTest@3632be31]" name="setUp" is-config="true" duration-ms="24633" started-at="2019-11-20T17:12:29Z" finished-at="2019-11-20T17:12:54Z">
          <reporter-output>
          </reporter-output>
        </test-method> <!-- setUp -->
        <test-method status="FAIL" signature="addQuestions(java.lang.String, java.lang.String, java.lang.String, java.lang.String, java.lang.String, java.lang.String, java.lang.String, java.lang.String, java.lang.String, java.lang.String, java.lang.String, java.lang.String, java.lang.String)[pri:0, instance:com.capability.qa.testcases.AddQuestionsPageTest@3632be31]" name="addQuestions" duration-ms="30741" started-at="2019-11-20T17:12:54Z" data-provider="getCapabilityTestData" finished-at="2019-11-20T17:13:24Z">
          <params>
            <param index="0">
              <value>
                <![CDATA[JavaScript]]>
              </value>
            </param>
            <param index="1">
              <value>
                <![CDATA[Complex]]>
              </value>
            </param>
            <param index="2">
              <value>
                <![CDATA[Multiple Choice Question]]>
              </value>
            </param>
            <param index="3">
              <value>
                <![CDATA[No Chapters Added yet]]>
              </value>
            </param>
            <param index="4">
              <value>
                <![CDATA[JavaScript is can be written]]>
              </value>
            </param>
            <param index="5">
              <value>
                <![CDATA[directly on the Server Script]]>
              </value>
            </param>
            <param index="6">
              <value>
                <![CDATA[None of these]]>
              </value>
            </param>
            <param index="7">
              <value>
                <![CDATA[directly into JS file and included into HTML]]>
              </value>
            </param>
            <param index="8">
              <value>
                <![CDATA[directly into HTML pages]]>
              </value>
            </param>
            <param index="9">
              <value>
                <![CDATA[no]]>
              </value>
            </param>
            <param index="10">
              <value>
                <![CDATA[no]]>
              </value>
            </param>
            <param index="11">
              <value>
                <![CDATA[yes]]>
              </value>
            </param>
            <param index="12">
              <value>
                <![CDATA[yes]]>
              </value>
            </param>
          </params>
          <exception class="org.openqa.selenium.NoSuchElementException">
            <message>
              <![CDATA[Cannot locate element with text: No Chapters Added yet
For documentation on this error, please visit: http://seleniumhq.org/exceptions/no_such_element.html
Build info: version: '3.14.0', revision: 'aacccce0', time: '2018-08-02T20:19:58.91Z'
System info: host: 'DESKTOP-KU23G2B', ip: '192.168.1.106', os.name: 'Windows 10', os.arch: 'amd64', os.version: '10.0', java.version: '1.8.0_202'
Driver info: driver.version: unknown]]>
            </message>
            <full-stacktrace>
              <![CDATA[org.openqa.selenium.NoSuchElementException: Cannot locate element with text: No Chapters Added yet
For documentation on this error, please visit: http://seleniumhq.org/exceptions/no_such_element.html
Build info: version: '3.14.0', revision: 'aacccce0', time: '2018-08-02T20:19:58.91Z'
System info: host: 'DESKTOP-KU23G2B', ip: '192.168.1.106', os.name: 'Windows 10', os.arch: 'amd64', os.version: '10.0', java.version: '1.8.0_202'
Driver info: driver.version: unknown
	at org.openqa.selenium.support.ui.Select.selectByVisibleText(Select.java:151)
	at com.capability.qa.Pages.AddQuestionsPage.selectChapterDropDown(AddQuestionsPage.java:100)
	at com.capability.qa.testcases.AddQuestionsPageTest.addQuestions(AddQuestionsPageTest.java:73)
	at sun.reflect.NativeMethodAccessorImpl.invoke0(Native Method)
	at sun.reflect.NativeMethodAccessorImpl.invoke(Unknown Source)
	at sun.reflect.DelegatingMethodAccessorImpl.invoke(Unknown Source)
	at java.lang.reflect.Method.invoke(Unknown Source)
	at org.testng.internal.MethodInvocationHelper.invokeMethod(MethodInvocationHelper.java:108)
	at org.testng.internal.Invoker.invokeMethod(Invoker.java:661)
	at org.testng.internal.Invoker.invokeTestMethod(Invoker.java:869)
	at org.testng.internal.Invoker.invokeTestMethods(Invoker.java:1193)
	at org.testng.internal.TestMethodWorker.invokeTestMethods(TestMethodWorker.java:126)
	at org.testng.internal.TestMethodWorker.run(TestMethodWorker.java:109)
	at org.testng.TestRunner.privateRun(TestRunner.java:744)
	at org.testng.TestRunner.run(TestRunner.java:602)
	at org.testng.SuiteRunner.runTest(SuiteRunner.java:380)
	at org.testng.SuiteRunner.runSequentially(SuiteRunner.java:375)
	at org.testng.SuiteRunner.privateRun(SuiteRunner.java:340)
	at org.testng.SuiteRunner.run(SuiteRunner.java:289)
	at org.testng.SuiteRunnerWorker.runSuite(SuiteRunnerWorker.java:52)
	at org.testng.SuiteRunnerWorker.run(SuiteRunnerWorker.java:86)
	at org.testng.TestNG.runSuitesSequentially(TestNG.java:1301)
	at org.testng.TestNG.runSuitesLocally(TestNG.java:1226)
	at org.testng.TestNG.runSuites(TestNG.java:1144)
	at org.testng.TestNG.run(TestNG.java:1115)
	at org.testng.remote.AbstractRemoteTestNG.run(AbstractRemoteTestNG.java:114)
	at org.testng.remote.RemoteTestNG.initAndRun(RemoteTestNG.java:251)
	at org.testng.remote.RemoteTestNG.main(RemoteTestNG.java:77)
]]>
            </full-stacktrace>
          </exception> <!-- org.openqa.selenium.NoSuchElementException -->
          <reporter-output>
          </reporter-output>
        </test-method> <!-- addQuestions -->
        <test-method status="PASS" signature="tearDown()[pri:0, instance:com.capability.qa.testcases.AddQuestionsPageTest@3632be31]" name="tearDown" is-config="true" duration-ms="93" started-at="2019-11-20T17:13:24Z" finished-at="2019-11-20T17:13:25Z">
          <reporter-output>
          </reporter-output>
        </test-method> <!-- tearDown -->
        <test-method status="PASS" signature="setUp()[pri:0, instance:com.capability.qa.testcases.AddQuestionsPageTest@3632be31]" name="setUp" is-config="true" duration-ms="24519" started-at="2019-11-20T17:13:25Z" finished-at="2019-11-20T17:13:49Z">
          <reporter-output>
          </reporter-output>
        </test-method> <!-- setUp -->
        <test-method status="PASS" signature="addQuestions(java.lang.String, java.lang.String, java.lang.String, java.lang.String, java.lang.String, java.lang.String, java.lang.String, java.lang.String, java.lang.String, java.lang.String, java.lang.String, java.lang.String, java.lang.String)[pri:0, instance:com.capability.qa.testcases.AddQuestionsPageTest@3632be31]" name="addQuestions" duration-ms="1582" started-at="2019-11-20T17:13:49Z" data-provider="getCapabilityTestData" finished-at="2019-11-20T17:13:51Z">
          <params>
            <param index="0">
              <value>
                <![CDATA[Tableau]]>
              </value>
            </param>
            <param index="1">
              <value>
                <![CDATA[Simple]]>
              </value>
            </param>
            <param index="2">
              <value>
                <![CDATA[Single Choice Question]]>
              </value>
            </param>
            <param index="3">
              <value>
                <![CDATA[Tableau Functions]]>
              </value>
            </param>
            <param index="4">
              <value>
                <![CDATA[The symbol related with the field that has been assembled is a____]]>
              </value>
            </param>
            <param index="5">
              <value>
                <![CDATA[Paper Clasp]]>
              </value>
            </param>
            <param index="6">
              <value>
                <![CDATA[set]]>
              </value>
            </param>
            <param index="7">
              <value>
                <![CDATA[hash]]>
              </value>
            </param>
            <param index="8">
              <value>
                <![CDATA[Equivalent To]]>
              </value>
            </param>
            <param index="9">
              <value>
                <![CDATA[yes]]>
              </value>
            </param>
            <param index="10">
              <value>
                <![CDATA[no]]>
              </value>
            </param>
            <param index="11">
              <value>
                <![CDATA[no]]>
              </value>
            </param>
            <param index="12">
              <value>
                <![CDATA[no]]>
              </value>
            </param>
          </params>
          <reporter-output>
          </reporter-output>
        </test-method> <!-- addQuestions -->
        <test-method status="PASS" signature="tearDown()[pri:0, instance:com.capability.qa.testcases.AddQuestionsPageTest@3632be31]" name="tearDown" is-config="true" duration-ms="110" started-at="2019-11-20T17:13:51Z" finished-at="2019-11-20T17:13:51Z">
          <reporter-output>
          </reporter-output>
        </test-method> <!-- tearDown -->
        <test-method status="PASS" signature="setUp()[pri:0, instance:com.capability.qa.testcases.AddQuestionsPageTest@3632be31]" name="setUp" is-config="true" duration-ms="24479" started-at="2019-11-20T17:13:51Z" finished-at="2019-11-20T17:14:15Z">
          <reporter-output>
          </reporter-output>
        </test-method> <!-- setUp -->
        <test-method status="PASS" signature="addQuestions(java.lang.String, java.lang.String, java.lang.String, java.lang.String, java.lang.String, java.lang.String, java.lang.String, java.lang.String, java.lang.String, java.lang.String, java.lang.String, java.lang.String, java.lang.String)[pri:0, instance:com.capability.qa.testcases.AddQuestionsPageTest@3632be31]" name="addQuestions" duration-ms="1388" started-at="2019-11-20T17:14:15Z" data-provider="getCapabilityTestData" finished-at="2019-11-20T17:14:17Z">
          <params>
            <param index="0">
              <value>
                <![CDATA[Tableau]]>
              </value>
            </param>
            <param index="1">
              <value>
                <![CDATA[Intermediate]]>
              </value>
            </param>
            <param index="2">
              <value>
                <![CDATA[Single Choice Question]]>
              </value>
            </param>
            <param index="3">
              <value>
                <![CDATA[Tableau Functions]]>
              </value>
            </param>
            <param index="4">
              <value>
                <![CDATA[How many maximum tables can you join in Tableau?]]>
              </value>
            </param>
            <param index="5">
              <value>
                <![CDATA[39.0]]>
              </value>
            </param>
            <param index="6">
              <value>
                <![CDATA[32.0]]>
              </value>
            </param>
            <param index="7">
              <value>
                <![CDATA[29.0]]>
              </value>
            </param>
            <param index="8">
              <value>
                <![CDATA[25.0]]>
              </value>
            </param>
            <param index="9">
              <value>
                <![CDATA[no]]>
              </value>
            </param>
            <param index="10">
              <value>
                <![CDATA[yes]]>
              </value>
            </param>
            <param index="11">
              <value>
                <![CDATA[no]]>
              </value>
            </param>
            <param index="12">
              <value>
                <![CDATA[no]]>
              </value>
            </param>
          </params>
          <reporter-output>
          </reporter-output>
        </test-method> <!-- addQuestions -->
        <test-method status="PASS" signature="tearDown()[pri:0, instance:com.capability.qa.testcases.AddQuestionsPageTest@3632be31]" name="tearDown" is-config="true" duration-ms="80" started-at="2019-11-20T17:14:17Z" finished-at="2019-11-20T17:14:17Z">
          <reporter-output>
          </reporter-output>
        </test-method> <!-- tearDown -->
        <test-method status="PASS" signature="setUp()[pri:0, instance:com.capability.qa.testcases.AddQuestionsPageTest@3632be31]" name="setUp" is-config="true" duration-ms="24481" started-at="2019-11-20T17:14:17Z" finished-at="2019-11-20T17:14:41Z">
          <reporter-output>
          </reporter-output>
        </test-method> <!-- setUp -->
        <test-method status="PASS" signature="addQuestions(java.lang.String, java.lang.String, java.lang.String, java.lang.String, java.lang.String, java.lang.String, java.lang.String, java.lang.String, java.lang.String, java.lang.String, java.lang.String, java.lang.String, java.lang.String)[pri:0, instance:com.capability.qa.testcases.AddQuestionsPageTest@3632be31]" name="addQuestions" duration-ms="1665" started-at="2019-11-20T17:14:41Z" data-provider="getCapabilityTestData" finished-at="2019-11-20T17:14:43Z">
          <params>
            <param index="0">
              <value>
                <![CDATA[Tableau]]>
              </value>
            </param>
            <param index="1">
              <value>
                <![CDATA[Complex]]>
              </value>
            </param>
            <param index="2">
              <value>
                <![CDATA[Multiple Choice Question]]>
              </value>
            </param>
            <param index="3">
              <value>
                <![CDATA[Tableau Functions]]>
              </value>
            </param>
            <param index="4">
              <value>
                <![CDATA[What are the different types of joins in Tableau?]]>
              </value>
            </param>
            <param index="5">
              <value>
                <![CDATA[lest join]]>
              </value>
            </param>
            <param index="6">
              <value>
                <![CDATA[right join]]>
              </value>
            </param>
            <param index="7">
              <value>
                <![CDATA[inner join]]>
              </value>
            </param>
            <param index="8">
              <value>
                <![CDATA[none of these]]>
              </value>
            </param>
            <param index="9">
              <value>
                <![CDATA[yes]]>
              </value>
            </param>
            <param index="10">
              <value>
                <![CDATA[yes]]>
              </value>
            </param>
            <param index="11">
              <value>
                <![CDATA[yes]]>
              </value>
            </param>
            <param index="12">
              <value>
                <![CDATA[no]]>
              </value>
            </param>
          </params>
          <reporter-output>
          </reporter-output>
        </test-method> <!-- addQuestions -->
        <test-method status="PASS" signature="tearDown()[pri:0, instance:com.capability.qa.testcases.AddQuestionsPageTest@3632be31]" name="tearDown" is-config="true" duration-ms="84" started-at="2019-11-20T17:14:43Z" finished-at="2019-11-20T17:14:43Z">
          <reporter-output>
          </reporter-output>
        </test-method> <!-- tearDown -->
        <test-method status="PASS" signature="setUp()[pri:0, instance:com.capability.qa.testcases.AddQuestionsPageTest@3632be31]" name="setUp" is-config="true" duration-ms="24500" started-at="2019-11-20T17:14:43Z" finished-at="2019-11-20T17:15:07Z">
          <reporter-output>
          </reporter-output>
        </test-method> <!-- setUp -->
        <test-method status="PASS" signature="addQuestions(java.lang.String, java.lang.String, java.lang.String, java.lang.String, java.lang.String, java.lang.String, java.lang.String, java.lang.String, java.lang.String, java.lang.String, java.lang.String, java.lang.String, java.lang.String)[pri:0, instance:com.capability.qa.testcases.AddQuestionsPageTest@3632be31]" name="addQuestions" duration-ms="1905" started-at="2019-11-20T17:15:07Z" data-provider="getCapabilityTestData" finished-at="2019-11-20T17:15:09Z">
          <params>
            <param index="0">
              <value>
                <![CDATA[Oracle SQL]]>
              </value>
            </param>
            <param index="1">
              <value>
                <![CDATA[Simple]]>
              </value>
            </param>
            <param index="2">
              <value>
                <![CDATA[Single Choice Question]]>
              </value>
            </param>
            <param index="3">
              <value>
                <![CDATA[SQL Functions]]>
              </value>
            </param>
            <param index="4">
              <value>
                <![CDATA[What is the full form of SQL?]]>
              </value>
            </param>
            <param index="5">
              <value>
                <![CDATA[Structured Query Language]]>
              </value>
            </param>
            <param index="6">
              <value>
                <![CDATA[Structured Query List]]>
              </value>
            </param>
            <param index="7">
              <value>
                <![CDATA[Simple Query Langua]]>
              </value>
            </param>
            <param index="8">
              <value>
                <![CDATA[None of the Mentioned]]>
              </value>
            </param>
            <param index="9">
              <value>
                <![CDATA[yes]]>
              </value>
            </param>
            <param index="10">
              <value>
                <![CDATA[no]]>
              </value>
            </param>
            <param index="11">
              <value>
                <![CDATA[no]]>
              </value>
            </param>
            <param index="12">
              <value>
                <![CDATA[no]]>
              </value>
            </param>
          </params>
          <reporter-output>
          </reporter-output>
        </test-method> <!-- addQuestions -->
        <test-method status="PASS" signature="tearDown()[pri:0, instance:com.capability.qa.testcases.AddQuestionsPageTest@3632be31]" name="tearDown" is-config="true" duration-ms="73" started-at="2019-11-20T17:15:09Z" finished-at="2019-11-20T17:15:09Z">
          <reporter-output>
          </reporter-output>
        </test-method> <!-- tearDown -->
        <test-method status="PASS" signature="setUp()[pri:0, instance:com.capability.qa.testcases.AddQuestionsPageTest@3632be31]" name="setUp" is-config="true" duration-ms="24590" started-at="2019-11-20T17:15:09Z" finished-at="2019-11-20T17:15:34Z">
          <reporter-output>
          </reporter-output>
        </test-method> <!-- setUp -->
        <test-method status="PASS" signature="addQuestions(java.lang.String, java.lang.String, java.lang.String, java.lang.String, java.lang.String, java.lang.String, java.lang.String, java.lang.String, java.lang.String, java.lang.String, java.lang.String, java.lang.String, java.lang.String)[pri:0, instance:com.capability.qa.testcases.AddQuestionsPageTest@3632be31]" name="addQuestions" duration-ms="1934" started-at="2019-11-20T17:15:34Z" data-provider="getCapabilityTestData" finished-at="2019-11-20T17:15:36Z">
          <params>
            <param index="0">
              <value>
                <![CDATA[Oracle SQL]]>
              </value>
            </param>
            <param index="1">
              <value>
                <![CDATA[Intermediate]]>
              </value>
            </param>
            <param index="2">
              <value>
                <![CDATA[Single Choice Question]]>
              </value>
            </param>
            <param index="3">
              <value>
                <![CDATA[SQL Functions]]>
              </value>
            </param>
            <param index="4">
              <value>
                <![CDATA[In SQL, which command is used to SELECT only one copy of each set of duplicable rows]]>
              </value>
            </param>
            <param index="5">
              <value>
                <![CDATA[SELECT DISTINCT]]>
              </value>
            </param>
            <param index="6">
              <value>
                <![CDATA[SELECT UNIQUE]]>
              </value>
            </param>
            <param index="7">
              <value>
                <![CDATA[SELECT DIFFERENT]]>
              </value>
            </param>
            <param index="8">
              <value>
                <![CDATA[All of the Mentioned]]>
              </value>
            </param>
            <param index="9">
              <value>
                <![CDATA[yes]]>
              </value>
            </param>
            <param index="10">
              <value>
                <![CDATA[no]]>
              </value>
            </param>
            <param index="11">
              <value>
                <![CDATA[no]]>
              </value>
            </param>
            <param index="12">
              <value>
                <![CDATA[no]]>
              </value>
            </param>
          </params>
          <reporter-output>
          </reporter-output>
        </test-method> <!-- addQuestions -->
        <test-method status="PASS" signature="tearDown()[pri:0, instance:com.capability.qa.testcases.AddQuestionsPageTest@3632be31]" name="tearDown" is-config="true" duration-ms="78" started-at="2019-11-20T17:15:36Z" finished-at="2019-11-20T17:15:36Z">
          <reporter-output>
          </reporter-output>
        </test-method> <!-- tearDown -->
        <test-method status="PASS" signature="setUp()[pri:0, instance:com.capability.qa.testcases.AddQuestionsPageTest@3632be31]" name="setUp" is-config="true" duration-ms="24570" started-at="2019-11-20T17:15:36Z" finished-at="2019-11-20T17:16:01Z">
          <reporter-output>
          </reporter-output>
        </test-method> <!-- setUp -->
        <test-method status="PASS" signature="addQuestions(java.lang.String, java.lang.String, java.lang.String, java.lang.String, java.lang.String, java.lang.String, java.lang.String, java.lang.String, java.lang.String, java.lang.String, java.lang.String, java.lang.String, java.lang.String)[pri:0, instance:com.capability.qa.testcases.AddQuestionsPageTest@3632be31]" name="addQuestions" duration-ms="1736" started-at="2019-11-20T17:16:01Z" data-provider="getCapabilityTestData" finished-at="2019-11-20T17:16:02Z">
          <params>
            <param index="0">
              <value>
                <![CDATA[Oracle SQL]]>
              </value>
            </param>
            <param index="1">
              <value>
                <![CDATA[Complex]]>
              </value>
            </param>
            <param index="2">
              <value>
                <![CDATA[Multiple Choice Question]]>
              </value>
            </param>
            <param index="3">
              <value>
                <![CDATA[SQL Functions]]>
              </value>
            </param>
            <param index="4">
              <value>
                <![CDATA[________clause is not an additional filter that is applied to the result.]]>
              </value>
            </param>
            <param index="5">
              <value>
                <![CDATA[Select]]>
              </value>
            </param>
            <param index="6">
              <value>
                <![CDATA[Group-by]]>
              </value>
            </param>
            <param index="7">
              <value>
                <![CDATA[Having]]>
              </value>
            </param>
            <param index="8">
              <value>
                <![CDATA[Order by]]>
              </value>
            </param>
            <param index="9">
              <value>
                <![CDATA[yes]]>
              </value>
            </param>
            <param index="10">
              <value>
                <![CDATA[yes]]>
              </value>
            </param>
            <param index="11">
              <value>
                <![CDATA[no]]>
              </value>
            </param>
            <param index="12">
              <value>
                <![CDATA[yes]]>
              </value>
            </param>
          </params>
          <reporter-output>
          </reporter-output>
        </test-method> <!-- addQuestions -->
        <test-method status="PASS" signature="tearDown()[pri:0, instance:com.capability.qa.testcases.AddQuestionsPageTest@3632be31]" name="tearDown" is-config="true" duration-ms="73" started-at="2019-11-20T17:16:02Z" finished-at="2019-11-20T17:16:02Z">
          <reporter-output>
          </reporter-output>
        </test-method> <!-- tearDown -->
        <test-method status="PASS" signature="setUp()[pri:0, instance:com.capability.qa.testcases.AddQuestionsPageTest@3632be31]" name="setUp" is-config="true" duration-ms="24644" started-at="2019-11-20T17:16:02Z" finished-at="2019-11-20T17:16:27Z">
          <reporter-output>
          </reporter-output>
        </test-method> <!-- setUp -->
        <test-method status="PASS" signature="addQuestions(java.lang.String, java.lang.String, java.lang.String, java.lang.String, java.lang.String, java.lang.String, java.lang.String, java.lang.String, java.lang.String, java.lang.String, java.lang.String, java.lang.String, java.lang.String)[pri:0, instance:com.capability.qa.testcases.AddQuestionsPageTest@3632be31]" name="addQuestions" duration-ms="2080" started-at="2019-11-20T17:16:27Z" data-provider="getCapabilityTestData" finished-at="2019-11-20T17:16:29Z">
          <params>
            <param index="0">
              <value>
                <![CDATA[T-SQL]]>
              </value>
            </param>
            <param index="1">
              <value>
                <![CDATA[Simple]]>
              </value>
            </param>
            <param index="2">
              <value>
                <![CDATA[Single Choice Question]]>
              </value>
            </param>
            <param index="3">
              <value>
                <![CDATA[Functions]]>
              </value>
            </param>
            <param index="4">
              <value>
                <![CDATA[Which of the following statement decrypts a symmetric key ?]]>
              </value>
            </param>
            <param index="5">
              <value>
                <![CDATA[OPEN SYMMETRIC KEY]]>
              </value>
            </param>
            <param index="6">
              <value>
                <![CDATA[DECRYPT SYMMETRIC KEY]]>
              </value>
            </param>
            <param index="7">
              <value>
                <![CDATA[CLOSE SYMMETRIC KEY]]>
              </value>
            </param>
            <param index="8">
              <value>
                <![CDATA[None of the mentioned]]>
              </value>
            </param>
            <param index="9">
              <value>
                <![CDATA[yes]]>
              </value>
            </param>
            <param index="10">
              <value>
                <![CDATA[no]]>
              </value>
            </param>
            <param index="11">
              <value>
                <![CDATA[no]]>
              </value>
            </param>
            <param index="12">
              <value>
                <![CDATA[no]]>
              </value>
            </param>
          </params>
          <reporter-output>
          </reporter-output>
        </test-method> <!-- addQuestions -->
        <test-method status="PASS" signature="tearDown()[pri:0, instance:com.capability.qa.testcases.AddQuestionsPageTest@3632be31]" name="tearDown" is-config="true" duration-ms="4090" started-at="2019-11-20T17:16:29Z" finished-at="2019-11-20T17:16:33Z">
          <reporter-output>
          </reporter-output>
        </test-method> <!-- tearDown -->
        <test-method status="PASS" signature="setUp()[pri:0, instance:com.capability.qa.testcases.AddQuestionsPageTest@3632be31]" name="setUp" is-config="true" duration-ms="24206" started-at="2019-11-20T17:16:33Z" finished-at="2019-11-20T17:16:57Z">
          <reporter-output>
          </reporter-output>
        </test-method> <!-- setUp -->
        <test-method status="PASS" signature="addQuestions(java.lang.String, java.lang.String, java.lang.String, java.lang.String, java.lang.String, java.lang.String, java.lang.String, java.lang.String, java.lang.String, java.lang.String, java.lang.String, java.lang.String, java.lang.String)[pri:0, instance:com.capability.qa.testcases.AddQuestionsPageTest@3632be31]" name="addQuestions" duration-ms="1597" started-at="2019-11-20T17:16:57Z" data-provider="getCapabilityTestData" finished-at="2019-11-20T17:16:59Z">
          <params>
            <param index="0">
              <value>
                <![CDATA[T-SQL]]>
              </value>
            </param>
            <param index="1">
              <value>
                <![CDATA[Intermediate]]>
              </value>
            </param>
            <param index="2">
              <value>
                <![CDATA[Single Choice Question]]>
              </value>
            </param>
            <param index="3">
              <value>
                <![CDATA[Functions]]>
              </value>
            </param>
            <param index="4">
              <value>
                <![CDATA[RECEIVE service broker statement applies to which of the versions ?]]>
              </value>
            </param>
            <param index="5">
              <value>
                <![CDATA[2000.0]]>
              </value>
            </param>
            <param index="6">
              <value>
                <![CDATA[2005.0]]>
              </value>
            </param>
            <param index="7">
              <value>
                <![CDATA[2008.0]]>
              </value>
            </param>
            <param index="8">
              <value>
                <![CDATA[All of these]]>
              </value>
            </param>
            <param index="9">
              <value>
                <![CDATA[no]]>
              </value>
            </param>
            <param index="10">
              <value>
                <![CDATA[no]]>
              </value>
            </param>
            <param index="11">
              <value>
                <![CDATA[no]]>
              </value>
            </param>
            <param index="12">
              <value>
                <![CDATA[yes]]>
              </value>
            </param>
          </params>
          <reporter-output>
          </reporter-output>
        </test-method> <!-- addQuestions -->
        <test-method status="PASS" signature="tearDown()[pri:0, instance:com.capability.qa.testcases.AddQuestionsPageTest@3632be31]" name="tearDown" is-config="true" duration-ms="81" started-at="2019-11-20T17:16:59Z" finished-at="2019-11-20T17:16:59Z">
          <reporter-output>
          </reporter-output>
        </test-method> <!-- tearDown -->
        <test-method status="PASS" signature="setUp()[pri:0, instance:com.capability.qa.testcases.AddQuestionsPageTest@3632be31]" name="setUp" is-config="true" duration-ms="24303" started-at="2019-11-20T17:16:59Z" finished-at="2019-11-20T17:17:23Z">
          <reporter-output>
          </reporter-output>
        </test-method> <!-- setUp -->
        <test-method status="PASS" signature="addQuestions(java.lang.String, java.lang.String, java.lang.String, java.lang.String, java.lang.String, java.lang.String, java.lang.String, java.lang.String, java.lang.String, java.lang.String, java.lang.String, java.lang.String, java.lang.String)[pri:0, instance:com.capability.qa.testcases.AddQuestionsPageTest@3632be31]" name="addQuestions" duration-ms="3108" started-at="2019-11-20T17:17:23Z" data-provider="getCapabilityTestData" finished-at="2019-11-20T17:17:26Z">
          <params>
            <param index="0">
              <value>
                <![CDATA[T-SQL]]>
              </value>
            </param>
            <param index="1">
              <value>
                <![CDATA[Complex]]>
              </value>
            </param>
            <param index="2">
              <value>
                <![CDATA[Multiple Choice Question]]>
              </value>
            </param>
            <param index="3">
              <value>
                <![CDATA[Functions]]>
              </value>
            </param>
            <param index="4">
              <value>
                <![CDATA[Point out which are not correct statement :]]>
              </value>
            </param>
            <param index="5">
              <value>
                <![CDATA[T-SQL is SQL language for SYBASE]]>
              </value>
            </param>
            <param index="6">
              <value>
                <![CDATA[GET_TRANSMISSION_STATUS does provide information for messages that do not have a conversation endpoint in the current instance]]>
              </value>
            </param>
            <param index="7">
              <value>
                <![CDATA[CREATE USER transfers a securable between schemas]]>
              </value>
            </param>
            <param index="8">
              <value>
                <![CDATA[CREATE LOGIN modifies the login details]]>
              </value>
            </param>
            <param index="9">
              <value>
                <![CDATA[no]]>
              </value>
            </param>
            <param index="10">
              <value>
                <![CDATA[yes]]>
              </value>
            </param>
            <param index="11">
              <value>
                <![CDATA[yes]]>
              </value>
            </param>
            <param index="12">
              <value>
                <![CDATA[yes]]>
              </value>
            </param>
          </params>
          <reporter-output>
          </reporter-output>
        </test-method> <!-- addQuestions -->
        <test-method status="PASS" signature="tearDown()[pri:0, instance:com.capability.qa.testcases.AddQuestionsPageTest@3632be31]" name="tearDown" is-config="true" duration-ms="75" started-at="2019-11-20T17:17:26Z" finished-at="2019-11-20T17:17:27Z">
          <reporter-output>
          </reporter-output>
        </test-method> <!-- tearDown -->
        <test-method status="PASS" signature="setUp()[pri:0, instance:com.capability.qa.testcases.AddQuestionsPageTest@3632be31]" name="setUp" is-config="true" duration-ms="24728" started-at="2019-11-20T17:17:27Z" finished-at="2019-11-20T17:17:51Z">
          <reporter-output>
          </reporter-output>
        </test-method> <!-- setUp -->
        <test-method status="FAIL" signature="addQuestions(java.lang.String, java.lang.String, java.lang.String, java.lang.String, java.lang.String, java.lang.String, java.lang.String, java.lang.String, java.lang.String, java.lang.String, java.lang.String, java.lang.String, java.lang.String)[pri:0, instance:com.capability.qa.testcases.AddQuestionsPageTest@3632be31]" name="addQuestions" duration-ms="30696" started-at="2019-11-20T17:17:51Z" data-provider="getCapabilityTestData" finished-at="2019-11-20T17:18:22Z">
          <params>
            <param index="0">
              <value>
                <![CDATA[Unix/Linux]]>
              </value>
            </param>
            <param index="1">
              <value>
                <![CDATA[Simple]]>
              </value>
            </param>
            <param index="2">
              <value>
                <![CDATA[Single Choice Question]]>
              </value>
            </param>
            <param index="3">
              <value>
                <![CDATA[No Chapters Added yet]]>
              </value>
            </param>
            <param index="4">
              <value>
                <![CDATA[Which command is used to display the operating system name]]>
              </value>
            </param>
            <param index="5">
              <value>
                <![CDATA[OS]]>
              </value>
            </param>
            <param index="6">
              <value>
                <![CDATA[UNIX]]>
              </value>
            </param>
            <param index="7">
              <value>
                <![CDATA[kernel]]>
              </value>
            </param>
            <param index="8">
              <value>
                <![CDATA[uname]]>
              </value>
            </param>
            <param index="9">
              <value>
                <![CDATA[no]]>
              </value>
            </param>
            <param index="10">
              <value>
                <![CDATA[no]]>
              </value>
            </param>
            <param index="11">
              <value>
                <![CDATA[no]]>
              </value>
            </param>
            <param index="12">
              <value>
                <![CDATA[yes]]>
              </value>
            </param>
          </params>
          <exception class="org.openqa.selenium.NoSuchElementException">
            <message>
              <![CDATA[Cannot locate element with text: No Chapters Added yet
For documentation on this error, please visit: http://seleniumhq.org/exceptions/no_such_element.html
Build info: version: '3.14.0', revision: 'aacccce0', time: '2018-08-02T20:19:58.91Z'
System info: host: 'DESKTOP-KU23G2B', ip: '192.168.1.106', os.name: 'Windows 10', os.arch: 'amd64', os.version: '10.0', java.version: '1.8.0_202'
Driver info: driver.version: unknown]]>
            </message>
            <full-stacktrace>
              <![CDATA[org.openqa.selenium.NoSuchElementException: Cannot locate element with text: No Chapters Added yet
For documentation on this error, please visit: http://seleniumhq.org/exceptions/no_such_element.html
Build info: version: '3.14.0', revision: 'aacccce0', time: '2018-08-02T20:19:58.91Z'
System info: host: 'DESKTOP-KU23G2B', ip: '192.168.1.106', os.name: 'Windows 10', os.arch: 'amd64', os.version: '10.0', java.version: '1.8.0_202'
Driver info: driver.version: unknown
	at org.openqa.selenium.support.ui.Select.selectByVisibleText(Select.java:151)
	at com.capability.qa.Pages.AddQuestionsPage.selectChapterDropDown(AddQuestionsPage.java:100)
	at com.capability.qa.testcases.AddQuestionsPageTest.addQuestions(AddQuestionsPageTest.java:73)
	at sun.reflect.GeneratedMethodAccessor21.invoke(Unknown Source)
	at sun.reflect.DelegatingMethodAccessorImpl.invoke(Unknown Source)
	at java.lang.reflect.Method.invoke(Unknown Source)
	at org.testng.internal.MethodInvocationHelper.invokeMethod(MethodInvocationHelper.java:108)
	at org.testng.internal.Invoker.invokeMethod(Invoker.java:661)
	at org.testng.internal.Invoker.invokeTestMethod(Invoker.java:869)
	at org.testng.internal.Invoker.invokeTestMethods(Invoker.java:1193)
	at org.testng.internal.TestMethodWorker.invokeTestMethods(TestMethodWorker.java:126)
	at org.testng.internal.TestMethodWorker.run(TestMethodWorker.java:109)
	at org.testng.TestRunner.privateRun(TestRunner.java:744)
	at org.testng.TestRunner.run(TestRunner.java:602)
	at org.testng.SuiteRunner.runTest(SuiteRunner.java:380)
	at org.testng.SuiteRunner.runSequentially(SuiteRunner.java:375)
	at org.testng.SuiteRunner.privateRun(SuiteRunner.java:340)
	at org.testng.SuiteRunner.run(SuiteRunner.java:289)
	at org.testng.SuiteRunnerWorker.runSuite(SuiteRunnerWorker.java:52)
	at org.testng.SuiteRunnerWorker.run(SuiteRunnerWorker.java:86)
	at org.testng.TestNG.runSuitesSequentially(TestNG.java:1301)
	at org.testng.TestNG.runSuitesLocally(TestNG.java:1226)
	at org.testng.TestNG.runSuites(TestNG.java:1144)
	at org.testng.TestNG.run(TestNG.java:1115)
	at org.testng.remote.AbstractRemoteTestNG.run(AbstractRemoteTestNG.java:114)
	at org.testng.remote.RemoteTestNG.initAndRun(RemoteTestNG.java:251)
	at org.testng.remote.RemoteTestNG.main(RemoteTestNG.java:77)
]]>
            </full-stacktrace>
          </exception> <!-- org.openqa.selenium.NoSuchElementException -->
          <reporter-output>
          </reporter-output>
        </test-method> <!-- addQuestions -->
        <test-method status="PASS" signature="tearDown()[pri:0, instance:com.capability.qa.testcases.AddQuestionsPageTest@3632be31]" name="tearDown" is-config="true" duration-ms="89" started-at="2019-11-20T17:18:22Z" finished-at="2019-11-20T17:18:22Z">
          <reporter-output>
          </reporter-output>
        </test-method> <!-- tearDown -->
        <test-method status="PASS" signature="setUp()[pri:0, instance:com.capability.qa.testcases.AddQuestionsPageTest@3632be31]" name="setUp" is-config="true" duration-ms="24750" started-at="2019-11-20T17:18:22Z" finished-at="2019-11-20T17:18:47Z">
          <reporter-output>
          </reporter-output>
        </test-method> <!-- setUp -->
        <test-method status="FAIL" signature="addQuestions(java.lang.String, java.lang.String, java.lang.String, java.lang.String, java.lang.String, java.lang.String, java.lang.String, java.lang.String, java.lang.String, java.lang.String, java.lang.String, java.lang.String, java.lang.String)[pri:0, instance:com.capability.qa.testcases.AddQuestionsPageTest@3632be31]" name="addQuestions" duration-ms="30682" started-at="2019-11-20T17:18:47Z" data-provider="getCapabilityTestData" finished-at="2019-11-20T17:19:18Z">
          <params>
            <param index="0">
              <value>
                <![CDATA[Unix/Linux]]>
              </value>
            </param>
            <param index="1">
              <value>
                <![CDATA[Intermediate]]>
              </value>
            </param>
            <param index="2">
              <value>
                <![CDATA[Single Choice Question]]>
              </value>
            </param>
            <param index="3">
              <value>
                <![CDATA[No Chapters Added yet]]>
              </value>
            </param>
            <param index="4">
              <value>
                <![CDATA[Which command is used to display the unix version]]>
              </value>
            </param>
            <param index="5">
              <value>
                <![CDATA[uname -r]]>
              </value>
            </param>
            <param index="6">
              <value>
                <![CDATA[uname -n]]>
              </value>
            </param>
            <param index="7">
              <value>
                <![CDATA[uname -t]]>
              </value>
            </param>
            <param index="8">
              <value>
                <![CDATA[kernel]]>
              </value>
            </param>
            <param index="9">
              <value>
                <![CDATA[yes]]>
              </value>
            </param>
            <param index="10">
              <value>
                <![CDATA[no]]>
              </value>
            </param>
            <param index="11">
              <value>
                <![CDATA[no]]>
              </value>
            </param>
            <param index="12">
              <value>
                <![CDATA[no]]>
              </value>
            </param>
          </params>
          <exception class="org.openqa.selenium.NoSuchElementException">
            <message>
              <![CDATA[Cannot locate element with text: No Chapters Added yet
For documentation on this error, please visit: http://seleniumhq.org/exceptions/no_such_element.html
Build info: version: '3.14.0', revision: 'aacccce0', time: '2018-08-02T20:19:58.91Z'
System info: host: 'DESKTOP-KU23G2B', ip: '192.168.1.106', os.name: 'Windows 10', os.arch: 'amd64', os.version: '10.0', java.version: '1.8.0_202'
Driver info: driver.version: unknown]]>
            </message>
            <full-stacktrace>
              <![CDATA[org.openqa.selenium.NoSuchElementException: Cannot locate element with text: No Chapters Added yet
For documentation on this error, please visit: http://seleniumhq.org/exceptions/no_such_element.html
Build info: version: '3.14.0', revision: 'aacccce0', time: '2018-08-02T20:19:58.91Z'
System info: host: 'DESKTOP-KU23G2B', ip: '192.168.1.106', os.name: 'Windows 10', os.arch: 'amd64', os.version: '10.0', java.version: '1.8.0_202'
Driver info: driver.version: unknown
	at org.openqa.selenium.support.ui.Select.selectByVisibleText(Select.java:151)
	at com.capability.qa.Pages.AddQuestionsPage.selectChapterDropDown(AddQuestionsPage.java:100)
	at com.capability.qa.testcases.AddQuestionsPageTest.addQuestions(AddQuestionsPageTest.java:73)
	at sun.reflect.GeneratedMethodAccessor21.invoke(Unknown Source)
	at sun.reflect.DelegatingMethodAccessorImpl.invoke(Unknown Source)
	at java.lang.reflect.Method.invoke(Unknown Source)
	at org.testng.internal.MethodInvocationHelper.invokeMethod(MethodInvocationHelper.java:108)
	at org.testng.internal.Invoker.invokeMethod(Invoker.java:661)
	at org.testng.internal.Invoker.invokeTestMethod(Invoker.java:869)
	at org.testng.internal.Invoker.invokeTestMethods(Invoker.java:1193)
	at org.testng.internal.TestMethodWorker.invokeTestMethods(TestMethodWorker.java:126)
	at org.testng.internal.TestMethodWorker.run(TestMethodWorker.java:109)
	at org.testng.TestRunner.privateRun(TestRunner.java:744)
	at org.testng.TestRunner.run(TestRunner.java:602)
	at org.testng.SuiteRunner.runTest(SuiteRunner.java:380)
	at org.testng.SuiteRunner.runSequentially(SuiteRunner.java:375)
	at org.testng.SuiteRunner.privateRun(SuiteRunner.java:340)
	at org.testng.SuiteRunner.run(SuiteRunner.java:289)
	at org.testng.SuiteRunnerWorker.runSuite(SuiteRunnerWorker.java:52)
	at org.testng.SuiteRunnerWorker.run(SuiteRunnerWorker.java:86)
	at org.testng.TestNG.runSuitesSequentially(TestNG.java:1301)
	at org.testng.TestNG.runSuitesLocally(TestNG.java:1226)
	at org.testng.TestNG.runSuites(TestNG.java:1144)
	at org.testng.TestNG.run(TestNG.java:1115)
	at org.testng.remote.AbstractRemoteTestNG.run(AbstractRemoteTestNG.java:114)
	at org.testng.remote.RemoteTestNG.initAndRun(RemoteTestNG.java:251)
	at org.testng.remote.RemoteTestNG.main(RemoteTestNG.java:77)
]]>
            </full-stacktrace>
          </exception> <!-- org.openqa.selenium.NoSuchElementException -->
          <reporter-output>
          </reporter-output>
        </test-method> <!-- addQuestions -->
        <test-method status="PASS" signature="tearDown()[pri:0, instance:com.capability.qa.testcases.AddQuestionsPageTest@3632be31]" name="tearDown" is-config="true" duration-ms="98" started-at="2019-11-20T17:19:18Z" finished-at="2019-11-20T17:19:18Z">
          <reporter-output>
          </reporter-output>
        </test-method> <!-- tearDown -->
        <test-method status="PASS" signature="setUp()[pri:0, instance:com.capability.qa.testcases.AddQuestionsPageTest@3632be31]" name="setUp" is-config="true" duration-ms="24414" started-at="2019-11-20T17:19:18Z" finished-at="2019-11-20T17:19:42Z">
          <reporter-output>
          </reporter-output>
        </test-method> <!-- setUp -->
        <test-method status="FAIL" signature="addQuestions(java.lang.String, java.lang.String, java.lang.String, java.lang.String, java.lang.String, java.lang.String, java.lang.String, java.lang.String, java.lang.String, java.lang.String, java.lang.String, java.lang.String, java.lang.String)[pri:0, instance:com.capability.qa.testcases.AddQuestionsPageTest@3632be31]" name="addQuestions" duration-ms="30741" started-at="2019-11-20T17:19:42Z" data-provider="getCapabilityTestData" finished-at="2019-11-20T17:20:13Z">
          <params>
            <param index="0">
              <value>
                <![CDATA[Unix/Linux]]>
              </value>
            </param>
            <param index="1">
              <value>
                <![CDATA[Complex]]>
              </value>
            </param>
            <param index="2">
              <value>
                <![CDATA[Multiple Choice Question]]>
              </value>
            </param>
            <param index="3">
              <value>
                <![CDATA[No Chapters Added yet]]>
              </value>
            </param>
            <param index="4">
              <value>
                <![CDATA[Which option of ls not command used to view file inode number]]>
              </value>
            </param>
            <param index="5">
              <value>
                <![CDATA[command l]]>
              </value>
            </param>
            <param index="6">
              <value>
                <![CDATA[command -o]]>
              </value>
            </param>
            <param index="7">
              <value>
                <![CDATA[command a]]>
              </value>
            </param>
            <param index="8">
              <value>
                <![CDATA[command i]]>
              </value>
            </param>
            <param index="9">
              <value>
                <![CDATA[yes]]>
              </value>
            </param>
            <param index="10">
              <value>
                <![CDATA[yes]]>
              </value>
            </param>
            <param index="11">
              <value>
                <![CDATA[yes]]>
              </value>
            </param>
            <param index="12">
              <value>
                <![CDATA[no]]>
              </value>
            </param>
          </params>
          <exception class="org.openqa.selenium.NoSuchElementException">
            <message>
              <![CDATA[Cannot locate element with text: No Chapters Added yet
For documentation on this error, please visit: http://seleniumhq.org/exceptions/no_such_element.html
Build info: version: '3.14.0', revision: 'aacccce0', time: '2018-08-02T20:19:58.91Z'
System info: host: 'DESKTOP-KU23G2B', ip: '192.168.1.106', os.name: 'Windows 10', os.arch: 'amd64', os.version: '10.0', java.version: '1.8.0_202'
Driver info: driver.version: unknown]]>
            </message>
            <full-stacktrace>
              <![CDATA[org.openqa.selenium.NoSuchElementException: Cannot locate element with text: No Chapters Added yet
For documentation on this error, please visit: http://seleniumhq.org/exceptions/no_such_element.html
Build info: version: '3.14.0', revision: 'aacccce0', time: '2018-08-02T20:19:58.91Z'
System info: host: 'DESKTOP-KU23G2B', ip: '192.168.1.106', os.name: 'Windows 10', os.arch: 'amd64', os.version: '10.0', java.version: '1.8.0_202'
Driver info: driver.version: unknown
	at org.openqa.selenium.support.ui.Select.selectByVisibleText(Select.java:151)
	at com.capability.qa.Pages.AddQuestionsPage.selectChapterDropDown(AddQuestionsPage.java:100)
	at com.capability.qa.testcases.AddQuestionsPageTest.addQuestions(AddQuestionsPageTest.java:73)
	at sun.reflect.GeneratedMethodAccessor21.invoke(Unknown Source)
	at sun.reflect.DelegatingMethodAccessorImpl.invoke(Unknown Source)
	at java.lang.reflect.Method.invoke(Unknown Source)
	at org.testng.internal.MethodInvocationHelper.invokeMethod(MethodInvocationHelper.java:108)
	at org.testng.internal.Invoker.invokeMethod(Invoker.java:661)
	at org.testng.internal.Invoker.invokeTestMethod(Invoker.java:869)
	at org.testng.internal.Invoker.invokeTestMethods(Invoker.java:1193)
	at org.testng.internal.TestMethodWorker.invokeTestMethods(TestMethodWorker.java:126)
	at org.testng.internal.TestMethodWorker.run(TestMethodWorker.java:109)
	at org.testng.TestRunner.privateRun(TestRunner.java:744)
	at org.testng.TestRunner.run(TestRunner.java:602)
	at org.testng.SuiteRunner.runTest(SuiteRunner.java:380)
	at org.testng.SuiteRunner.runSequentially(SuiteRunner.java:375)
	at org.testng.SuiteRunner.privateRun(SuiteRunner.java:340)
	at org.testng.SuiteRunner.run(SuiteRunner.java:289)
	at org.testng.SuiteRunnerWorker.runSuite(SuiteRunnerWorker.java:52)
	at org.testng.SuiteRunnerWorker.run(SuiteRunnerWorker.java:86)
	at org.testng.TestNG.runSuitesSequentially(TestNG.java:1301)
	at org.testng.TestNG.runSuitesLocally(TestNG.java:1226)
	at org.testng.TestNG.runSuites(TestNG.java:1144)
	at org.testng.TestNG.run(TestNG.java:1115)
	at org.testng.remote.AbstractRemoteTestNG.run(AbstractRemoteTestNG.java:114)
	at org.testng.remote.RemoteTestNG.initAndRun(RemoteTestNG.java:251)
	at org.testng.remote.RemoteTestNG.main(RemoteTestNG.java:77)
]]>
            </full-stacktrace>
          </exception> <!-- org.openqa.selenium.NoSuchElementException -->
          <reporter-output>
          </reporter-output>
        </test-method> <!-- addQuestions -->
        <test-method status="PASS" signature="tearDown()[pri:0, instance:com.capability.qa.testcases.AddQuestionsPageTest@3632be31]" name="tearDown" is-config="true" duration-ms="88" started-at="2019-11-20T17:20:13Z" finished-at="2019-11-20T17:20:13Z">
          <reporter-output>
          </reporter-output>
        </test-method> <!-- tearDown -->
        <test-method status="PASS" signature="setUp()[pri:0, instance:com.capability.qa.testcases.AddQuestionsPageTest@3632be31]" name="setUp" is-config="true" duration-ms="24438" started-at="2019-11-20T17:20:13Z" finished-at="2019-11-20T17:20:37Z">
          <reporter-output>
          </reporter-output>
        </test-method> <!-- setUp -->
        <test-method status="PASS" signature="addQuestions(java.lang.String, java.lang.String, java.lang.String, java.lang.String, java.lang.String, java.lang.String, java.lang.String, java.lang.String, java.lang.String, java.lang.String, java.lang.String, java.lang.String, java.lang.String)[pri:0, instance:com.capability.qa.testcases.AddQuestionsPageTest@3632be31]" name="addQuestions" duration-ms="1436" started-at="2019-11-20T17:20:37Z" data-provider="getCapabilityTestData" finished-at="2019-11-20T17:20:39Z">
          <params>
            <param index="0">
              <value>
                <![CDATA[POWER BI]]>
              </value>
            </param>
            <param index="1">
              <value>
                <![CDATA[Simple]]>
              </value>
            </param>
            <param index="2">
              <value>
                <![CDATA[Single Choice Question]]>
              </value>
            </param>
            <param index="3">
              <value>
                <![CDATA[Data Sources]]>
              </value>
            </param>
            <param index="4">
              <value>
                <![CDATA[How would you add a visual to a Dashboard in Power BI?]]>
              </value>
            </param>
            <param index="5">
              <value>
                <![CDATA[Embed]]>
              </value>
            </param>
            <param index="6">
              <value>
                <![CDATA[Snap]]>
              </value>
            </param>
            <param index="7">
              <value>
                <![CDATA[Stick]]>
              </value>
            </param>
            <param index="8">
              <value>
                <![CDATA[Reorder]]>
              </value>
            </param>
            <param index="9">
              <value>
                <![CDATA[yes]]>
              </value>
            </param>
            <param index="10">
              <value>
                <![CDATA[no]]>
              </value>
            </param>
            <param index="11">
              <value>
                <![CDATA[no]]>
              </value>
            </param>
            <param index="12">
              <value>
                <![CDATA[no]]>
              </value>
            </param>
          </params>
          <reporter-output>
          </reporter-output>
        </test-method> <!-- addQuestions -->
        <test-method status="PASS" signature="tearDown()[pri:0, instance:com.capability.qa.testcases.AddQuestionsPageTest@3632be31]" name="tearDown" is-config="true" duration-ms="70" started-at="2019-11-20T17:20:39Z" finished-at="2019-11-20T17:20:39Z">
          <reporter-output>
          </reporter-output>
        </test-method> <!-- tearDown -->
        <test-method status="PASS" signature="setUp()[pri:0, instance:com.capability.qa.testcases.AddQuestionsPageTest@3632be31]" name="setUp" is-config="true" duration-ms="25563" started-at="2019-11-20T17:20:39Z" finished-at="2019-11-20T17:21:04Z">
          <reporter-output>
          </reporter-output>
        </test-method> <!-- setUp -->
        <test-method status="PASS" signature="addQuestions(java.lang.String, java.lang.String, java.lang.String, java.lang.String, java.lang.String, java.lang.String, java.lang.String, java.lang.String, java.lang.String, java.lang.String, java.lang.String, java.lang.String, java.lang.String)[pri:0, instance:com.capability.qa.testcases.AddQuestionsPageTest@3632be31]" name="addQuestions" duration-ms="1843" started-at="2019-11-20T17:21:04Z" data-provider="getCapabilityTestData" finished-at="2019-11-20T17:21:06Z">
          <params>
            <param index="0">
              <value>
                <![CDATA[POWER BI]]>
              </value>
            </param>
            <param index="1">
              <value>
                <![CDATA[Intermediate]]>
              </value>
            </param>
            <param index="2">
              <value>
                <![CDATA[Single Choice Question]]>
              </value>
            </param>
            <param index="3">
              <value>
                <![CDATA[Data Sources]]>
              </value>
            </param>
            <param index="4">
              <value>
                <![CDATA[Power BI DAX context style is_______?]]>
              </value>
            </param>
            <param index="5">
              <value>
                <![CDATA[Row Context]]>
              </value>
            </param>
            <param index="6">
              <value>
                <![CDATA[Filter Context]]>
              </value>
            </param>
            <param index="7">
              <value>
                <![CDATA[Both Row and Filter Context]]>
              </value>
            </param>
            <param index="8">
              <value>
                <![CDATA[None Of these]]>
              </value>
            </param>
            <param index="9">
              <value>
                <![CDATA[yes]]>
              </value>
            </param>
            <param index="10">
              <value>
                <![CDATA[no]]>
              </value>
            </param>
            <param index="11">
              <value>
                <![CDATA[no]]>
              </value>
            </param>
            <param index="12">
              <value>
                <![CDATA[no]]>
              </value>
            </param>
          </params>
          <reporter-output>
          </reporter-output>
        </test-method> <!-- addQuestions -->
        <test-method status="PASS" signature="tearDown()[pri:0, instance:com.capability.qa.testcases.AddQuestionsPageTest@3632be31]" name="tearDown" is-config="true" duration-ms="81" started-at="2019-11-20T17:21:06Z" finished-at="2019-11-20T17:21:06Z">
          <reporter-output>
          </reporter-output>
        </test-method> <!-- tearDown -->
        <test-method status="PASS" signature="setUp()[pri:0, instance:com.capability.qa.testcases.AddQuestionsPageTest@3632be31]" name="setUp" is-config="true" duration-ms="24561" started-at="2019-11-20T17:21:06Z" finished-at="2019-11-20T17:21:31Z">
          <reporter-output>
          </reporter-output>
        </test-method> <!-- setUp -->
        <test-method status="PASS" signature="addQuestions(java.lang.String, java.lang.String, java.lang.String, java.lang.String, java.lang.String, java.lang.String, java.lang.String, java.lang.String, java.lang.String, java.lang.String, java.lang.String, java.lang.String, java.lang.String)[pri:0, instance:com.capability.qa.testcases.AddQuestionsPageTest@3632be31]" name="addQuestions" duration-ms="1733" started-at="2019-11-20T17:21:31Z" data-provider="getCapabilityTestData" finished-at="2019-11-20T17:21:33Z">
          <params>
            <param index="0">
              <value>
                <![CDATA[POWER BI]]>
              </value>
            </param>
            <param index="1">
              <value>
                <![CDATA[Complex]]>
              </value>
            </param>
            <param index="2">
              <value>
                <![CDATA[Multiple Choice Question]]>
              </value>
            </param>
            <param index="3">
              <value>
                <![CDATA[Data Sources]]>
              </value>
            </param>
            <param index="4">
              <value>
                <![CDATA[Which language(s) can't be utilized when planning a question in Power BI Desktop?]]>
              </value>
            </param>
            <param index="5">
              <value>
                <![CDATA[SQL]]>
              </value>
            </param>
            <param index="6">
              <value>
                <![CDATA[M]]>
              </value>
            </param>
            <param index="7">
              <value>
                <![CDATA[Python]]>
              </value>
            </param>
            <param index="8">
              <value>
                <![CDATA[DAX]]>
              </value>
            </param>
            <param index="9">
              <value>
                <![CDATA[no]]>
              </value>
            </param>
            <param index="10">
              <value>
                <![CDATA[yes]]>
              </value>
            </param>
            <param index="11">
              <value>
                <![CDATA[yes]]>
              </value>
            </param>
            <param index="12">
              <value>
                <![CDATA[yes]]>
              </value>
            </param>
          </params>
          <reporter-output>
          </reporter-output>
        </test-method> <!-- addQuestions -->
        <test-method status="PASS" signature="tearDown()[pri:0, instance:com.capability.qa.testcases.AddQuestionsPageTest@3632be31]" name="tearDown" is-config="true" duration-ms="72" started-at="2019-11-20T17:21:33Z" finished-at="2019-11-20T17:21:33Z">
          <reporter-output>
          </reporter-output>
        </test-method> <!-- tearDown -->
        <test-method status="PASS" signature="setUp()[pri:0, instance:com.capability.qa.testcases.AddQuestionsPageTest@3632be31]" name="setUp" is-config="true" duration-ms="24463" started-at="2019-11-20T17:21:33Z" finished-at="2019-11-20T17:21:57Z">
          <reporter-output>
          </reporter-output>
        </test-method> <!-- setUp -->
        <test-method status="PASS" signature="addQuestions(java.lang.String, java.lang.String, java.lang.String, java.lang.String, java.lang.String, java.lang.String, java.lang.String, java.lang.String, java.lang.String, java.lang.String, java.lang.String, java.lang.String, java.lang.String)[pri:0, instance:com.capability.qa.testcases.AddQuestionsPageTest@3632be31]" name="addQuestions" duration-ms="1624" started-at="2019-11-20T17:21:57Z" data-provider="getCapabilityTestData" finished-at="2019-11-20T17:21:59Z">
          <params>
            <param index="0">
              <value>
                <![CDATA[PL-SQL]]>
              </value>
            </param>
            <param index="1">
              <value>
                <![CDATA[Simple]]>
              </value>
            </param>
            <param index="2">
              <value>
                <![CDATA[Single Choice Question]]>
              </value>
            </param>
            <param index="3">
              <value>
                <![CDATA[Basic Programming]]>
              </value>
            </param>
            <param index="4">
              <value>
                <![CDATA[If left out, which of the following would cause an infinite loop to occur in a simple loop?]]>
              </value>
            </param>
            <param index="5">
              <value>
                <![CDATA[Loop]]>
              </value>
            </param>
            <param index="6">
              <value>
                <![CDATA[End_loop]]>
              </value>
            </param>
            <param index="7">
              <value>
                <![CDATA[If-Then]]>
              </value>
            </param>
            <param index="8">
              <value>
                <![CDATA[Exit]]>
              </value>
            </param>
            <param index="9">
              <value>
                <![CDATA[no]]>
              </value>
            </param>
            <param index="10">
              <value>
                <![CDATA[yes]]>
              </value>
            </param>
            <param index="11">
              <value>
                <![CDATA[no]]>
              </value>
            </param>
            <param index="12">
              <value>
                <![CDATA[no]]>
              </value>
            </param>
          </params>
          <reporter-output>
          </reporter-output>
        </test-method> <!-- addQuestions -->
        <test-method status="PASS" signature="tearDown()[pri:0, instance:com.capability.qa.testcases.AddQuestionsPageTest@3632be31]" name="tearDown" is-config="true" duration-ms="79" started-at="2019-11-20T17:21:59Z" finished-at="2019-11-20T17:21:59Z">
          <reporter-output>
          </reporter-output>
        </test-method> <!-- tearDown -->
        <test-method status="PASS" signature="setUp()[pri:0, instance:com.capability.qa.testcases.AddQuestionsPageTest@3632be31]" name="setUp" is-config="true" duration-ms="24329" started-at="2019-11-20T17:21:59Z" finished-at="2019-11-20T17:22:23Z">
          <reporter-output>
          </reporter-output>
        </test-method> <!-- setUp -->
        <test-method status="PASS" signature="addQuestions(java.lang.String, java.lang.String, java.lang.String, java.lang.String, java.lang.String, java.lang.String, java.lang.String, java.lang.String, java.lang.String, java.lang.String, java.lang.String, java.lang.String, java.lang.String)[pri:0, instance:com.capability.qa.testcases.AddQuestionsPageTest@3632be31]" name="addQuestions" duration-ms="1799" started-at="2019-11-20T17:22:23Z" data-provider="getCapabilityTestData" finished-at="2019-11-20T17:22:25Z">
          <params>
            <param index="0">
              <value>
                <![CDATA[PL-SQL]]>
              </value>
            </param>
            <param index="1">
              <value>
                <![CDATA[Intermediate]]>
              </value>
            </param>
            <param index="2">
              <value>
                <![CDATA[Single Choice Question]]>
              </value>
            </param>
            <param index="3">
              <value>
                <![CDATA[Basic Programming]]>
              </value>
            </param>
            <param index="4">
              <value>
                <![CDATA[The command used to open a CURSOR FOR loop is]]>
              </value>
            </param>
            <param index="5">
              <value>
                <![CDATA[open]]>
              </value>
            </param>
            <param index="6">
              <value>
                <![CDATA[fetch]]>
              </value>
            </param>
            <param index="7">
              <value>
                <![CDATA[Parse]]>
              </value>
            </param>
            <param index="8">
              <value>
                <![CDATA[None, cursor for loops handle cursor opening implicitly.]]>
              </value>
            </param>
            <param index="9">
              <value>
                <![CDATA[no]]>
              </value>
            </param>
            <param index="10">
              <value>
                <![CDATA[no]]>
              </value>
            </param>
            <param index="11">
              <value>
                <![CDATA[no]]>
              </value>
            </param>
            <param index="12">
              <value>
                <![CDATA[yes]]>
              </value>
            </param>
          </params>
          <reporter-output>
          </reporter-output>
        </test-method> <!-- addQuestions -->
        <test-method status="PASS" signature="tearDown()[pri:0, instance:com.capability.qa.testcases.AddQuestionsPageTest@3632be31]" name="tearDown" is-config="true" duration-ms="73" started-at="2019-11-20T17:22:25Z" finished-at="2019-11-20T17:22:25Z">
          <reporter-output>
          </reporter-output>
        </test-method> <!-- tearDown -->
        <test-method status="PASS" signature="setUp()[pri:0, instance:com.capability.qa.testcases.AddQuestionsPageTest@3632be31]" name="setUp" is-config="true" duration-ms="23920" started-at="2019-11-20T17:22:25Z" finished-at="2019-11-20T17:22:49Z">
          <reporter-output>
          </reporter-output>
        </test-method> <!-- setUp -->
        <test-method status="PASS" signature="addQuestions(java.lang.String, java.lang.String, java.lang.String, java.lang.String, java.lang.String, java.lang.String, java.lang.String, java.lang.String, java.lang.String, java.lang.String, java.lang.String, java.lang.String, java.lang.String)[pri:0, instance:com.capability.qa.testcases.AddQuestionsPageTest@3632be31]" name="addQuestions" duration-ms="2768" started-at="2019-11-20T17:22:49Z" data-provider="getCapabilityTestData" finished-at="2019-11-20T17:22:52Z">
          <params>
            <param index="0">
              <value>
                <![CDATA[PL-SQL]]>
              </value>
            </param>
            <param index="1">
              <value>
                <![CDATA[Complex]]>
              </value>
            </param>
            <param index="2">
              <value>
                <![CDATA[Multiple Choice Question]]>
              </value>
            </param>
            <param index="3">
              <value>
                <![CDATA[Basic Programming]]>
              </value>
            </param>
            <param index="4">
              <value>
                <![CDATA[What happens when rows are not found using a FETCH statement]]>
              </value>
            </param>
            <param index="5">
              <value>
                <![CDATA[It causes the cursor to close]]>
              </value>
            </param>
            <param index="6">
              <value>
                <![CDATA[It causes the cursor to open]]>
              </value>
            </param>
            <param index="7">
              <value>
                <![CDATA[It loads the current row values into variables]]>
              </value>
            </param>
            <param index="8">
              <value>
                <![CDATA[It creates the variables to hold the current row values]]>
              </value>
            </param>
            <param index="9">
              <value>
                <![CDATA[yes]]>
              </value>
            </param>
            <param index="10">
              <value>
                <![CDATA[no]]>
              </value>
            </param>
            <param index="11">
              <value>
                <![CDATA[yes]]>
              </value>
            </param>
            <param index="12">
              <value>
                <![CDATA[yes]]>
              </value>
            </param>
          </params>
          <reporter-output>
          </reporter-output>
        </test-method> <!-- addQuestions -->
        <test-method status="PASS" signature="tearDown()[pri:0, instance:com.capability.qa.testcases.AddQuestionsPageTest@3632be31]" name="tearDown" is-config="true" duration-ms="73" started-at="2019-11-20T17:22:52Z" finished-at="2019-11-20T17:22:52Z">
          <reporter-output>
          </reporter-output>
        </test-method> <!-- tearDown -->
        <test-method status="PASS" signature="setUp()[pri:0, instance:com.capability.qa.testcases.AddQuestionsPageTest@3632be31]" name="setUp" is-config="true" duration-ms="24532" started-at="2019-11-20T17:22:52Z" finished-at="2019-11-20T17:23:16Z">
          <reporter-output>
          </reporter-output>
        </test-method> <!-- setUp -->
        <test-method status="PASS" signature="addQuestions(java.lang.String, java.lang.String, java.lang.String, java.lang.String, java.lang.String, java.lang.String, java.lang.String, java.lang.String, java.lang.String, java.lang.String, java.lang.String, java.lang.String, java.lang.String)[pri:0, instance:com.capability.qa.testcases.AddQuestionsPageTest@3632be31]" name="addQuestions" duration-ms="1756" started-at="2019-11-20T17:23:16Z" data-provider="getCapabilityTestData" finished-at="2019-11-20T17:23:18Z">
          <params>
            <param index="0">
              <value>
                <![CDATA[RDBMS]]>
              </value>
            </param>
            <param index="1">
              <value>
                <![CDATA[Simple]]>
              </value>
            </param>
            <param index="2">
              <value>
                <![CDATA[Single Choice Question]]>
              </value>
            </param>
            <param index="3">
              <value>
                <![CDATA[Warehousing]]>
              </value>
            </param>
            <param index="4">
              <value>
                <![CDATA[Which of the following are steps in query processing?]]>
              </value>
            </param>
            <param index="5">
              <value>
                <![CDATA[Parsing and translation]]>
              </value>
            </param>
            <param index="6">
              <value>
                <![CDATA[Optimization]]>
              </value>
            </param>
            <param index="7">
              <value>
                <![CDATA[Evaluation]]>
              </value>
            </param>
            <param index="8">
              <value>
                <![CDATA[All of the mentioned]]>
              </value>
            </param>
            <param index="9">
              <value>
                <![CDATA[no]]>
              </value>
            </param>
            <param index="10">
              <value>
                <![CDATA[no]]>
              </value>
            </param>
            <param index="11">
              <value>
                <![CDATA[no]]>
              </value>
            </param>
            <param index="12">
              <value>
                <![CDATA[yes]]>
              </value>
            </param>
          </params>
          <reporter-output>
          </reporter-output>
        </test-method> <!-- addQuestions -->
        <test-method status="PASS" signature="tearDown()[pri:0, instance:com.capability.qa.testcases.AddQuestionsPageTest@3632be31]" name="tearDown" is-config="true" duration-ms="76" started-at="2019-11-20T17:23:18Z" finished-at="2019-11-20T17:23:18Z">
          <reporter-output>
          </reporter-output>
        </test-method> <!-- tearDown -->
        <test-method status="PASS" signature="setUp()[pri:0, instance:com.capability.qa.testcases.AddQuestionsPageTest@3632be31]" name="setUp" is-config="true" duration-ms="24197" started-at="2019-11-20T17:23:18Z" finished-at="2019-11-20T17:23:42Z">
          <reporter-output>
          </reporter-output>
        </test-method> <!-- setUp -->
        <test-method status="PASS" signature="addQuestions(java.lang.String, java.lang.String, java.lang.String, java.lang.String, java.lang.String, java.lang.String, java.lang.String, java.lang.String, java.lang.String, java.lang.String, java.lang.String, java.lang.String, java.lang.String)[pri:0, instance:com.capability.qa.testcases.AddQuestionsPageTest@3632be31]" name="addQuestions" duration-ms="1739" started-at="2019-11-20T17:23:42Z" data-provider="getCapabilityTestData" finished-at="2019-11-20T17:23:44Z">
          <params>
            <param index="0">
              <value>
                <![CDATA[RDBMS]]>
              </value>
            </param>
            <param index="1">
              <value>
                <![CDATA[Intermediate]]>
              </value>
            </param>
            <param index="2">
              <value>
                <![CDATA[Single Choice Question]]>
              </value>
            </param>
            <param index="3">
              <value>
                <![CDATA[Warehousing]]>
              </value>
            </param>
            <param index="4">
              <value>
                <![CDATA[The lowest level operator to access data in query processing is _______]]>
              </value>
            </param>
            <param index="5">
              <value>
                <![CDATA[File scan]]>
              </value>
            </param>
            <param index="6">
              <value>
                <![CDATA[File manipulation]]>
              </value>
            </param>
            <param index="7">
              <value>
                <![CDATA[File handling]]>
              </value>
            </param>
            <param index="8">
              <value>
                <![CDATA[File organization]]>
              </value>
            </param>
            <param index="9">
              <value>
                <![CDATA[yes]]>
              </value>
            </param>
            <param index="10">
              <value>
                <![CDATA[no]]>
              </value>
            </param>
            <param index="11">
              <value>
                <![CDATA[no]]>
              </value>
            </param>
            <param index="12">
              <value>
                <![CDATA[no]]>
              </value>
            </param>
          </params>
          <reporter-output>
          </reporter-output>
        </test-method> <!-- addQuestions -->
        <test-method status="PASS" signature="tearDown()[pri:0, instance:com.capability.qa.testcases.AddQuestionsPageTest@3632be31]" name="tearDown" is-config="true" duration-ms="78" started-at="2019-11-20T17:23:44Z" finished-at="2019-11-20T17:23:44Z">
          <reporter-output>
          </reporter-output>
        </test-method> <!-- tearDown -->
        <test-method status="PASS" signature="setUp()[pri:0, instance:com.capability.qa.testcases.AddQuestionsPageTest@3632be31]" name="setUp" is-config="true" duration-ms="24612" started-at="2019-11-20T17:23:44Z" finished-at="2019-11-20T17:24:09Z">
          <reporter-output>
          </reporter-output>
        </test-method> <!-- setUp -->
        <test-method status="PASS" signature="addQuestions(java.lang.String, java.lang.String, java.lang.String, java.lang.String, java.lang.String, java.lang.String, java.lang.String, java.lang.String, java.lang.String, java.lang.String, java.lang.String, java.lang.String, java.lang.String)[pri:0, instance:com.capability.qa.testcases.AddQuestionsPageTest@3632be31]" name="addQuestions" duration-ms="1817" started-at="2019-11-20T17:24:09Z" data-provider="getCapabilityTestData" finished-at="2019-11-20T17:24:11Z">
          <params>
            <param index="0">
              <value>
                <![CDATA[RDBMS]]>
              </value>
            </param>
            <param index="1">
              <value>
                <![CDATA[Complex]]>
              </value>
            </param>
            <param index="2">
              <value>
                <![CDATA[Multiple Choice Question]]>
              </value>
            </param>
            <param index="3">
              <value>
                <![CDATA[Warehousing]]>
              </value>
            </param>
            <param index="4">
              <value>
                <![CDATA[Search algorithms that use an index are not referred to as _________]]>
              </value>
            </param>
            <param index="5">
              <value>
                <![CDATA[Index scans]]>
              </value>
            </param>
            <param index="6">
              <value>
                <![CDATA[Search scans]]>
              </value>
            </param>
            <param index="7">
              <value>
                <![CDATA[Primary scans]]>
              </value>
            </param>
            <param index="8">
              <value>
                <![CDATA[Equality scans]]>
              </value>
            </param>
            <param index="9">
              <value>
                <![CDATA[no]]>
              </value>
            </param>
            <param index="10">
              <value>
                <![CDATA[yes]]>
              </value>
            </param>
            <param index="11">
              <value>
                <![CDATA[yes]]>
              </value>
            </param>
            <param index="12">
              <value>
                <![CDATA[yes]]>
              </value>
            </param>
          </params>
          <reporter-output>
          </reporter-output>
        </test-method> <!-- addQuestions -->
        <test-method status="PASS" signature="tearDown()[pri:0, instance:com.capability.qa.testcases.AddQuestionsPageTest@3632be31]" name="tearDown" is-config="true" duration-ms="77" started-at="2019-11-20T17:24:11Z" finished-at="2019-11-20T17:24:11Z">
          <reporter-output>
          </reporter-output>
        </test-method> <!-- tearDown -->
        <test-method status="PASS" signature="setUp()[pri:0, instance:com.capability.qa.testcases.AddQuestionsPageTest@3632be31]" name="setUp" is-config="true" duration-ms="24375" started-at="2019-11-20T17:24:11Z" finished-at="2019-11-20T17:24:35Z">
          <reporter-output>
          </reporter-output>
        </test-method> <!-- setUp -->
        <test-method status="PASS" signature="addQuestions(java.lang.String, java.lang.String, java.lang.String, java.lang.String, java.lang.String, java.lang.String, java.lang.String, java.lang.String, java.lang.String, java.lang.String, java.lang.String, java.lang.String, java.lang.String)[pri:0, instance:com.capability.qa.testcases.AddQuestionsPageTest@3632be31]" name="addQuestions" duration-ms="1441" started-at="2019-11-20T17:24:35Z" data-provider="getCapabilityTestData" finished-at="2019-11-20T17:24:36Z">
          <params>
            <param index="0">
              <value>
                <![CDATA[Retail Domain]]>
              </value>
            </param>
            <param index="1">
              <value>
                <![CDATA[Simple]]>
              </value>
            </param>
            <param index="2">
              <value>
                <![CDATA[Single Choice Question]]>
              </value>
            </param>
            <param index="3">
              <value>
                <![CDATA[Point of Sale]]>
              </value>
            </param>
            <param index="4">
              <value>
                <![CDATA[The word Retail is derived from the------ word]]>
              </value>
            </param>
            <param index="5">
              <value>
                <![CDATA[Latin]]>
              </value>
            </param>
            <param index="6">
              <value>
                <![CDATA[French]]>
              </value>
            </param>
            <param index="7">
              <value>
                <![CDATA[English]]>
              </value>
            </param>
            <param index="8">
              <value>
                <![CDATA[German]]>
              </value>
            </param>
            <param index="9">
              <value>
                <![CDATA[yes]]>
              </value>
            </param>
            <param index="10">
              <value>
                <![CDATA[no]]>
              </value>
            </param>
            <param index="11">
              <value>
                <![CDATA[no]]>
              </value>
            </param>
            <param index="12">
              <value>
                <![CDATA[no]]>
              </value>
            </param>
          </params>
          <reporter-output>
          </reporter-output>
        </test-method> <!-- addQuestions -->
        <test-method status="PASS" signature="tearDown()[pri:0, instance:com.capability.qa.testcases.AddQuestionsPageTest@3632be31]" name="tearDown" is-config="true" duration-ms="176" started-at="2019-11-20T17:24:36Z" finished-at="2019-11-20T17:24:37Z">
          <reporter-output>
          </reporter-output>
        </test-method> <!-- tearDown -->
        <test-method status="PASS" signature="setUp()[pri:0, instance:com.capability.qa.testcases.AddQuestionsPageTest@3632be31]" name="setUp" is-config="true" duration-ms="24653" started-at="2019-11-20T17:24:37Z" finished-at="2019-11-20T17:25:01Z">
          <reporter-output>
          </reporter-output>
        </test-method> <!-- setUp -->
        <test-method status="PASS" signature="addQuestions(java.lang.String, java.lang.String, java.lang.String, java.lang.String, java.lang.String, java.lang.String, java.lang.String, java.lang.String, java.lang.String, java.lang.String, java.lang.String, java.lang.String, java.lang.String)[pri:0, instance:com.capability.qa.testcases.AddQuestionsPageTest@3632be31]" name="addQuestions" duration-ms="1965" started-at="2019-11-20T17:25:01Z" data-provider="getCapabilityTestData" finished-at="2019-11-20T17:25:03Z">
          <params>
            <param index="0">
              <value>
                <![CDATA[Retail Domain]]>
              </value>
            </param>
            <param index="1">
              <value>
                <![CDATA[Intermediate]]>
              </value>
            </param>
            <param index="2">
              <value>
                <![CDATA[Single Choice Question]]>
              </value>
            </param>
            <param index="3">
              <value>
                <![CDATA[Point of Sale]]>
              </value>
            </param>
            <param index="4">
              <value>
                <![CDATA[A multi channel retailer sells merchandise]]>
              </value>
            </param>
            <param index="5">
              <value>
                <![CDATA[over the telephone]]>
              </value>
            </param>
            <param index="6">
              <value>
                <![CDATA[through personal selling and retail store only]]>
              </value>
            </param>
            <param index="7">
              <value>
                <![CDATA[over the internet]]>
              </value>
            </param>
            <param index="8">
              <value>
                <![CDATA[through more than one channel]]>
              </value>
            </param>
            <param index="9">
              <value>
                <![CDATA[no]]>
              </value>
            </param>
            <param index="10">
              <value>
                <![CDATA[no]]>
              </value>
            </param>
            <param index="11">
              <value>
                <![CDATA[no]]>
              </value>
            </param>
            <param index="12">
              <value>
                <![CDATA[yes]]>
              </value>
            </param>
          </params>
          <reporter-output>
          </reporter-output>
        </test-method> <!-- addQuestions -->
        <test-method status="PASS" signature="tearDown()[pri:0, instance:com.capability.qa.testcases.AddQuestionsPageTest@3632be31]" name="tearDown" is-config="true" duration-ms="97" started-at="2019-11-20T17:25:03Z" finished-at="2019-11-20T17:25:03Z">
          <reporter-output>
          </reporter-output>
        </test-method> <!-- tearDown -->
        <test-method status="PASS" signature="setUp()[pri:0, instance:com.capability.qa.testcases.AddQuestionsPageTest@3632be31]" name="setUp" is-config="true" duration-ms="24492" started-at="2019-11-20T17:25:03Z" finished-at="2019-11-20T17:25:28Z">
          <reporter-output>
          </reporter-output>
        </test-method> <!-- setUp -->
        <test-method status="PASS" signature="addQuestions(java.lang.String, java.lang.String, java.lang.String, java.lang.String, java.lang.String, java.lang.String, java.lang.String, java.lang.String, java.lang.String, java.lang.String, java.lang.String, java.lang.String, java.lang.String)[pri:0, instance:com.capability.qa.testcases.AddQuestionsPageTest@3632be31]" name="addQuestions" duration-ms="1685" started-at="2019-11-20T17:25:28Z" data-provider="getCapabilityTestData" finished-at="2019-11-20T17:25:30Z">
          <params>
            <param index="0">
              <value>
                <![CDATA[Retail Domain]]>
              </value>
            </param>
            <param index="1">
              <value>
                <![CDATA[Complex]]>
              </value>
            </param>
            <param index="2">
              <value>
                <![CDATA[Multiple Choice Question]]>
              </value>
            </param>
            <param index="3">
              <value>
                <![CDATA[Point of Sale]]>
              </value>
            </param>
            <param index="4">
              <value>
                <![CDATA[Retailer is a person who sells the goods in a---------]]>
              </value>
            </param>
            <param index="5">
              <value>
                <![CDATA[large quantities]]>
              </value>
            </param>
            <param index="6">
              <value>
                <![CDATA[small quantities]]>
              </value>
            </param>
            <param index="7">
              <value>
                <![CDATA[medium]]>
              </value>
            </param>
            <param index="8">
              <value>
                <![CDATA[none of these]]>
              </value>
            </param>
            <param index="9">
              <value>
                <![CDATA[yes]]>
              </value>
            </param>
            <param index="10">
              <value>
                <![CDATA[yes]]>
              </value>
            </param>
            <param index="11">
              <value>
                <![CDATA[no]]>
              </value>
            </param>
            <param index="12">
              <value>
                <![CDATA[no]]>
              </value>
            </param>
          </params>
          <reporter-output>
          </reporter-output>
        </test-method> <!-- addQuestions -->
        <test-method status="PASS" signature="tearDown()[pri:0, instance:com.capability.qa.testcases.AddQuestionsPageTest@3632be31]" name="tearDown" is-config="true" duration-ms="71" started-at="2019-11-20T17:25:30Z" finished-at="2019-11-20T17:25:30Z">
          <reporter-output>
          </reporter-output>
        </test-method> <!-- tearDown -->
        <test-method status="PASS" signature="setUp()[pri:0, instance:com.capability.qa.testcases.AddQuestionsPageTest@3632be31]" name="setUp" is-config="true" duration-ms="24932" started-at="2019-11-20T17:25:30Z" finished-at="2019-11-20T17:25:55Z">
          <reporter-output>
          </reporter-output>
        </test-method> <!-- setUp -->
        <test-method status="PASS" signature="addQuestions(java.lang.String, java.lang.String, java.lang.String, java.lang.String, java.lang.String, java.lang.String, java.lang.String, java.lang.String, java.lang.String, java.lang.String, java.lang.String, java.lang.String, java.lang.String)[pri:0, instance:com.capability.qa.testcases.AddQuestionsPageTest@3632be31]" name="addQuestions" duration-ms="1606" started-at="2019-11-20T17:25:55Z" data-provider="getCapabilityTestData" finished-at="2019-11-20T17:25:56Z">
          <params>
            <param index="0">
              <value>
                <![CDATA[Cognos]]>
              </value>
            </param>
            <param index="1">
              <value>
                <![CDATA[Simple]]>
              </value>
            </param>
            <param index="2">
              <value>
                <![CDATA[Single Choice Question]]>
              </value>
            </param>
            <param index="3">
              <value>
                <![CDATA[Basics]]>
              </value>
            </param>
            <param index="4">
              <value>
                <![CDATA[Which of the following is NOT a usage property in Framework Manager?]]>
              </value>
            </param>
            <param index="5">
              <value>
                <![CDATA[Fact]]>
              </value>
            </param>
            <param index="6">
              <value>
                <![CDATA[Dimensions]]>
              </value>
            </param>
            <param index="7">
              <value>
                <![CDATA[Attribute]]>
              </value>
            </param>
            <param index="8">
              <value>
                <![CDATA[Identifier]]>
              </value>
            </param>
            <param index="9">
              <value>
                <![CDATA[no]]>
              </value>
            </param>
            <param index="10">
              <value>
                <![CDATA[yes]]>
              </value>
            </param>
            <param index="11">
              <value>
                <![CDATA[no]]>
              </value>
            </param>
            <param index="12">
              <value>
                <![CDATA[no]]>
              </value>
            </param>
          </params>
          <reporter-output>
          </reporter-output>
        </test-method> <!-- addQuestions -->
        <test-method status="PASS" signature="tearDown()[pri:0, instance:com.capability.qa.testcases.AddQuestionsPageTest@3632be31]" name="tearDown" is-config="true" duration-ms="71" started-at="2019-11-20T17:25:56Z" finished-at="2019-11-20T17:25:56Z">
          <reporter-output>
          </reporter-output>
        </test-method> <!-- tearDown -->
        <test-method status="PASS" signature="setUp()[pri:0, instance:com.capability.qa.testcases.AddQuestionsPageTest@3632be31]" name="setUp" is-config="true" duration-ms="24751" started-at="2019-11-20T17:25:56Z" finished-at="2019-11-20T17:26:21Z">
          <reporter-output>
          </reporter-output>
        </test-method> <!-- setUp -->
        <test-method status="PASS" signature="addQuestions(java.lang.String, java.lang.String, java.lang.String, java.lang.String, java.lang.String, java.lang.String, java.lang.String, java.lang.String, java.lang.String, java.lang.String, java.lang.String, java.lang.String, java.lang.String)[pri:0, instance:com.capability.qa.testcases.AddQuestionsPageTest@3632be31]" name="addQuestions" duration-ms="1672" started-at="2019-11-20T17:26:21Z" data-provider="getCapabilityTestData" finished-at="2019-11-20T17:26:23Z">
          <params>
            <param index="0">
              <value>
                <![CDATA[Cognos]]>
              </value>
            </param>
            <param index="1">
              <value>
                <![CDATA[Intermediate]]>
              </value>
            </param>
            <param index="2">
              <value>
                <![CDATA[Single Choice Question]]>
              </value>
            </param>
            <param index="3">
              <value>
                <![CDATA[Basics]]>
              </value>
            </param>
            <param index="4">
              <value>
                <![CDATA[In Transformer, alternate drill-down paths / alternate hierarchies must have the a convergence level that is:]]>
              </value>
            </param>
            <param index="5">
              <value>
                <![CDATA[Unique]]>
              </value>
            </param>
            <param index="6">
              <value>
                <![CDATA[Ordered]]>
              </value>
            </param>
            <param index="7">
              <value>
                <![CDATA[Open]]>
              </value>
            </param>
            <param index="8">
              <value>
                <![CDATA[Set]]>
              </value>
            </param>
            <param index="9">
              <value>
                <![CDATA[yes]]>
              </value>
            </param>
            <param index="10">
              <value>
                <![CDATA[no]]>
              </value>
            </param>
            <param index="11">
              <value>
                <![CDATA[no]]>
              </value>
            </param>
            <param index="12">
              <value>
                <![CDATA[no]]>
              </value>
            </param>
          </params>
          <reporter-output>
          </reporter-output>
        </test-method> <!-- addQuestions -->
        <test-method status="PASS" signature="tearDown()[pri:0, instance:com.capability.qa.testcases.AddQuestionsPageTest@3632be31]" name="tearDown" is-config="true" duration-ms="82" started-at="2019-11-20T17:26:23Z" finished-at="2019-11-20T17:26:23Z">
          <reporter-output>
          </reporter-output>
        </test-method> <!-- tearDown -->
        <test-method status="PASS" signature="setUp()[pri:0, instance:com.capability.qa.testcases.AddQuestionsPageTest@3632be31]" name="setUp" is-config="true" duration-ms="24563" started-at="2019-11-20T17:26:23Z" finished-at="2019-11-20T17:26:47Z">
          <reporter-output>
          </reporter-output>
        </test-method> <!-- setUp -->
        <test-method status="PASS" signature="addQuestions(java.lang.String, java.lang.String, java.lang.String, java.lang.String, java.lang.String, java.lang.String, java.lang.String, java.lang.String, java.lang.String, java.lang.String, java.lang.String, java.lang.String, java.lang.String)[pri:0, instance:com.capability.qa.testcases.AddQuestionsPageTest@3632be31]" name="addQuestions" duration-ms="1663" started-at="2019-11-20T17:26:47Z" data-provider="getCapabilityTestData" finished-at="2019-11-20T17:26:49Z">
          <params>
            <param index="0">
              <value>
                <![CDATA[Cognos]]>
              </value>
            </param>
            <param index="1">
              <value>
                <![CDATA[Complex]]>
              </value>
            </param>
            <param index="2">
              <value>
                <![CDATA[Multiple Choice Question]]>
              </value>
            </param>
            <param index="3">
              <value>
                <![CDATA[Basics]]>
              </value>
            </param>
            <param index="4">
              <value>
                <![CDATA[In Report Studio, which of the following is a valid prompt button?]]>
              </value>
            </param>
            <param index="5">
              <value>
                <![CDATA[Execute]]>
              </value>
            </param>
            <param index="6">
              <value>
                <![CDATA[Back]]>
              </value>
            </param>
            <param index="7">
              <value>
                <![CDATA[Cancel]]>
              </value>
            </param>
            <param index="8">
              <value>
                <![CDATA[Reprompt]]>
              </value>
            </param>
            <param index="9">
              <value>
                <![CDATA[no]]>
              </value>
            </param>
            <param index="10">
              <value>
                <![CDATA[yes]]>
              </value>
            </param>
            <param index="11">
              <value>
                <![CDATA[yes]]>
              </value>
            </param>
            <param index="12">
              <value>
                <![CDATA[yes]]>
              </value>
            </param>
          </params>
          <reporter-output>
          </reporter-output>
        </test-method> <!-- addQuestions -->
        <test-method status="PASS" signature="tearDown()[pri:0, instance:com.capability.qa.testcases.AddQuestionsPageTest@3632be31]" name="tearDown" is-config="true" duration-ms="75" started-at="2019-11-20T17:26:49Z" finished-at="2019-11-20T17:26:49Z">
          <reporter-output>
          </reporter-output>
        </test-method> <!-- tearDown -->
      </class> <!-- com.capability.qa.testcases.AddQuestionsPageTest -->
    </test> <!-- Default test -->
  </suite> <!-- Default suite -->
</testng-results>
