<?xml version="1.0" encoding="UTF-8"?>
<testng-results skipped="0" failed="0" ignored="0" total="2" passed="2">
  <reporter-output>
  </reporter-output>
  <suite name="Default suite" duration-ms="42520" started-at="2019-11-14T10:31:56Z" finished-at="2019-11-14T10:32:39Z">
    <groups>
    </groups>
    <test name="Default test" duration-ms="42520" started-at="2019-11-14T10:31:56Z" finished-at="2019-11-14T10:32:39Z">
      <class name="com.capability.qa.testcases.LoginPageTest">
        <test-method status="PASS" signature="setUp()[pri:0, instance:com.capability.qa.testcases.LoginPageTest@38d8f54a]" name="setUp" is-config="true" duration-ms="20504" started-at="2019-11-14T16:01:56Z" finished-at="2019-11-14T16:02:17Z">
          <reporter-output>
          </reporter-output>
        </test-method> <!-- setUp -->
        <test-method status="PASS" signature="LoginPageLOGOTextTest()[pri:0, instance:com.capability.qa.testcases.LoginPageTest@38d8f54a]" name="LoginPageLOGOTextTest" duration-ms="111" started-at="2019-11-14T16:02:17Z" finished-at="2019-11-14T16:02:17Z">
          <reporter-output>
          </reporter-output>
        </test-method> <!-- LoginPageLOGOTextTest -->
        <test-method status="PASS" signature="tearDown()[pri:0, instance:com.capability.qa.testcases.LoginPageTest@38d8f54a]" name="tearDown" is-config="true" duration-ms="938" started-at="2019-11-14T16:02:17Z" finished-at="2019-11-14T16:02:18Z">
          <reporter-output>
          </reporter-output>
        </test-method> <!-- tearDown -->
        <test-method status="PASS" signature="setUp()[pri:0, instance:com.capability.qa.testcases.LoginPageTest@38d8f54a]" name="setUp" is-config="true" duration-ms="19969" started-at="2019-11-14T16:02:18Z" finished-at="2019-11-14T16:02:38Z">
          <reporter-output>
          </reporter-output>
        </test-method> <!-- setUp -->
        <test-method status="PASS" signature="loginPageTest()[pri:0, instance:com.capability.qa.testcases.LoginPageTest@38d8f54a]" name="loginPageTest" duration-ms="314" started-at="2019-11-14T16:02:38Z" finished-at="2019-11-14T16:02:38Z">
          <reporter-output>
          </reporter-output>
        </test-method> <!-- loginPageTest -->
        <test-method status="PASS" signature="tearDown()[pri:0, instance:com.capability.qa.testcases.LoginPageTest@38d8f54a]" name="tearDown" is-config="true" duration-ms="657" started-at="2019-11-14T16:02:38Z" finished-at="2019-11-14T16:02:39Z">
          <reporter-output>
          </reporter-output>
        </test-method> <!-- tearDown -->
      </class> <!-- com.capability.qa.testcases.LoginPageTest -->
    </test> <!-- Default test -->
  </suite> <!-- Default suite -->
</testng-results>
