<?xml version="1.0" encoding="UTF-8"?>
<!-- Generated by org.testng.reporters.JUnitXMLReporter -->
<testsuite hostname="DESKTOP-KU23G2B" ignored="0" name="Default test" tests="2" failures="0" timestamp="14 Nov 2019 10:32:39 GMT" time="42.52" errors="0">
  <testcase name="LoginPageLOGOTextTest" time="0.111" classname="com.capability.qa.testcases.LoginPageTest"/>
  <testcase name="loginPageTest" time="0.314" classname="com.capability.qa.testcases.LoginPageTest"/>
</testsuite> <!-- Default test -->
