<html>
<head>
<title>TestNG:  Default test</title>
<link href="../testng.css" rel="stylesheet" type="text/css" />
<link href="../my-testng.css" rel="stylesheet" type="text/css" />

<style type="text/css">
.log { display: none;} 
.stack-trace { display: none;} 
</style>
<script type="text/javascript">
<!--
function flip(e) {
  current = e.style.display;
  if (current == 'block') {
    e.style.display = 'none';
    return 0;
  }
  else {
    e.style.display = 'block';
    return 1;
  }
}

function toggleBox(szDivId, elem, msg1, msg2)
{
  var res = -1;  if (document.getElementById) {
    res = flip(document.getElementById(szDivId));
  }
  else if (document.all) {
    // this is the way old msie versions work
    res = flip(document.all[szDivId]);
  }
  if(elem) {
    if(res == 0) elem.innerHTML = msg1; else elem.innerHTML = msg2;
  }

}

function toggleAllBoxes() {
  if (document.getElementsByTagName) {
    d = document.getElementsByTagName('div');
    for (i = 0; i < d.length; i++) {
      if (d[i].className == 'log') {
        flip(d[i]);
      }
    }
  }
}

// -->
</script>

</head>
<body>
<h2 align='center'>Default test</h2><table border='1' align="center">
<tr>
<td>Tests passed/Failed/Skipped:</td><td>34/6/0</td>
</tr><tr>
<td>Started on:</td><td>Wed Nov 20 17:06:13 IST 2019</td>
</tr>
<tr><td>Total time:</td><td>1236 seconds (1236533 ms)</td>
</tr><tr>
<td>Included groups:</td><td></td>
</tr><tr>
<td>Excluded groups:</td><td></td>
</tr>
</table><p/>
<small><i>(Hover the method name to see the test class name)</i></small><p/>
<table width='100%' border='1' class='invocation-failed'>
<tr><td colspan='4' align='center'><b>FAILED TESTS</b></td></tr>
<tr><td><b>Test method</b></td>
<td width="30%"><b>Exception</b></td>
<td width="10%"><b>Time (seconds)</b></td>
<td><b>Instance</b></td>
</tr>
<tr>
<td title='com.capability.qa.testcases.AddQuestionsPageTest.addQuestions()'><b>addQuestions</b><br>Test class: com.capability.qa.testcases.AddQuestionsPageTest<br>Parameters: JavaScript, Simple, Single Choice Question, No Chapters Added yet, Javascript is _________ language., Application, Programming, None of These, Scripting, no, no, no, yes</td>
<td><div><pre>org.openqa.selenium.NoSuchElementException: Cannot locate element with text: No Chapters Added yet
For documentation on this error, please visit: http://seleniumhq.org/exceptions/no_such_element.html
Build info: version: &apos;3.14.0&apos;, revision: &apos;aacccce0&apos;, time: &apos;2018-08-02T20:19:58.91Z&apos;
System info: host: &apos;DESKTOP-KU23G2B&apos;, ip: &apos;192.168.1.106&apos;, os.name: &apos;Windows 10&apos;, os.arch: &apos;amd64&apos;, os.version: &apos;10.0&apos;, java.version: &apos;1.8.0_202&apos;
Driver info: driver.version: unknown
	at org.openqa.selenium.support.ui.Select.selectByVisibleText(Select.java:151)
	at com.capability.qa.Pages.AddQuestionsPage.selectChapterDropDown(AddQuestionsPage.java:100)
	at com.capability.qa.testcases.AddQuestionsPageTest.addQuestions(AddQuestionsPageTest.java:73)
	at sun.reflect.NativeMethodAccessorImpl.invoke0(Native Method)
	at sun.reflect.NativeMethodAccessorImpl.invoke(Unknown Source)
	at sun.reflect.DelegatingMethodAccessorImpl.invoke(Unknown Source)
	at java.lang.reflect.Method.invoke(Unknown Source)
	at org.testng.internal.MethodInvocationHelper.invokeMethod(MethodInvocationHelper.java:108)
	at org.testng.internal.Invoker.invokeMethod(Invoker.java:661)
	at org.testng.internal.Invoker.invokeTestMethod(Invoker.java:869)
	at org.testng.internal.Invoker.invokeTestMethods(Invoker.java:1193)
	at org.testng.internal.TestMethodWorker.invokeTestMethods(TestMethodWorker.java:126)
	at org.testng.internal.TestMethodWorker.run(TestMethodWorker.java:109)
	at org.testng.TestRunner.privateRun(TestRunner.java:744)
	at org.testng.TestRunner.run(TestRunner.java:602)
	at org.testng.SuiteRunner.runTest(SuiteRunner.java:380)
	at org.testng.SuiteRunner.runSequentially(SuiteRunner.java:375)
	at org.testng.SuiteRunner.privateRun(SuiteRunner.java:340)
	at org.testng.SuiteRunner.run(SuiteRunner.java:289)
	at org.testng.SuiteRunnerWorker.runSuite(SuiteRunnerWorker.java:52)
	at org.testng.SuiteRunnerWorker.run(SuiteRunnerWorker.java:86)
	at org.testng.TestNG.runSuitesSequentially(TestNG.java:1301)
	at org.testng.TestNG.runSuitesLocally(TestNG.java:1226)
	at org.testng.TestNG.runSuites(TestNG.java:1144)
	at org.testng.TestNG.run(TestNG.java:1115)
	at org.testng.remote.AbstractRemoteTestNG.run(AbstractRemoteTestNG.java:114)
	at org.testng.remote.RemoteTestNG.initAndRun(RemoteTestNG.java:251)
	at org.testng.remote.RemoteTestNG.main(RemoteTestNG.java:77)
</pre></div><a href='#' onClick='toggleBox("stack-trace937428334", this, "Click to show all stack frames", "Click to hide stack frames")'>Click to show all stack frames</a>
<div class='stack-trace' id='stack-trace937428334'><pre>org.openqa.selenium.NoSuchElementException: Cannot locate element with text: No Chapters Added yet
For documentation on this error, please visit: http://seleniumhq.org/exceptions/no_such_element.html
Build info: version: &apos;3.14.0&apos;, revision: &apos;aacccce0&apos;, time: &apos;2018-08-02T20:19:58.91Z&apos;
System info: host: &apos;DESKTOP-KU23G2B&apos;, ip: &apos;192.168.1.106&apos;, os.name: &apos;Windows 10&apos;, os.arch: &apos;amd64&apos;, os.version: &apos;10.0&apos;, java.version: &apos;1.8.0_202&apos;
Driver info: driver.version: unknown
	at org.openqa.selenium.support.ui.Select.selectByVisibleText(Select.java:151)
	at com.capability.qa.Pages.AddQuestionsPage.selectChapterDropDown(AddQuestionsPage.java:100)
	at com.capability.qa.testcases.AddQuestionsPageTest.addQuestions(AddQuestionsPageTest.java:73)
	at sun.reflect.NativeMethodAccessorImpl.invoke0(Native Method)
	at sun.reflect.NativeMethodAccessorImpl.invoke(Unknown Source)
	at sun.reflect.DelegatingMethodAccessorImpl.invoke(Unknown Source)
	at java.lang.reflect.Method.invoke(Unknown Source)
	at org.testng.internal.MethodInvocationHelper.invokeMethod(MethodInvocationHelper.java:108)
	at org.testng.internal.Invoker.invokeMethod(Invoker.java:661)
	at org.testng.internal.Invoker.invokeTestMethod(Invoker.java:869)
	at org.testng.internal.Invoker.invokeTestMethods(Invoker.java:1193)
	at org.testng.internal.TestMethodWorker.invokeTestMethods(TestMethodWorker.java:126)
	at org.testng.internal.TestMethodWorker.run(TestMethodWorker.java:109)
	at org.testng.TestRunner.privateRun(TestRunner.java:744)
	at org.testng.TestRunner.run(TestRunner.java:602)
	at org.testng.SuiteRunner.runTest(SuiteRunner.java:380)
	at org.testng.SuiteRunner.runSequentially(SuiteRunner.java:375)
	at org.testng.SuiteRunner.privateRun(SuiteRunner.java:340)
	at org.testng.SuiteRunner.run(SuiteRunner.java:289)
	at org.testng.SuiteRunnerWorker.runSuite(SuiteRunnerWorker.java:52)
	at org.testng.SuiteRunnerWorker.run(SuiteRunnerWorker.java:86)
	at org.testng.TestNG.runSuitesSequentially(TestNG.java:1301)
	at org.testng.TestNG.runSuitesLocally(TestNG.java:1226)
	at org.testng.TestNG.runSuites(TestNG.java:1144)
	at org.testng.TestNG.run(TestNG.java:1115)
	at org.testng.remote.AbstractRemoteTestNG.run(AbstractRemoteTestNG.java:114)
	at org.testng.remote.RemoteTestNG.initAndRun(RemoteTestNG.java:251)
	at org.testng.remote.RemoteTestNG.main(RemoteTestNG.java:77)
</pre></div></td>
<td>30</td>
<td>com.capability.qa.testcases.AddQuestionsPageTest@3632be31</td></tr>
<tr>
<td title='com.capability.qa.testcases.AddQuestionsPageTest.addQuestions()'><b>addQuestions</b><br>Test class: com.capability.qa.testcases.AddQuestionsPageTest<br>Parameters: JavaScript, Intermediate, Single Choice Question, No Chapters Added yet, JavaScript is designed for following purpose, To Perform Server Side Scripting Opertion, To add interactivity to HTML Pages, To Execute Query Related to DB on Server, To Style HTML Pages, no, yes, no, no</td>
<td><div><pre>org.openqa.selenium.NoSuchElementException: Cannot locate element with text: No Chapters Added yet
For documentation on this error, please visit: http://seleniumhq.org/exceptions/no_such_element.html
Build info: version: &apos;3.14.0&apos;, revision: &apos;aacccce0&apos;, time: &apos;2018-08-02T20:19:58.91Z&apos;
System info: host: &apos;DESKTOP-KU23G2B&apos;, ip: &apos;192.168.1.106&apos;, os.name: &apos;Windows 10&apos;, os.arch: &apos;amd64&apos;, os.version: &apos;10.0&apos;, java.version: &apos;1.8.0_202&apos;
Driver info: driver.version: unknown
	at org.openqa.selenium.support.ui.Select.selectByVisibleText(Select.java:151)
	at com.capability.qa.Pages.AddQuestionsPage.selectChapterDropDown(AddQuestionsPage.java:100)
	at com.capability.qa.testcases.AddQuestionsPageTest.addQuestions(AddQuestionsPageTest.java:73)
	at sun.reflect.NativeMethodAccessorImpl.invoke0(Native Method)
	at sun.reflect.NativeMethodAccessorImpl.invoke(Unknown Source)
	at sun.reflect.DelegatingMethodAccessorImpl.invoke(Unknown Source)
	at java.lang.reflect.Method.invoke(Unknown Source)
	at org.testng.internal.MethodInvocationHelper.invokeMethod(MethodInvocationHelper.java:108)
	at org.testng.internal.Invoker.invokeMethod(Invoker.java:661)
	at org.testng.internal.Invoker.invokeTestMethod(Invoker.java:869)
	at org.testng.internal.Invoker.invokeTestMethods(Invoker.java:1193)
	at org.testng.internal.TestMethodWorker.invokeTestMethods(TestMethodWorker.java:126)
	at org.testng.internal.TestMethodWorker.run(TestMethodWorker.java:109)
	at org.testng.TestRunner.privateRun(TestRunner.java:744)
	at org.testng.TestRunner.run(TestRunner.java:602)
	at org.testng.SuiteRunner.runTest(SuiteRunner.java:380)
	at org.testng.SuiteRunner.runSequentially(SuiteRunner.java:375)
	at org.testng.SuiteRunner.privateRun(SuiteRunner.java:340)
	at org.testng.SuiteRunner.run(SuiteRunner.java:289)
	at org.testng.SuiteRunnerWorker.runSuite(SuiteRunnerWorker.java:52)
	at org.testng.SuiteRunnerWorker.run(SuiteRunnerWorker.java:86)
	at org.testng.TestNG.runSuitesSequentially(TestNG.java:1301)
	at org.testng.TestNG.runSuitesLocally(TestNG.java:1226)
	at org.testng.TestNG.runSuites(TestNG.java:1144)
	at org.testng.TestNG.run(TestNG.java:1115)
	at org.testng.remote.AbstractRemoteTestNG.run(AbstractRemoteTestNG.java:114)
	at org.testng.remote.RemoteTestNG.initAndRun(RemoteTestNG.java:251)
	at org.testng.remote.RemoteTestNG.main(RemoteTestNG.java:77)
</pre></div><a href='#' onClick='toggleBox("stack-trace914175168", this, "Click to show all stack frames", "Click to hide stack frames")'>Click to show all stack frames</a>
<div class='stack-trace' id='stack-trace914175168'><pre>org.openqa.selenium.NoSuchElementException: Cannot locate element with text: No Chapters Added yet
For documentation on this error, please visit: http://seleniumhq.org/exceptions/no_such_element.html
Build info: version: &apos;3.14.0&apos;, revision: &apos;aacccce0&apos;, time: &apos;2018-08-02T20:19:58.91Z&apos;
System info: host: &apos;DESKTOP-KU23G2B&apos;, ip: &apos;192.168.1.106&apos;, os.name: &apos;Windows 10&apos;, os.arch: &apos;amd64&apos;, os.version: &apos;10.0&apos;, java.version: &apos;1.8.0_202&apos;
Driver info: driver.version: unknown
	at org.openqa.selenium.support.ui.Select.selectByVisibleText(Select.java:151)
	at com.capability.qa.Pages.AddQuestionsPage.selectChapterDropDown(AddQuestionsPage.java:100)
	at com.capability.qa.testcases.AddQuestionsPageTest.addQuestions(AddQuestionsPageTest.java:73)
	at sun.reflect.NativeMethodAccessorImpl.invoke0(Native Method)
	at sun.reflect.NativeMethodAccessorImpl.invoke(Unknown Source)
	at sun.reflect.DelegatingMethodAccessorImpl.invoke(Unknown Source)
	at java.lang.reflect.Method.invoke(Unknown Source)
	at org.testng.internal.MethodInvocationHelper.invokeMethod(MethodInvocationHelper.java:108)
	at org.testng.internal.Invoker.invokeMethod(Invoker.java:661)
	at org.testng.internal.Invoker.invokeTestMethod(Invoker.java:869)
	at org.testng.internal.Invoker.invokeTestMethods(Invoker.java:1193)
	at org.testng.internal.TestMethodWorker.invokeTestMethods(TestMethodWorker.java:126)
	at org.testng.internal.TestMethodWorker.run(TestMethodWorker.java:109)
	at org.testng.TestRunner.privateRun(TestRunner.java:744)
	at org.testng.TestRunner.run(TestRunner.java:602)
	at org.testng.SuiteRunner.runTest(SuiteRunner.java:380)
	at org.testng.SuiteRunner.runSequentially(SuiteRunner.java:375)
	at org.testng.SuiteRunner.privateRun(SuiteRunner.java:340)
	at org.testng.SuiteRunner.run(SuiteRunner.java:289)
	at org.testng.SuiteRunnerWorker.runSuite(SuiteRunnerWorker.java:52)
	at org.testng.SuiteRunnerWorker.run(SuiteRunnerWorker.java:86)
	at org.testng.TestNG.runSuitesSequentially(TestNG.java:1301)
	at org.testng.TestNG.runSuitesLocally(TestNG.java:1226)
	at org.testng.TestNG.runSuites(TestNG.java:1144)
	at org.testng.TestNG.run(TestNG.java:1115)
	at org.testng.remote.AbstractRemoteTestNG.run(AbstractRemoteTestNG.java:114)
	at org.testng.remote.RemoteTestNG.initAndRun(RemoteTestNG.java:251)
	at org.testng.remote.RemoteTestNG.main(RemoteTestNG.java:77)
</pre></div></td>
<td>30</td>
<td>com.capability.qa.testcases.AddQuestionsPageTest@3632be31</td></tr>
<tr>
<td title='com.capability.qa.testcases.AddQuestionsPageTest.addQuestions()'><b>addQuestions</b><br>Test class: com.capability.qa.testcases.AddQuestionsPageTest<br>Parameters: JavaScript, Complex, Multiple Choice Question, No Chapters Added yet, JavaScript is can be written, directly on the Server Script, None of these, directly into JS file and included into HTML, directly into HTML pages, no, no, yes, yes</td>
<td><div><pre>org.openqa.selenium.NoSuchElementException: Cannot locate element with text: No Chapters Added yet
For documentation on this error, please visit: http://seleniumhq.org/exceptions/no_such_element.html
Build info: version: &apos;3.14.0&apos;, revision: &apos;aacccce0&apos;, time: &apos;2018-08-02T20:19:58.91Z&apos;
System info: host: &apos;DESKTOP-KU23G2B&apos;, ip: &apos;192.168.1.106&apos;, os.name: &apos;Windows 10&apos;, os.arch: &apos;amd64&apos;, os.version: &apos;10.0&apos;, java.version: &apos;1.8.0_202&apos;
Driver info: driver.version: unknown
	at org.openqa.selenium.support.ui.Select.selectByVisibleText(Select.java:151)
	at com.capability.qa.Pages.AddQuestionsPage.selectChapterDropDown(AddQuestionsPage.java:100)
	at com.capability.qa.testcases.AddQuestionsPageTest.addQuestions(AddQuestionsPageTest.java:73)
	at sun.reflect.NativeMethodAccessorImpl.invoke0(Native Method)
	at sun.reflect.NativeMethodAccessorImpl.invoke(Unknown Source)
	at sun.reflect.DelegatingMethodAccessorImpl.invoke(Unknown Source)
	at java.lang.reflect.Method.invoke(Unknown Source)
	at org.testng.internal.MethodInvocationHelper.invokeMethod(MethodInvocationHelper.java:108)
	at org.testng.internal.Invoker.invokeMethod(Invoker.java:661)
	at org.testng.internal.Invoker.invokeTestMethod(Invoker.java:869)
	at org.testng.internal.Invoker.invokeTestMethods(Invoker.java:1193)
	at org.testng.internal.TestMethodWorker.invokeTestMethods(TestMethodWorker.java:126)
	at org.testng.internal.TestMethodWorker.run(TestMethodWorker.java:109)
	at org.testng.TestRunner.privateRun(TestRunner.java:744)
	at org.testng.TestRunner.run(TestRunner.java:602)
	at org.testng.SuiteRunner.runTest(SuiteRunner.java:380)
	at org.testng.SuiteRunner.runSequentially(SuiteRunner.java:375)
	at org.testng.SuiteRunner.privateRun(SuiteRunner.java:340)
	at org.testng.SuiteRunner.run(SuiteRunner.java:289)
	at org.testng.SuiteRunnerWorker.runSuite(SuiteRunnerWorker.java:52)
	at org.testng.SuiteRunnerWorker.run(SuiteRunnerWorker.java:86)
	at org.testng.TestNG.runSuitesSequentially(TestNG.java:1301)
	at org.testng.TestNG.runSuitesLocally(TestNG.java:1226)
	at org.testng.TestNG.runSuites(TestNG.java:1144)
	at org.testng.TestNG.run(TestNG.java:1115)
	at org.testng.remote.AbstractRemoteTestNG.run(AbstractRemoteTestNG.java:114)
	at org.testng.remote.RemoteTestNG.initAndRun(RemoteTestNG.java:251)
	at org.testng.remote.RemoteTestNG.main(RemoteTestNG.java:77)
</pre></div><a href='#' onClick='toggleBox("stack-trace729401599", this, "Click to show all stack frames", "Click to hide stack frames")'>Click to show all stack frames</a>
<div class='stack-trace' id='stack-trace729401599'><pre>org.openqa.selenium.NoSuchElementException: Cannot locate element with text: No Chapters Added yet
For documentation on this error, please visit: http://seleniumhq.org/exceptions/no_such_element.html
Build info: version: &apos;3.14.0&apos;, revision: &apos;aacccce0&apos;, time: &apos;2018-08-02T20:19:58.91Z&apos;
System info: host: &apos;DESKTOP-KU23G2B&apos;, ip: &apos;192.168.1.106&apos;, os.name: &apos;Windows 10&apos;, os.arch: &apos;amd64&apos;, os.version: &apos;10.0&apos;, java.version: &apos;1.8.0_202&apos;
Driver info: driver.version: unknown
	at org.openqa.selenium.support.ui.Select.selectByVisibleText(Select.java:151)
	at com.capability.qa.Pages.AddQuestionsPage.selectChapterDropDown(AddQuestionsPage.java:100)
	at com.capability.qa.testcases.AddQuestionsPageTest.addQuestions(AddQuestionsPageTest.java:73)
	at sun.reflect.NativeMethodAccessorImpl.invoke0(Native Method)
	at sun.reflect.NativeMethodAccessorImpl.invoke(Unknown Source)
	at sun.reflect.DelegatingMethodAccessorImpl.invoke(Unknown Source)
	at java.lang.reflect.Method.invoke(Unknown Source)
	at org.testng.internal.MethodInvocationHelper.invokeMethod(MethodInvocationHelper.java:108)
	at org.testng.internal.Invoker.invokeMethod(Invoker.java:661)
	at org.testng.internal.Invoker.invokeTestMethod(Invoker.java:869)
	at org.testng.internal.Invoker.invokeTestMethods(Invoker.java:1193)
	at org.testng.internal.TestMethodWorker.invokeTestMethods(TestMethodWorker.java:126)
	at org.testng.internal.TestMethodWorker.run(TestMethodWorker.java:109)
	at org.testng.TestRunner.privateRun(TestRunner.java:744)
	at org.testng.TestRunner.run(TestRunner.java:602)
	at org.testng.SuiteRunner.runTest(SuiteRunner.java:380)
	at org.testng.SuiteRunner.runSequentially(SuiteRunner.java:375)
	at org.testng.SuiteRunner.privateRun(SuiteRunner.java:340)
	at org.testng.SuiteRunner.run(SuiteRunner.java:289)
	at org.testng.SuiteRunnerWorker.runSuite(SuiteRunnerWorker.java:52)
	at org.testng.SuiteRunnerWorker.run(SuiteRunnerWorker.java:86)
	at org.testng.TestNG.runSuitesSequentially(TestNG.java:1301)
	at org.testng.TestNG.runSuitesLocally(TestNG.java:1226)
	at org.testng.TestNG.runSuites(TestNG.java:1144)
	at org.testng.TestNG.run(TestNG.java:1115)
	at org.testng.remote.AbstractRemoteTestNG.run(AbstractRemoteTestNG.java:114)
	at org.testng.remote.RemoteTestNG.initAndRun(RemoteTestNG.java:251)
	at org.testng.remote.RemoteTestNG.main(RemoteTestNG.java:77)
</pre></div></td>
<td>30</td>
<td>com.capability.qa.testcases.AddQuestionsPageTest@3632be31</td></tr>
<tr>
<td title='com.capability.qa.testcases.AddQuestionsPageTest.addQuestions()'><b>addQuestions</b><br>Test class: com.capability.qa.testcases.AddQuestionsPageTest<br>Parameters: Unix/Linux, Simple, Single Choice Question, No Chapters Added yet, Which command is used to display the operating system name, OS, UNIX, kernel, uname, no, no, no, yes</td>
<td><div><pre>org.openqa.selenium.NoSuchElementException: Cannot locate element with text: No Chapters Added yet
For documentation on this error, please visit: http://seleniumhq.org/exceptions/no_such_element.html
Build info: version: &apos;3.14.0&apos;, revision: &apos;aacccce0&apos;, time: &apos;2018-08-02T20:19:58.91Z&apos;
System info: host: &apos;DESKTOP-KU23G2B&apos;, ip: &apos;192.168.1.106&apos;, os.name: &apos;Windows 10&apos;, os.arch: &apos;amd64&apos;, os.version: &apos;10.0&apos;, java.version: &apos;1.8.0_202&apos;
Driver info: driver.version: unknown
	at org.openqa.selenium.support.ui.Select.selectByVisibleText(Select.java:151)
	at com.capability.qa.Pages.AddQuestionsPage.selectChapterDropDown(AddQuestionsPage.java:100)
	at com.capability.qa.testcases.AddQuestionsPageTest.addQuestions(AddQuestionsPageTest.java:73)
	at sun.reflect.GeneratedMethodAccessor21.invoke(Unknown Source)
	at sun.reflect.DelegatingMethodAccessorImpl.invoke(Unknown Source)
	at java.lang.reflect.Method.invoke(Unknown Source)
	at org.testng.internal.MethodInvocationHelper.invokeMethod(MethodInvocationHelper.java:108)
	at org.testng.internal.Invoker.invokeMethod(Invoker.java:661)
	at org.testng.internal.Invoker.invokeTestMethod(Invoker.java:869)
	at org.testng.internal.Invoker.invokeTestMethods(Invoker.java:1193)
	at org.testng.internal.TestMethodWorker.invokeTestMethods(TestMethodWorker.java:126)
	at org.testng.internal.TestMethodWorker.run(TestMethodWorker.java:109)
	at org.testng.TestRunner.privateRun(TestRunner.java:744)
	at org.testng.TestRunner.run(TestRunner.java:602)
	at org.testng.SuiteRunner.runTest(SuiteRunner.java:380)
	at org.testng.SuiteRunner.runSequentially(SuiteRunner.java:375)
	at org.testng.SuiteRunner.privateRun(SuiteRunner.java:340)
	at org.testng.SuiteRunner.run(SuiteRunner.java:289)
	at org.testng.SuiteRunnerWorker.runSuite(SuiteRunnerWorker.java:52)
	at org.testng.SuiteRunnerWorker.run(SuiteRunnerWorker.java:86)
	at org.testng.TestNG.runSuitesSequentially(TestNG.java:1301)
	at org.testng.TestNG.runSuitesLocally(TestNG.java:1226)
	at org.testng.TestNG.runSuites(TestNG.java:1144)
	at org.testng.TestNG.run(TestNG.java:1115)
	at org.testng.remote.AbstractRemoteTestNG.run(AbstractRemoteTestNG.java:114)
	at org.testng.remote.RemoteTestNG.initAndRun(RemoteTestNG.java:251)
	at org.testng.remote.RemoteTestNG.main(RemoteTestNG.java:77)
</pre></div><a href='#' onClick='toggleBox("stack-trace1949153992", this, "Click to show all stack frames", "Click to hide stack frames")'>Click to show all stack frames</a>
<div class='stack-trace' id='stack-trace1949153992'><pre>org.openqa.selenium.NoSuchElementException: Cannot locate element with text: No Chapters Added yet
For documentation on this error, please visit: http://seleniumhq.org/exceptions/no_such_element.html
Build info: version: &apos;3.14.0&apos;, revision: &apos;aacccce0&apos;, time: &apos;2018-08-02T20:19:58.91Z&apos;
System info: host: &apos;DESKTOP-KU23G2B&apos;, ip: &apos;192.168.1.106&apos;, os.name: &apos;Windows 10&apos;, os.arch: &apos;amd64&apos;, os.version: &apos;10.0&apos;, java.version: &apos;1.8.0_202&apos;
Driver info: driver.version: unknown
	at org.openqa.selenium.support.ui.Select.selectByVisibleText(Select.java:151)
	at com.capability.qa.Pages.AddQuestionsPage.selectChapterDropDown(AddQuestionsPage.java:100)
	at com.capability.qa.testcases.AddQuestionsPageTest.addQuestions(AddQuestionsPageTest.java:73)
	at sun.reflect.GeneratedMethodAccessor21.invoke(Unknown Source)
	at sun.reflect.DelegatingMethodAccessorImpl.invoke(Unknown Source)
	at java.lang.reflect.Method.invoke(Unknown Source)
	at org.testng.internal.MethodInvocationHelper.invokeMethod(MethodInvocationHelper.java:108)
	at org.testng.internal.Invoker.invokeMethod(Invoker.java:661)
	at org.testng.internal.Invoker.invokeTestMethod(Invoker.java:869)
	at org.testng.internal.Invoker.invokeTestMethods(Invoker.java:1193)
	at org.testng.internal.TestMethodWorker.invokeTestMethods(TestMethodWorker.java:126)
	at org.testng.internal.TestMethodWorker.run(TestMethodWorker.java:109)
	at org.testng.TestRunner.privateRun(TestRunner.java:744)
	at org.testng.TestRunner.run(TestRunner.java:602)
	at org.testng.SuiteRunner.runTest(SuiteRunner.java:380)
	at org.testng.SuiteRunner.runSequentially(SuiteRunner.java:375)
	at org.testng.SuiteRunner.privateRun(SuiteRunner.java:340)
	at org.testng.SuiteRunner.run(SuiteRunner.java:289)
	at org.testng.SuiteRunnerWorker.runSuite(SuiteRunnerWorker.java:52)
	at org.testng.SuiteRunnerWorker.run(SuiteRunnerWorker.java:86)
	at org.testng.TestNG.runSuitesSequentially(TestNG.java:1301)
	at org.testng.TestNG.runSuitesLocally(TestNG.java:1226)
	at org.testng.TestNG.runSuites(TestNG.java:1144)
	at org.testng.TestNG.run(TestNG.java:1115)
	at org.testng.remote.AbstractRemoteTestNG.run(AbstractRemoteTestNG.java:114)
	at org.testng.remote.RemoteTestNG.initAndRun(RemoteTestNG.java:251)
	at org.testng.remote.RemoteTestNG.main(RemoteTestNG.java:77)
</pre></div></td>
<td>30</td>
<td>com.capability.qa.testcases.AddQuestionsPageTest@3632be31</td></tr>
<tr>
<td title='com.capability.qa.testcases.AddQuestionsPageTest.addQuestions()'><b>addQuestions</b><br>Test class: com.capability.qa.testcases.AddQuestionsPageTest<br>Parameters: Unix/Linux, Intermediate, Single Choice Question, No Chapters Added yet, Which command is used to display the unix version, uname -r, uname -n, uname -t, kernel, yes, no, no, no</td>
<td><div><pre>org.openqa.selenium.NoSuchElementException: Cannot locate element with text: No Chapters Added yet
For documentation on this error, please visit: http://seleniumhq.org/exceptions/no_such_element.html
Build info: version: &apos;3.14.0&apos;, revision: &apos;aacccce0&apos;, time: &apos;2018-08-02T20:19:58.91Z&apos;
System info: host: &apos;DESKTOP-KU23G2B&apos;, ip: &apos;192.168.1.106&apos;, os.name: &apos;Windows 10&apos;, os.arch: &apos;amd64&apos;, os.version: &apos;10.0&apos;, java.version: &apos;1.8.0_202&apos;
Driver info: driver.version: unknown
	at org.openqa.selenium.support.ui.Select.selectByVisibleText(Select.java:151)
	at com.capability.qa.Pages.AddQuestionsPage.selectChapterDropDown(AddQuestionsPage.java:100)
	at com.capability.qa.testcases.AddQuestionsPageTest.addQuestions(AddQuestionsPageTest.java:73)
	at sun.reflect.GeneratedMethodAccessor21.invoke(Unknown Source)
	at sun.reflect.DelegatingMethodAccessorImpl.invoke(Unknown Source)
	at java.lang.reflect.Method.invoke(Unknown Source)
	at org.testng.internal.MethodInvocationHelper.invokeMethod(MethodInvocationHelper.java:108)
	at org.testng.internal.Invoker.invokeMethod(Invoker.java:661)
	at org.testng.internal.Invoker.invokeTestMethod(Invoker.java:869)
	at org.testng.internal.Invoker.invokeTestMethods(Invoker.java:1193)
	at org.testng.internal.TestMethodWorker.invokeTestMethods(TestMethodWorker.java:126)
	at org.testng.internal.TestMethodWorker.run(TestMethodWorker.java:109)
	at org.testng.TestRunner.privateRun(TestRunner.java:744)
	at org.testng.TestRunner.run(TestRunner.java:602)
	at org.testng.SuiteRunner.runTest(SuiteRunner.java:380)
	at org.testng.SuiteRunner.runSequentially(SuiteRunner.java:375)
	at org.testng.SuiteRunner.privateRun(SuiteRunner.java:340)
	at org.testng.SuiteRunner.run(SuiteRunner.java:289)
	at org.testng.SuiteRunnerWorker.runSuite(SuiteRunnerWorker.java:52)
	at org.testng.SuiteRunnerWorker.run(SuiteRunnerWorker.java:86)
	at org.testng.TestNG.runSuitesSequentially(TestNG.java:1301)
	at org.testng.TestNG.runSuitesLocally(TestNG.java:1226)
	at org.testng.TestNG.runSuites(TestNG.java:1144)
	at org.testng.TestNG.run(TestNG.java:1115)
	at org.testng.remote.AbstractRemoteTestNG.run(AbstractRemoteTestNG.java:114)
	at org.testng.remote.RemoteTestNG.initAndRun(RemoteTestNG.java:251)
	at org.testng.remote.RemoteTestNG.main(RemoteTestNG.java:77)
</pre></div><a href='#' onClick='toggleBox("stack-trace1761370986", this, "Click to show all stack frames", "Click to hide stack frames")'>Click to show all stack frames</a>
<div class='stack-trace' id='stack-trace1761370986'><pre>org.openqa.selenium.NoSuchElementException: Cannot locate element with text: No Chapters Added yet
For documentation on this error, please visit: http://seleniumhq.org/exceptions/no_such_element.html
Build info: version: &apos;3.14.0&apos;, revision: &apos;aacccce0&apos;, time: &apos;2018-08-02T20:19:58.91Z&apos;
System info: host: &apos;DESKTOP-KU23G2B&apos;, ip: &apos;192.168.1.106&apos;, os.name: &apos;Windows 10&apos;, os.arch: &apos;amd64&apos;, os.version: &apos;10.0&apos;, java.version: &apos;1.8.0_202&apos;
Driver info: driver.version: unknown
	at org.openqa.selenium.support.ui.Select.selectByVisibleText(Select.java:151)
	at com.capability.qa.Pages.AddQuestionsPage.selectChapterDropDown(AddQuestionsPage.java:100)
	at com.capability.qa.testcases.AddQuestionsPageTest.addQuestions(AddQuestionsPageTest.java:73)
	at sun.reflect.GeneratedMethodAccessor21.invoke(Unknown Source)
	at sun.reflect.DelegatingMethodAccessorImpl.invoke(Unknown Source)
	at java.lang.reflect.Method.invoke(Unknown Source)
	at org.testng.internal.MethodInvocationHelper.invokeMethod(MethodInvocationHelper.java:108)
	at org.testng.internal.Invoker.invokeMethod(Invoker.java:661)
	at org.testng.internal.Invoker.invokeTestMethod(Invoker.java:869)
	at org.testng.internal.Invoker.invokeTestMethods(Invoker.java:1193)
	at org.testng.internal.TestMethodWorker.invokeTestMethods(TestMethodWorker.java:126)
	at org.testng.internal.TestMethodWorker.run(TestMethodWorker.java:109)
	at org.testng.TestRunner.privateRun(TestRunner.java:744)
	at org.testng.TestRunner.run(TestRunner.java:602)
	at org.testng.SuiteRunner.runTest(SuiteRunner.java:380)
	at org.testng.SuiteRunner.runSequentially(SuiteRunner.java:375)
	at org.testng.SuiteRunner.privateRun(SuiteRunner.java:340)
	at org.testng.SuiteRunner.run(SuiteRunner.java:289)
	at org.testng.SuiteRunnerWorker.runSuite(SuiteRunnerWorker.java:52)
	at org.testng.SuiteRunnerWorker.run(SuiteRunnerWorker.java:86)
	at org.testng.TestNG.runSuitesSequentially(TestNG.java:1301)
	at org.testng.TestNG.runSuitesLocally(TestNG.java:1226)
	at org.testng.TestNG.runSuites(TestNG.java:1144)
	at org.testng.TestNG.run(TestNG.java:1115)
	at org.testng.remote.AbstractRemoteTestNG.run(AbstractRemoteTestNG.java:114)
	at org.testng.remote.RemoteTestNG.initAndRun(RemoteTestNG.java:251)
	at org.testng.remote.RemoteTestNG.main(RemoteTestNG.java:77)
</pre></div></td>
<td>30</td>
<td>com.capability.qa.testcases.AddQuestionsPageTest@3632be31</td></tr>
<tr>
<td title='com.capability.qa.testcases.AddQuestionsPageTest.addQuestions()'><b>addQuestions</b><br>Test class: com.capability.qa.testcases.AddQuestionsPageTest<br>Parameters: Unix/Linux, Complex, Multiple Choice Question, No Chapters Added yet, Which option of ls not command used to view file inode number, command –l, command -o, command –a, command –i, yes, yes, yes, no</td>
<td><div><pre>org.openqa.selenium.NoSuchElementException: Cannot locate element with text: No Chapters Added yet
For documentation on this error, please visit: http://seleniumhq.org/exceptions/no_such_element.html
Build info: version: &apos;3.14.0&apos;, revision: &apos;aacccce0&apos;, time: &apos;2018-08-02T20:19:58.91Z&apos;
System info: host: &apos;DESKTOP-KU23G2B&apos;, ip: &apos;192.168.1.106&apos;, os.name: &apos;Windows 10&apos;, os.arch: &apos;amd64&apos;, os.version: &apos;10.0&apos;, java.version: &apos;1.8.0_202&apos;
Driver info: driver.version: unknown
	at org.openqa.selenium.support.ui.Select.selectByVisibleText(Select.java:151)
	at com.capability.qa.Pages.AddQuestionsPage.selectChapterDropDown(AddQuestionsPage.java:100)
	at com.capability.qa.testcases.AddQuestionsPageTest.addQuestions(AddQuestionsPageTest.java:73)
	at sun.reflect.GeneratedMethodAccessor21.invoke(Unknown Source)
	at sun.reflect.DelegatingMethodAccessorImpl.invoke(Unknown Source)
	at java.lang.reflect.Method.invoke(Unknown Source)
	at org.testng.internal.MethodInvocationHelper.invokeMethod(MethodInvocationHelper.java:108)
	at org.testng.internal.Invoker.invokeMethod(Invoker.java:661)
	at org.testng.internal.Invoker.invokeTestMethod(Invoker.java:869)
	at org.testng.internal.Invoker.invokeTestMethods(Invoker.java:1193)
	at org.testng.internal.TestMethodWorker.invokeTestMethods(TestMethodWorker.java:126)
	at org.testng.internal.TestMethodWorker.run(TestMethodWorker.java:109)
	at org.testng.TestRunner.privateRun(TestRunner.java:744)
	at org.testng.TestRunner.run(TestRunner.java:602)
	at org.testng.SuiteRunner.runTest(SuiteRunner.java:380)
	at org.testng.SuiteRunner.runSequentially(SuiteRunner.java:375)
	at org.testng.SuiteRunner.privateRun(SuiteRunner.java:340)
	at org.testng.SuiteRunner.run(SuiteRunner.java:289)
	at org.testng.SuiteRunnerWorker.runSuite(SuiteRunnerWorker.java:52)
	at org.testng.SuiteRunnerWorker.run(SuiteRunnerWorker.java:86)
	at org.testng.TestNG.runSuitesSequentially(TestNG.java:1301)
	at org.testng.TestNG.runSuitesLocally(TestNG.java:1226)
	at org.testng.TestNG.runSuites(TestNG.java:1144)
	at org.testng.TestNG.run(TestNG.java:1115)
	at org.testng.remote.AbstractRemoteTestNG.run(AbstractRemoteTestNG.java:114)
	at org.testng.remote.RemoteTestNG.initAndRun(RemoteTestNG.java:251)
	at org.testng.remote.RemoteTestNG.main(RemoteTestNG.java:77)
</pre></div><a href='#' onClick='toggleBox("stack-trace1911069222", this, "Click to show all stack frames", "Click to hide stack frames")'>Click to show all stack frames</a>
<div class='stack-trace' id='stack-trace1911069222'><pre>org.openqa.selenium.NoSuchElementException: Cannot locate element with text: No Chapters Added yet
For documentation on this error, please visit: http://seleniumhq.org/exceptions/no_such_element.html
Build info: version: &apos;3.14.0&apos;, revision: &apos;aacccce0&apos;, time: &apos;2018-08-02T20:19:58.91Z&apos;
System info: host: &apos;DESKTOP-KU23G2B&apos;, ip: &apos;192.168.1.106&apos;, os.name: &apos;Windows 10&apos;, os.arch: &apos;amd64&apos;, os.version: &apos;10.0&apos;, java.version: &apos;1.8.0_202&apos;
Driver info: driver.version: unknown
	at org.openqa.selenium.support.ui.Select.selectByVisibleText(Select.java:151)
	at com.capability.qa.Pages.AddQuestionsPage.selectChapterDropDown(AddQuestionsPage.java:100)
	at com.capability.qa.testcases.AddQuestionsPageTest.addQuestions(AddQuestionsPageTest.java:73)
	at sun.reflect.GeneratedMethodAccessor21.invoke(Unknown Source)
	at sun.reflect.DelegatingMethodAccessorImpl.invoke(Unknown Source)
	at java.lang.reflect.Method.invoke(Unknown Source)
	at org.testng.internal.MethodInvocationHelper.invokeMethod(MethodInvocationHelper.java:108)
	at org.testng.internal.Invoker.invokeMethod(Invoker.java:661)
	at org.testng.internal.Invoker.invokeTestMethod(Invoker.java:869)
	at org.testng.internal.Invoker.invokeTestMethods(Invoker.java:1193)
	at org.testng.internal.TestMethodWorker.invokeTestMethods(TestMethodWorker.java:126)
	at org.testng.internal.TestMethodWorker.run(TestMethodWorker.java:109)
	at org.testng.TestRunner.privateRun(TestRunner.java:744)
	at org.testng.TestRunner.run(TestRunner.java:602)
	at org.testng.SuiteRunner.runTest(SuiteRunner.java:380)
	at org.testng.SuiteRunner.runSequentially(SuiteRunner.java:375)
	at org.testng.SuiteRunner.privateRun(SuiteRunner.java:340)
	at org.testng.SuiteRunner.run(SuiteRunner.java:289)
	at org.testng.SuiteRunnerWorker.runSuite(SuiteRunnerWorker.java:52)
	at org.testng.SuiteRunnerWorker.run(SuiteRunnerWorker.java:86)
	at org.testng.TestNG.runSuitesSequentially(TestNG.java:1301)
	at org.testng.TestNG.runSuitesLocally(TestNG.java:1226)
	at org.testng.TestNG.runSuites(TestNG.java:1144)
	at org.testng.TestNG.run(TestNG.java:1115)
	at org.testng.remote.AbstractRemoteTestNG.run(AbstractRemoteTestNG.java:114)
	at org.testng.remote.RemoteTestNG.initAndRun(RemoteTestNG.java:251)
	at org.testng.remote.RemoteTestNG.main(RemoteTestNG.java:77)
</pre></div></td>
<td>30</td>
<td>com.capability.qa.testcases.AddQuestionsPageTest@3632be31</td></tr>
</table><p>
<table width='100%' border='1' class='invocation-passed'>
<tr><td colspan='4' align='center'><b>PASSED TESTS</b></td></tr>
<tr><td><b>Test method</b></td>
<td width="30%"><b>Exception</b></td>
<td width="10%"><b>Time (seconds)</b></td>
<td><b>Instance</b></td>
</tr>
<tr>
<td title='com.capability.qa.testcases.AddQuestionsPageTest.addQuestions()'><b>addQuestions</b><br>Test class: com.capability.qa.testcases.AddQuestionsPageTest<br>Parameters: JAVA, Simple, Single Choice Question, Inheritance, What is Java ??, It's a programming language., It's not a programming language., It's a method., It's a query., yes, no, no, no</td>
<td></td>
<td>1</td>
<td>com.capability.qa.testcases.AddQuestionsPageTest@3632be31</td></tr>
<tr>
<td title='com.capability.qa.testcases.AddQuestionsPageTest.addQuestions()'><b>addQuestions</b><br>Test class: com.capability.qa.testcases.AddQuestionsPageTest<br>Parameters: JAVA, Intermediate, Single Choice Question, Overridding, Which of these keywords can be used to prevent Method overriding?, static, constant, protected, final, no, no, no, yes</td>
<td></td>
<td>1</td>
<td>com.capability.qa.testcases.AddQuestionsPageTest@3632be31</td></tr>
<tr>
<td title='com.capability.qa.testcases.AddQuestionsPageTest.addQuestions()'><b>addQuestions</b><br>Test class: com.capability.qa.testcases.AddQuestionsPageTest<br>Parameters: JAVA, Complex, Single Choice Question, Inheritance, How many reserved keywords are currently defined in the Java language?, 48.0, 49.0, 50.0, 47.0, no, yes, no, yes</td>
<td></td>
<td>1</td>
<td>com.capability.qa.testcases.AddQuestionsPageTest@3632be31</td></tr>
<tr>
<td title='com.capability.qa.testcases.AddQuestionsPageTest.addQuestions()'><b>addQuestions</b><br>Test class: com.capability.qa.testcases.AddQuestionsPageTest<br>Parameters: JAVA, Complex, Multiple Choice Question, Inheritance, Different types of Inheritance?, Singal inheritance, Multi_inheritance, Array, Control statement, yes, yes, no, no</td>
<td></td>
<td>1</td>
<td>com.capability.qa.testcases.AddQuestionsPageTest@3632be31</td></tr>
<tr>
<td title='com.capability.qa.testcases.AddQuestionsPageTest.addQuestions()'><b>addQuestions</b><br>Test class: com.capability.qa.testcases.AddQuestionsPageTest<br>Parameters: ReactJS, Simple, Single Choice Question, No Chapters Added yet, What is ReactJS?, Server-side Framework, User-interface framework, Both, None, no, no, yes, no</td>
<td></td>
<td>1</td>
<td>com.capability.qa.testcases.AddQuestionsPageTest@3632be31</td></tr>
<tr>
<td title='com.capability.qa.testcases.AddQuestionsPageTest.addQuestions()'><b>addQuestions</b><br>Test class: com.capability.qa.testcases.AddQuestionsPageTest<br>Parameters: ReactJS, Intermediate, Single Choice Question, No Chapters Added yet, What are the limitations of ReactJS?, React is only for view layer of the app so we still need the help of other technologies to get a complete tooling set for development, React is using inline templating and JSX. This can seem awkward to some developers, The library of react is too large, All Of These, no, no, no, yes</td>
<td></td>
<td>2</td>
<td>com.capability.qa.testcases.AddQuestionsPageTest@3632be31</td></tr>
<tr>
<td title='com.capability.qa.testcases.AddQuestionsPageTest.addQuestions()'><b>addQuestions</b><br>Test class: com.capability.qa.testcases.AddQuestionsPageTest<br>Parameters: ReactJS, Complex, Multiple Choice Question, No Chapters Added yet, At the highest level, React components have lifecycle events that fall into, Initialization, State/Property Updates, Destruction, Query, yes, yes, yes, no</td>
<td></td>
<td>2</td>
<td>com.capability.qa.testcases.AddQuestionsPageTest@3632be31</td></tr>
<tr>
<td title='com.capability.qa.testcases.AddQuestionsPageTest.addQuestions()'><b>addQuestions</b><br>Test class: com.capability.qa.testcases.AddQuestionsPageTest<br>Parameters: DW Concepts, Simple, Single Choice Question, Introduction of Data Warehouse, A goal of data mining includes which of the following?, To explain some observed event or condition, To confirm that data exists, To analyze data for expected relationships, To create a new data warehouse, yes, no, no, no</td>
<td></td>
<td>2</td>
<td>com.capability.qa.testcases.AddQuestionsPageTest@3632be31</td></tr>
<tr>
<td title='com.capability.qa.testcases.AddQuestionsPageTest.addQuestions()'><b>addQuestions</b><br>Test class: com.capability.qa.testcases.AddQuestionsPageTest<br>Parameters: DW Concepts, Intermediate, Single Choice Question, Introduction of Data Warehouse, A snowflake schema is which of the following types of tables?, Fact, Dimensions, Helper, All Of These, no, no, no, yes</td>
<td></td>
<td>1</td>
<td>com.capability.qa.testcases.AddQuestionsPageTest@3632be31</td></tr>
<tr>
<td title='com.capability.qa.testcases.AddQuestionsPageTest.addQuestions()'><b>addQuestions</b><br>Test class: com.capability.qa.testcases.AddQuestionsPageTest<br>Parameters: DW Concepts, Complex, Multiple Choice Question, ETL and Staging, The important aspect of the data warehouse environment is that data found within the data warehouse, subject-oriented, time-variant., integrated., None of these, yes, yes, yes, no</td>
<td></td>
<td>1</td>
<td>com.capability.qa.testcases.AddQuestionsPageTest@3632be31</td></tr>
<tr>
<td title='com.capability.qa.testcases.AddQuestionsPageTest.addQuestions()'><b>addQuestions</b><br>Test class: com.capability.qa.testcases.AddQuestionsPageTest<br>Parameters: Tableau, Simple, Single Choice Question, Tableau Functions, The symbol related with the field that has been assembled is a____, Paper Clasp, set, hash, Equivalent To, yes, no, no, no</td>
<td></td>
<td>1</td>
<td>com.capability.qa.testcases.AddQuestionsPageTest@3632be31</td></tr>
<tr>
<td title='com.capability.qa.testcases.AddQuestionsPageTest.addQuestions()'><b>addQuestions</b><br>Test class: com.capability.qa.testcases.AddQuestionsPageTest<br>Parameters: Tableau, Intermediate, Single Choice Question, Tableau Functions, How many maximum tables can you join in Tableau?, 39.0, 32.0, 29.0, 25.0, no, yes, no, no</td>
<td></td>
<td>1</td>
<td>com.capability.qa.testcases.AddQuestionsPageTest@3632be31</td></tr>
<tr>
<td title='com.capability.qa.testcases.AddQuestionsPageTest.addQuestions()'><b>addQuestions</b><br>Test class: com.capability.qa.testcases.AddQuestionsPageTest<br>Parameters: Tableau, Complex, Multiple Choice Question, Tableau Functions, What are the different types of joins in Tableau?, lest join, right join, inner join, none of these, yes, yes, yes, no</td>
<td></td>
<td>1</td>
<td>com.capability.qa.testcases.AddQuestionsPageTest@3632be31</td></tr>
<tr>
<td title='com.capability.qa.testcases.AddQuestionsPageTest.addQuestions()'><b>addQuestions</b><br>Test class: com.capability.qa.testcases.AddQuestionsPageTest<br>Parameters: Oracle SQL, Simple, Single Choice Question, SQL Functions, What is the full form of SQL?, Structured Query Language, Structured Query List, Simple Query Langua, None of the Mentioned, yes, no, no, no</td>
<td></td>
<td>1</td>
<td>com.capability.qa.testcases.AddQuestionsPageTest@3632be31</td></tr>
<tr>
<td title='com.capability.qa.testcases.AddQuestionsPageTest.addQuestions()'><b>addQuestions</b><br>Test class: com.capability.qa.testcases.AddQuestionsPageTest<br>Parameters: Oracle SQL, Intermediate, Single Choice Question, SQL Functions, In SQL, which command is used to SELECT only one copy of each set of duplicable rows, SELECT DISTINCT, SELECT UNIQUE, SELECT DIFFERENT, All of the Mentioned, yes, no, no, no</td>
<td></td>
<td>1</td>
<td>com.capability.qa.testcases.AddQuestionsPageTest@3632be31</td></tr>
<tr>
<td title='com.capability.qa.testcases.AddQuestionsPageTest.addQuestions()'><b>addQuestions</b><br>Test class: com.capability.qa.testcases.AddQuestionsPageTest<br>Parameters: Oracle SQL, Complex, Multiple Choice Question, SQL Functions, ________clause is not an additional filter that is applied to the result., Select, Group-by, Having, Order by, yes, yes, no, yes</td>
<td></td>
<td>1</td>
<td>com.capability.qa.testcases.AddQuestionsPageTest@3632be31</td></tr>
<tr>
<td title='com.capability.qa.testcases.AddQuestionsPageTest.addQuestions()'><b>addQuestions</b><br>Test class: com.capability.qa.testcases.AddQuestionsPageTest<br>Parameters: T-SQL, Simple, Single Choice Question, Functions, Which of the following statement decrypts a symmetric key ?, OPEN SYMMETRIC KEY, DECRYPT SYMMETRIC KEY, CLOSE SYMMETRIC KEY, None of the mentioned, yes, no, no, no</td>
<td></td>
<td>2</td>
<td>com.capability.qa.testcases.AddQuestionsPageTest@3632be31</td></tr>
<tr>
<td title='com.capability.qa.testcases.AddQuestionsPageTest.addQuestions()'><b>addQuestions</b><br>Test class: com.capability.qa.testcases.AddQuestionsPageTest<br>Parameters: T-SQL, Intermediate, Single Choice Question, Functions, RECEIVE service broker statement applies to which of the versions ?, 2000.0, 2005.0, 2008.0, All of these, no, no, no, yes</td>
<td></td>
<td>1</td>
<td>com.capability.qa.testcases.AddQuestionsPageTest@3632be31</td></tr>
<tr>
<td title='com.capability.qa.testcases.AddQuestionsPageTest.addQuestions()'><b>addQuestions</b><br>Test class: com.capability.qa.testcases.AddQuestionsPageTest<br>Parameters: T-SQL, Complex, Multiple Choice Question, Functions, Point out which are not correct statement :, T-SQL is SQL language for SYBASE, GET_TRANSMISSION_STATUS does provide information for messages that do not have a conversation endpoint in the current instance, CREATE USER transfers a securable between schemas, CREATE LOGIN modifies the login details, no, yes, yes, yes</td>
<td></td>
<td>3</td>
<td>com.capability.qa.testcases.AddQuestionsPageTest@3632be31</td></tr>
<tr>
<td title='com.capability.qa.testcases.AddQuestionsPageTest.addQuestions()'><b>addQuestions</b><br>Test class: com.capability.qa.testcases.AddQuestionsPageTest<br>Parameters: POWER BI, Simple, Single Choice Question, Data Sources, How would you add a visual to a Dashboard in Power BI?, Embed, Snap, Stick, Reorder, yes, no, no, no</td>
<td></td>
<td>1</td>
<td>com.capability.qa.testcases.AddQuestionsPageTest@3632be31</td></tr>
<tr>
<td title='com.capability.qa.testcases.AddQuestionsPageTest.addQuestions()'><b>addQuestions</b><br>Test class: com.capability.qa.testcases.AddQuestionsPageTest<br>Parameters: POWER BI, Intermediate, Single Choice Question, Data Sources, Power BI DAX context style is_______?, Row Context, Filter Context, Both Row and Filter Context, None Of these, yes, no, no, no</td>
<td></td>
<td>1</td>
<td>com.capability.qa.testcases.AddQuestionsPageTest@3632be31</td></tr>
<tr>
<td title='com.capability.qa.testcases.AddQuestionsPageTest.addQuestions()'><b>addQuestions</b><br>Test class: com.capability.qa.testcases.AddQuestionsPageTest<br>Parameters: POWER BI, Complex, Multiple Choice Question, Data Sources, Which language(s) can't be utilized when planning a question in Power BI Desktop?, SQL, M, Python, DAX, no, yes, yes, yes</td>
<td></td>
<td>1</td>
<td>com.capability.qa.testcases.AddQuestionsPageTest@3632be31</td></tr>
<tr>
<td title='com.capability.qa.testcases.AddQuestionsPageTest.addQuestions()'><b>addQuestions</b><br>Test class: com.capability.qa.testcases.AddQuestionsPageTest<br>Parameters: PL-SQL, Simple, Single Choice Question, Basic Programming, If left out, which of the following would cause an infinite loop to occur in a simple loop?, Loop, End_loop, If-Then, Exit, no, yes, no, no</td>
<td></td>
<td>1</td>
<td>com.capability.qa.testcases.AddQuestionsPageTest@3632be31</td></tr>
<tr>
<td title='com.capability.qa.testcases.AddQuestionsPageTest.addQuestions()'><b>addQuestions</b><br>Test class: com.capability.qa.testcases.AddQuestionsPageTest<br>Parameters: PL-SQL, Intermediate, Single Choice Question, Basic Programming, The command used to open a CURSOR FOR loop is, open, fetch, Parse, None, cursor for loops handle cursor opening implicitly., no, no, no, yes</td>
<td></td>
<td>1</td>
<td>com.capability.qa.testcases.AddQuestionsPageTest@3632be31</td></tr>
<tr>
<td title='com.capability.qa.testcases.AddQuestionsPageTest.addQuestions()'><b>addQuestions</b><br>Test class: com.capability.qa.testcases.AddQuestionsPageTest<br>Parameters: PL-SQL, Complex, Multiple Choice Question, Basic Programming, What happens when rows are not found using a FETCH statement, It causes the cursor to close, It causes the cursor to open, It loads the current row values into variables, It creates the variables to hold the current row values, yes, no, yes, yes</td>
<td></td>
<td>2</td>
<td>com.capability.qa.testcases.AddQuestionsPageTest@3632be31</td></tr>
<tr>
<td title='com.capability.qa.testcases.AddQuestionsPageTest.addQuestions()'><b>addQuestions</b><br>Test class: com.capability.qa.testcases.AddQuestionsPageTest<br>Parameters: RDBMS, Simple, Single Choice Question, Warehousing, Which of the following are steps in query processing?, Parsing and translation, Optimization, Evaluation, All of the mentioned, no, no, no, yes</td>
<td></td>
<td>1</td>
<td>com.capability.qa.testcases.AddQuestionsPageTest@3632be31</td></tr>
<tr>
<td title='com.capability.qa.testcases.AddQuestionsPageTest.addQuestions()'><b>addQuestions</b><br>Test class: com.capability.qa.testcases.AddQuestionsPageTest<br>Parameters: RDBMS, Intermediate, Single Choice Question, Warehousing, The lowest level operator to access data in query processing is _______, File scan, File manipulation, File handling, File organization, yes, no, no, no</td>
<td></td>
<td>1</td>
<td>com.capability.qa.testcases.AddQuestionsPageTest@3632be31</td></tr>
<tr>
<td title='com.capability.qa.testcases.AddQuestionsPageTest.addQuestions()'><b>addQuestions</b><br>Test class: com.capability.qa.testcases.AddQuestionsPageTest<br>Parameters: RDBMS, Complex, Multiple Choice Question, Warehousing, Search algorithms that use an index are not referred to as _________, Index scans, Search scans, Primary scans, Equality scans, no, yes, yes, yes</td>
<td></td>
<td>1</td>
<td>com.capability.qa.testcases.AddQuestionsPageTest@3632be31</td></tr>
<tr>
<td title='com.capability.qa.testcases.AddQuestionsPageTest.addQuestions()'><b>addQuestions</b><br>Test class: com.capability.qa.testcases.AddQuestionsPageTest<br>Parameters: Retail Domain, Simple, Single Choice Question, Point of Sale, The word Retail is derived from the------ word, Latin, French, English, German, yes, no, no, no</td>
<td></td>
<td>1</td>
<td>com.capability.qa.testcases.AddQuestionsPageTest@3632be31</td></tr>
<tr>
<td title='com.capability.qa.testcases.AddQuestionsPageTest.addQuestions()'><b>addQuestions</b><br>Test class: com.capability.qa.testcases.AddQuestionsPageTest<br>Parameters: Retail Domain, Intermediate, Single Choice Question, Point of Sale, A multi channel retailer sells merchandise, over the telephone, through personal selling and retail store only, over the internet, through more than one channel, no, no, no, yes</td>
<td></td>
<td>1</td>
<td>com.capability.qa.testcases.AddQuestionsPageTest@3632be31</td></tr>
<tr>
<td title='com.capability.qa.testcases.AddQuestionsPageTest.addQuestions()'><b>addQuestions</b><br>Test class: com.capability.qa.testcases.AddQuestionsPageTest<br>Parameters: Retail Domain, Complex, Multiple Choice Question, Point of Sale, Retailer is a person who sells the goods in a---------, large quantities, small quantities, medium, none of these, yes, yes, no, no</td>
<td></td>
<td>1</td>
<td>com.capability.qa.testcases.AddQuestionsPageTest@3632be31</td></tr>
<tr>
<td title='com.capability.qa.testcases.AddQuestionsPageTest.addQuestions()'><b>addQuestions</b><br>Test class: com.capability.qa.testcases.AddQuestionsPageTest<br>Parameters: Cognos, Simple, Single Choice Question, Basics, Which of the following is NOT a usage property in Framework Manager?, Fact, Dimensions, Attribute, Identifier, no, yes, no, no</td>
<td></td>
<td>1</td>
<td>com.capability.qa.testcases.AddQuestionsPageTest@3632be31</td></tr>
<tr>
<td title='com.capability.qa.testcases.AddQuestionsPageTest.addQuestions()'><b>addQuestions</b><br>Test class: com.capability.qa.testcases.AddQuestionsPageTest<br>Parameters: Cognos, Intermediate, Single Choice Question, Basics, In Transformer, alternate drill-down paths / alternate hierarchies must have the a convergence level that is:, Unique, Ordered, Open, Set, yes, no, no, no</td>
<td></td>
<td>1</td>
<td>com.capability.qa.testcases.AddQuestionsPageTest@3632be31</td></tr>
<tr>
<td title='com.capability.qa.testcases.AddQuestionsPageTest.addQuestions()'><b>addQuestions</b><br>Test class: com.capability.qa.testcases.AddQuestionsPageTest<br>Parameters: Cognos, Complex, Multiple Choice Question, Basics, In Report Studio, which of the following is a valid prompt button?, Execute, Back, Cancel, Reprompt, no, yes, yes, yes</td>
<td></td>
<td>1</td>
<td>com.capability.qa.testcases.AddQuestionsPageTest@3632be31</td></tr>
</table><p>
</body>
</html>