<?xml version="1.0" encoding="UTF-8"?>
<!-- Generated by org.testng.reporters.JUnitXMLReporter -->
<testsuite hostname="DESKTOP-KU23G2B" ignored="0" name="Default test" tests="3" failures="0" timestamp="15 Nov 2019 06:46:54 GMT" time="52.514" errors="0">
  <testcase name="LoginPageLOGOTextTest" time="0.077" classname="com.capability.qa.testcases.LoginPageTest"/>
  <testcase name="loginPageTest" time="0.332" classname="com.capability.qa.testcases.LoginPageTest"/>
  <testcase name="loginPageTest" time="0.275" classname="com.capability.qa.testcases.LoginPageTest"/>
</testsuite> <!-- Default test -->
