<?xml version="1.0" encoding="UTF-8"?>
<!-- Generated by org.testng.reporters.JUnitXMLReporter -->
<testsuite hostname="DESKTOP-KU23G2B" ignored="0" name="CapabilityAppsTestReport" tests="7" failures="0" timestamp="15 Nov 2019 12:41:32 GMT" time="146.167" errors="0">
  <testcase name="WelcomePageLOGOTextTest" time="0.065" classname="com.capability.qa.testcases.WelcomePageTest"/>
  <testcase name="WelcomePageTitleTest" time="0.014" classname="com.capability.qa.testcases.WelcomePageTest"/>
  <testcase name="loginPageLOGOTextTest" time="0.047" classname="com.capability.qa.testcases.LoginPageTest"/>
  <testcase name="loginPageTest" time="0.238" classname="com.capability.qa.testcases.LoginPageTest"/>
  <testcase name="loginPageTest" time="0.28" classname="com.capability.qa.testcases.LoginPageTest"/>
  <testcase name="dashBoardPageLOGOTextTest" time="0.365" classname="com.capability.qa.testcases.DashBoardPageTest"/>
  <testcase name="dev2TopicPageLOGOTextTest" time="0.038" classname="com.capability.qa.testcases.Dev2TopicPageTest"/>
</testsuite> <!-- CapabilityAppsTestReport -->
