<?xml version="1.0" encoding="UTF-8"?>
<!-- Generated by org.testng.reporters.JUnitXMLReporter -->
<testsuite hostname="DESKTOP-KU23G2B" ignored="0" name="CapabilityAppsTestReport" tests="7" failures="0" timestamp="18 Nov 2019 09:24:20 GMT" time="112.658" errors="0">
  <testcase name="WelcomePageLOGOTextTest" time="0.089" classname="com.capability.qa.testcases.WelcomePageTest"/>
  <testcase name="WelcomePageTitleTest" time="0.012" classname="com.capability.qa.testcases.WelcomePageTest"/>
  <testcase name="loginPageLOGOTextTest" time="0.051" classname="com.capability.qa.testcases.LoginPageTest"/>
  <testcase name="loginPageTest" time="0.246" classname="com.capability.qa.testcases.LoginPageTest"/>
  <testcase name="loginPageTest" time="0.294" classname="com.capability.qa.testcases.LoginPageTest"/>
  <testcase name="dashBoardPageLOGOTextTest" time="3.408" classname="com.capability.qa.testcases.DashBoardPageTest"/>
  <testcase name="javaTopicPageTest" time="0.044" classname="com.capability.qa.testcases.JavaTopicPageTest"/>
</testsuite> <!-- CapabilityAppsTestReport -->
