<?xml version="1.0" encoding="UTF-8"?>
<!-- Generated by org.testng.reporters.JUnitXMLReporter -->
<testsuite hostname="DESKTOP-KU23G2B" ignored="0" name="Test" tests="4" failures="0" timestamp="14 Nov 2019 11:59:47 GMT" time="79.895" errors="0">
  <testcase name="LoginPageLOGOTextTest" time="0.067" classname="com.capability.qa.testcases.LoginPageTest"/>
  <testcase name="loginPageTest" time="0.245" classname="com.capability.qa.testcases.LoginPageTest"/>
  <testcase name="WelcomePageLOGOTextTest" time="0.047" classname="com.capability.qa.testcases.WelcomePageTest"/>
  <testcase name="WelcomePageTitleTest" time="0.011" classname="com.capability.qa.testcases.WelcomePageTest"/>
</testsuite> <!-- Test -->
